New log file opened at Thu Aug 20 09:39:02 BST 2015 by 629@joannes-mbp.lan
Sending msg to client activator-341bbf76-bd5b-4ea9-98b8-33db8d705fa8: DetachedLogEvent(LogMessage(debug,sbt server socket logs are in: /Users/Jo/repos/play-silhouette-slick-seed/.sbtserver/connections/master.log))
Sending msg to client activator-341bbf76-bd5b-4ea9-98b8-33db8d705fa8: DetachedLogEvent(LogMessage(debug,sbt client logs are in: /Users/Jo/repos/play-silhouette-slick-seed/.sbtserver/connections/activator-341bbf76-bd5b-4ea9-98b8-33db8d705fa8.log))
Sending msg to client activator-341bbf76-bd5b-4ea9-98b8-33db8d705fa8: DetachedLogEvent(LogMessage(debug,sbt general server logs are in: /Users/Jo/repos/play-silhouette-slick-seed/.sbtserver/master.log))
Reading next message from client.
Got request: ListenToEvents()
Reading next message from client.
Sending msg to client activator-341bbf76-bd5b-4ea9-98b8-33db8d705fa8: BackgroundJobStarted(5,BackgroundJobInfo(1,backgroundRun,AttributeKey[sbt.BackgroundJobHandle]("backgroundRun") in Scope(Build: file:/Users/Jo/repos/play-silhouette-slick-seed/, , Project: ProjectReference(file:/Users/Jo/repos/play-silhouette-slick-seed/,root), Config: compile)))
Got request: ListenToBuildChange()
Reading next message from client.
Sending msg to client activator-341bbf76-bd5b-4ea9-98b8-33db8d705fa8: (3,ReceivedResponse())
Got request: SendSyntheticBuildChanged()
Reading next message from client.
Sending msg to client activator-341bbf76-bd5b-4ea9-98b8-33db8d705fa8: (4,ReceivedResponse())
Got request: KeyLookupRequest(discoveredMainClasses)
Reading next message from client.
Got request: KeyLookupRequest(mainClass)
Reading next message from client.
Sending msg to client activator-341bbf76-bd5b-4ea9-98b8-33db8d705fa8: BuildStructureChanged(MinimalBuildStructure(Vector(file:/Users/Jo/repos/play-silhouette-slick-seed/),Vector(BuildData(file:/Users/Jo/repos/play-silhouette-slick-seed/,Vector(/Users/Jo/repos/play-silhouette-slick-seed/project/target/scala-2.10/sbt-0.13/classes, /Users/Jo/.ivy2/cache/scala_2.10/sbt_0.13/com.typesafe.play/sbt-fork-run-plugin/jars/sbt-fork-run-plugin-2.4.2.jar, /Users/Jo/.ivy2/cache/com.typesafe.play/sbt-fork-run-protocol_2.10/jars/sbt-fork-run-protocol_2.10-2.4.2.jar, /Users/Jo/.sbt/boot/scala-2.10.4/lib/scala-library.jar, /Users/Jo/.ivy2/cache/com.typesafe.play/sbt-run-support_2.10/jars/sbt-run-support_2.10-2.4.2.jar, /Users/Jo/.ivy2/cache/com.typesafe.play/build-link/jars/build-link-2.4.2.jar, /Users/Jo/.ivy2/cache/com.typesafe.play/play-exceptions/jars/play-exceptions-2.4.2.jar, /Users/Jo/lib/activator-dist-1.3.5/repository/org.javassist/javassist/3.19.0-GA/bundles/javassist.jar, /Users/Jo/.ivy2/cache/com.typesafe.sbtrc/client-2-10/jars/client-2-10-0.3.1.jar, /Users/Jo/.sbt/boot/scala-2.10.4/lib/scala-reflect.jar, /Users/Jo/.ivy2/cache/org.scala-sbt/serialization_2.10/jars/serialization_2.10-0.1.0.jar, /Users/Jo/.ivy2/cache/org.scala-lang.modules/scala-pickling_2.10/jars/scala-pickling_2.10-0.10.0.jar, /Users/Jo/.sbt/boot/scala-2.10.4/lib/scala-compiler.jar, /Users/Jo/.ivy2/cache/org.scalamacros/quasiquotes_2.10/jars/quasiquotes_2.10-2.0.1.jar, /Users/Jo/.ivy2/cache/org.json4s/json4s-core_2.10/jars/json4s-core_2.10-3.2.10.jar, /Users/Jo/.ivy2/cache/org.json4s/json4s-ast_2.10/jars/json4s-ast_2.10-3.2.10.jar, /Users/Jo/.ivy2/cache/com.thoughtworks.paranamer/paranamer/jars/paranamer-2.6.jar, /Users/Jo/.ivy2/cache/org.spire-math/jawn-parser_2.10/jars/jawn-parser_2.10-0.6.0.jar, /Users/Jo/.ivy2/cache/org.spire-math/json4s-support_2.10/jars/json4s-support_2.10-0.6.0.jar, /Users/Jo/.ivy2/cache/org.scala-sbt/launcher-interface/jars/launcher-interface-0.13.8-M3.jar, /Users/Jo/.ivy2/cache/org.scala-sbt/interface/jars/interface-0.13.8-M3.jar, /Users/Jo/.ivy2/cache/org.scala-sbt/io/jars/io-0.13.8-M3.jar, /Users/Jo/.ivy2/cache/org.scala-sbt/control/jars/control-0.13.8-M3.jar, /Users/Jo/.ivy2/cache/org.scala-sbt/collections/jars/collections-0.13.8-M3.jar, /Users/Jo/.ivy2/cache/scala_2.10/sbt_0.13/com.typesafe.play/sbt-plugin/jars/sbt-plugin-2.4.2.jar, /Users/Jo/.ivy2/cache/com.typesafe.play/routes-compiler_2.10/jars/routes-compiler_2.10-2.4.2.jar, /Users/Jo/lib/activator-dist-1.3.5/repository/com.typesafe.play/twirl-api_2.10/1.1.1/jars/twirl-api_2.10.jar, /Users/Jo/lib/activator-dist-1.3.5/repository/org.apache.commons/commons-lang3/3.4/jars/commons-lang3.jar, /Users/Jo/.ivy2/cache/commons-io/commons-io/jars/commons-io-2.4.jar, /Users/Jo/lib/activator-dist-1.3.5/repository/com.typesafe/config/1.3.0/bundles/config.jar, /Users/Jo/lib/activator-dist-1.3.5/repository/com.google.guava/guava/18.0/bundles/guava.jar, /Users/Jo/lib/activator-dist-1.3.5/repository/com.h2database/h2/1.4.187/jars/h2.jar, /Users/Jo/.ivy2/cache/net.contentobjects.jnotify/jnotify/jars/jnotify-0.94-play-1.jar, /Users/Jo/.ivy2/cache/scala_2.10/sbt_0.13/com.typesafe.sbt/sbt-twirl/jars/sbt-twirl-1.1.1.jar, /Users/Jo/lib/activator-dist-1.3.5/repository/com.typesafe.play/twirl-compiler_2.10/1.1.1/jars/twirl-compiler_2.10.jar, /Users/Jo/lib/activator-dist-1.3.5/repository/com.typesafe.play/twirl-parser_2.10/1.1.1/jars/twirl-parser_2.10.jar, /Users/Jo/.ivy2/cache/scala_2.10/sbt_0.13/com.typesafe.sbt/sbt-native-packager/jars/sbt-native-packager-1.0.1.jar, /Users/Jo/.ivy2/cache/org.vafer/jdeb/jars/jdeb-1.3.jar, /Users/Jo/.ivy2/cache/org.apache.maven/maven-core/jars/maven-core-3.2.2.jar, /Users/Jo/.ivy2/cache/org.apache.maven/maven-model/jars/maven-model-3.2.2.jar, /Users/Jo/.ivy2/cache/org.codehaus.plexus/plexus-utils/jars/plexus-utils-3.0.17.jar, /Users/Jo/.ivy2/cache/org.apache.maven/maven-settings/jars/maven-settings-3.2.2.jar, /Users/Jo/.ivy2/cache/org.apache.maven/maven-settings-builder/jars/maven-settings-builder-3.2.2.jar, /Users/Jo/.ivy2/cache/org.codehaus.plexus/plexus-interpolation/jars/plexus-interpolation-1.19.jar, /Users/Jo/.ivy2/cache/org.codehaus.plexus/plexus-component-annotations/jars/plexus-component-annotations-1.5.5.jar, /Users/Jo/.ivy2/cache/org.sonatype.plexus/plexus-sec-dispatcher/jars/plexus-sec-dispatcher-1.3.jar, /Users/Jo/.ivy2/cache/org.sonatype.plexus/plexus-cipher/jars/plexus-cipher-1.7.jar, /Users/Jo/.ivy2/cache/org.apache.maven/maven-repository-metadata/jars/maven-repository-metadata-3.2.2.jar, /Users/Jo/.ivy2/cache/org.apache.maven/maven-artifact/jars/maven-artifact-3.2.2.jar, /Users/Jo/.ivy2/cache/org.apache.maven/maven-plugin-api/jars/maven-plugin-api-3.2.2.jar, /Users/Jo/.ivy2/cache/org.eclipse.sisu/org.eclipse.sisu.plexus/eclipse-plugins/org.eclipse.sisu.plexus-0.0.0.M5.jar, /Users/Jo/.ivy2/cache/javax.enterprise/cdi-api/jars/cdi-api-1.0.jar, /Users/Jo/.ivy2/cache/javax.annotation/jsr250-api/jars/jsr250-api-1.0.jar, /Users/Jo/.ivy2/cache/javax.inject/javax.inject/jars/javax.inject-1.jar, /Users/Jo/.ivy2/cache/org.sonatype.sisu/sisu-guice/jars/sisu-guice-3.1.3-no_aop.jar, /Users/Jo/.ivy2/cache/aopalliance/aopalliance/jars/aopalliance-1.0.jar, /Users/Jo/.ivy2/cache/org.eclipse.sisu/org.eclipse.sisu.inject/eclipse-plugins/org.eclipse.sisu.inject-0.0.0.M5.jar, /Users/Jo/.ivy2/cache/org.codehaus.plexus/plexus-classworlds/bundles/plexus-classworlds-2.5.1.jar, /Users/Jo/.ivy2/cache/org.apache.maven/maven-model-builder/jars/maven-model-builder-3.2.2.jar, /Users/Jo/.ivy2/cache/org.apache.maven/maven-aether-provider/jars/maven-aether-provider-3.2.2.jar, /Users/Jo/.ivy2/cache/org.eclipse.aether/aether-api/jars/aether-api-0.9.0.M2.jar, /Users/Jo/.ivy2/cache/org.eclipse.aether/aether-spi/jars/aether-spi-0.9.0.M2.jar, /Users/Jo/.ivy2/cache/org.eclipse.aether/aether-util/jars/aether-util-0.9.0.M2.jar, /Users/Jo/.ivy2/cache/org.eclipse.aether/aether-impl/jars/aether-impl-0.9.0.M2.jar, /Users/Jo/.ivy2/cache/org.apache.ant/ant/jars/ant-1.9.3.jar, /Users/Jo/.ivy2/cache/org.apache.ant/ant-launcher/jars/ant-launcher-1.9.3.jar, /Users/Jo/.ivy2/cache/org.bouncycastle/bcpg-jdk15on/jars/bcpg-jdk15on-1.51.jar, /Users/Jo/.ivy2/cache/org.bouncycastle/bcprov-jdk15on/jars/bcprov-jdk15on-1.51.jar, /Users/Jo/.ivy2/cache/scala_2.10/sbt_0.13/com.typesafe.sbt/sbt-web/jars/sbt-web-1.2.2.jar, /Users/Jo/.ivy2/cache/org.webjars/webjars-locator/jars/webjars-locator-0.26.jar, /Users/Jo/.ivy2/cache/org.webjars/webjars-locator-core/jars/webjars-locator-core-0.26.jar, /Users/Jo/.ivy2/cache/org.apache.commons/commons-compress/jars/commons-compress-1.9.jar, /Users/Jo/.ivy2/cache/com.fasterxml.jackson.core/jackson-databind/bundles/jackson-databind-2.3.3.jar, /Users/Jo/.ivy2/cache/com.fasterxml.jackson.core/jackson-annotations/bundles/jackson-annotations-2.3.0.jar, /Users/Jo/.ivy2/cache/com.fasterxml.jackson.core/jackson-core/bundles/jackson-core-2.3.3.jar, /Users/Jo/.ivy2/cache/scala_2.10/sbt_0.13/com.typesafe.sbt/sbt-js-engine/jars/sbt-js-engine-1.1.3.jar, /Users/Jo/.ivy2/cache/com.typesafe/jse_2.10/jars/jse_2.10-1.1.2.jar, /Users/Jo/.ivy2/cache/com.typesafe.akka/akka-actor_2.10/jars/akka-actor_2.10-2.3.11.jar, /Users/Jo/.ivy2/cache/com.typesafe.akka/akka-contrib_2.10/jars/akka-contrib_2.10-2.3.11.jar, /Users/Jo/.ivy2/cache/com.typesafe.akka/akka-remote_2.10/jars/akka-remote_2.10-2.3.11.jar, /Users/Jo/.ivy2/cache/io.netty/netty/bundles/netty-3.8.0.Final.jar, /Users/Jo/.ivy2/cache/com.google.protobuf/protobuf-java/bundles/protobuf-java-2.5.0.jar, /Users/Jo/.ivy2/cache/org.uncommons.maths/uncommons-maths/jars/uncommons-maths-1.2.2a.jar, /Users/Jo/.ivy2/cache/com.typesafe.akka/akka-cluster_2.10/jars/akka-cluster_2.10-2.3.11.jar, /Users/Jo/.ivy2/cache/com.typesafe.akka/akka-persistence-experimental_2.10/jars/akka-persistence-experimental_2.10-2.3.11.jar, /Users/Jo/.ivy2/cache/org.iq80.leveldb/leveldb/jars/leveldb-0.5.jar, /Users/Jo/.ivy2/cache/org.iq80.leveldb/leveldb-api/jars/leveldb-api-0.5.jar, /Users/Jo/.ivy2/cache/org.fusesource.leveldbjni/leveldbjni-all/bundles/leveldbjni-all-1.7.jar, /Users/Jo/.ivy2/cache/org.fusesource.leveldbjni/leveldbjni/jars/leveldbjni-1.7.jar, /Users/Jo/.ivy2/cache/org.fusesource.hawtjni/hawtjni-runtime/jars/hawtjni-runtime-1.8.jar, /Users/Jo/.ivy2/cache/org.fusesource.leveldbjni/leveldbjni-osx/jars/leveldbjni-osx-1.5.jar, /Users/Jo/.ivy2/cache/org.fusesource.leveldbjni/leveldbjni-linux32/jars/leveldbjni-linux32-1.5.jar, /Users/Jo/.ivy2/cache/org.fusesource.leveldbjni/leveldbjni-linux64/jars/leveldbjni-linux64-1.5.jar, /Users/Jo/.ivy2/cache/org.fusesource.leveldbjni/leveldbjni-win32/jars/leveldbjni-win32-1.5.jar, /Users/Jo/.ivy2/cache/org.fusesource.leveldbjni/leveldbjni-win64/jars/leveldbjni-win64-1.5.jar, /Users/Jo/lib/activator-dist-1.3.5/repository/io.apigee.trireme/trireme-core/0.8.5/jars/trireme-core.jar, /Users/Jo/lib/activator-dist-1.3.5/repository/io.apigee/rhino/1.7R5pre4/jars/rhino.jar, /Users/Jo/lib/activator-dist-1.3.5/repository/io.apigee.trireme/trireme-node10src/0.8.5/jars/trireme-node10src.jar, /Users/Jo/lib/activator-dist-1.3.5/repository/io.spray/spray-json_2.10/1.3.2/bundles/spray-json_2.10.jar, /Users/Jo/lib/activator-dist-1.3.5/repository/org.slf4j/slf4j-simple/1.7.12/jars/slf4j-simple.jar, /Users/Jo/lib/activator-dist-1.3.5/repository/org.slf4j/slf4j-api/1.7.12/jars/slf4j-api.jar, /Users/Jo/.ivy2/cache/com.typesafe/npm_2.10/jars/npm_2.10-1.1.1.jar, /Users/Jo/.ivy2/cache/org.webjars/npm/jars/npm-2.11.2.jar, /Users/Jo/.ivy2/cache/scala_2.10/sbt_0.13/org.scala-sbt/sbt-core-next/jars/sbt-core-next-0.1.1.jar, /Users/Jo/.ivy2/cache/org.scala-sbt/core-next_2.10/jars/core-next_2.10-0.1.1.jar, /Users/Jo/.ivy2/cache/scala_2.10/sbt_0.13/com.typesafe.sbt/sbt-scalariform/jars/sbt-scalariform-1.3.0.jar, /Users/Jo/.ivy2/cache/org.scalariform/scalariform_2.10/jars/scalariform_2.10-0.1.4.jar, /Users/Jo/.sbt/boot/scala-2.10.4/com.typesafe.sbtrc/server-0-13/0.3.5/actions-0.13.8.jar, /Users/Jo/.sbt/boot/scala-2.10.4/com.typesafe.sbtrc/server-0-13/0.3.5/api-0.13.8.jar, /Users/Jo/.sbt/boot/scala-2.10.4/com.typesafe.sbtrc/server-0-13/0.3.5/apply-macro-0.13.8.jar, /Users/Jo/.sbt/boot/scala-2.10.4/com.typesafe.sbtrc/server-0-13/0.3.5/cache-0.13.8.jar, /Users/Jo/.sbt/boot/scala-2.10.4/com.typesafe.sbtrc/server-0-13/0.3.5/classfile-0.13.8.jar, /Users/Jo/.sbt/boot/scala-2.10.4/com.typesafe.sbtrc/server-0-13/0.3.5/classpath-0.13.8.jar, /Users/Jo/.sbt/boot/scala-2.10.4/com.typesafe.sbtrc/server-0-13/0.3.5/collections-0.13.8.jar, /Users/Jo/.sbt/boot/scala-2.10.4/com.typesafe.sbtrc/server-0-13/0.3.5/command-0.13.8.jar, /Users/Jo/.sbt/boot/scala-2.10.4/com.typesafe.sbtrc/server-0-13/0.3.5/compile-0.13.8.jar, /Users/Jo/.sbt/boot/scala-2.10.4/com.typesafe.sbtrc/server-0-13/0.3.5/compiler-integration-0.13.8.jar, /Users/Jo/.sbt/boot/scala-2.10.4/com.typesafe.sbtrc/server-0-13/0.3.5/compiler-ivy-integration-0.13.8.jar, /Users/Jo/.sbt/boot/scala-2.10.4/com.typesafe.sbtrc/server-0-13/0.3.5/completion-0.13.8.jar, /Users/Jo/.sbt/boot/scala-2.10.4/com.typesafe.sbtrc/server-0-13/0.3.5/control-0.13.8.jar, /Users/Jo/.sbt/boot/scala-2.10.4/com.typesafe.sbtrc/server-0-13/0.3.5/core-next_2.10-0.1.1.jar, /Users/Jo/.sbt/boot/scala-2.10.4/com.typesafe.sbtrc/server-0-13/0.3.5/cross-0.13.8.jar, /Users/Jo/.sbt/boot/scala-2.10.4/com.typesafe.sbtrc/server-0-13/0.3.5/incremental-compiler-0.13.8.jar, /Users/Jo/.sbt/boot/scala-2.10.4/com.typesafe.sbtrc/server-0-13/0.3.5/io-0.13.8.jar, /Users/Jo/.sbt/boot/scala-2.10.4/com.typesafe.sbtrc/server-0-13/0.3.5/ivy-0.13.8.jar, /Users/Jo/.sbt/boot/scala-2.10.4/com.typesafe.sbtrc/server-0-13/0.3.5/ivy-2.3.0-sbt-fccfbd44c9f64523b61398a0155784dcbaeae28f.jar, /Users/Jo/.sbt/boot/scala-2.10.4/com.typesafe.sbtrc/server-0-13/0.3.5/jawn-parser_2.10-0.6.0.jar, /Users/Jo/.sbt/boot/scala-2.10.4/com.typesafe.sbtrc/server-0-13/0.3.5/jline-2.11.jar, /Users/Jo/.sbt/boot/scala-2.10.4/com.typesafe.sbtrc/server-0-13/0.3.5/jsch-0.1.46.jar, /Users/Jo/.sbt/boot/scala-2.10.4/com.typesafe.sbtrc/server-0-13/0.3.5/json4s-ast_2.10-3.2.10.jar, /Users/Jo/.sbt/boot/scala-2.10.4/com.typesafe.sbtrc/server-0-13/0.3.5/json4s-core_2.10-3.2.10.jar, /Users/Jo/.sbt/boot/scala-2.10.4/com.typesafe.sbtrc/server-0-13/0.3.5/json4s-support_2.10-0.6.0.jar, /Users/Jo/.sbt/boot/scala-2.10.4/com.typesafe.sbtrc/server-0-13/0.3.5/launcher-interface-0.13.8.jar, /Users/Jo/.sbt/boot/scala-2.10.4/com.typesafe.sbtrc/server-0-13/0.3.5/logging-0.13.8.jar, /Users/Jo/.sbt/boot/scala-2.10.4/com.typesafe.sbtrc/server-0-13/0.3.5/logic-0.13.8.jar, /Users/Jo/.sbt/boot/scala-2.10.4/com.typesafe.sbtrc/server-0-13/0.3.5/main-0.13.8.jar, /Users/Jo/.sbt/boot/scala-2.10.4/com.typesafe.sbtrc/server-0-13/0.3.5/main-settings-0.13.8.jar, /Users/Jo/.sbt/boot/scala-2.10.4/com.typesafe.sbtrc/server-0-13/0.3.5/paranamer-2.6.jar, /Users/Jo/.sbt/boot/scala-2.10.4/com.typesafe.sbtrc/server-0-13/0.3.5/persist-0.13.8.jar, /Users/Jo/.sbt/boot/scala-2.10.4/com.typesafe.sbtrc/server-0-13/0.3.5/process-0.13.8.jar, /Users/Jo/.sbt/boot/scala-2.10.4/com.typesafe.sbtrc/server-0-13/0.3.5/quasiquotes_2.10-2.0.1.jar, /Users/Jo/.sbt/boot/scala-2.10.4/com.typesafe.sbtrc/server-0-13/0.3.5/relation-0.13.8.jar, /Users/Jo/.sbt/boot/scala-2.10.4/com.typesafe.sbtrc/server-0-13/0.3.5/run-0.13.8.jar, /Users/Jo/.sbt/boot/scala-2.10.4/com.typesafe.sbtrc/server-0-13/0.3.5/sbinary_2.10-0.4.2.jar, /Users/Jo/.sbt/boot/scala-2.10.4/com.typesafe.sbtrc/server-0-13/0.3.5/sbt-0.13.8.jar, /Users/Jo/.sbt/boot/scala-2.10.4/com.typesafe.sbtrc/server-0-13/0.3.5/scala-pickling_2.10-0.10.0.jar, /Users/Jo/.sbt/boot/scala-2.10.4/com.typesafe.sbtrc/server-0-13/0.3.5/scala-reflect-2.10.4.jar, /Users/Jo/.sbt/boot/scala-2.10.4/com.typesafe.sbtrc/server-0-13/0.3.5/serialization_2.10-0.1.1.jar, /Users/Jo/.sbt/boot/scala-2.10.4/com.typesafe.sbtrc/server-0-13/0.3.5/server-0-13-0.3.5.jar, /Users/Jo/.sbt/boot/scala-2.10.4/com.typesafe.sbtrc/server-0-13/0.3.5/task-system-0.13.8.jar, /Users/Jo/.sbt/boot/scala-2.10.4/com.typesafe.sbtrc/server-0-13/0.3.5/tasks-0.13.8.jar, /Users/Jo/.sbt/boot/scala-2.10.4/com.typesafe.sbtrc/server-0-13/0.3.5/test-agent-0.13.8.jar, /Users/Jo/.sbt/boot/scala-2.10.4/com.typesafe.sbtrc/server-0-13/0.3.5/test-interface-1.0.jar, /Users/Jo/.sbt/boot/scala-2.10.4/com.typesafe.sbtrc/server-0-13/0.3.5/testing-0.13.8.jar, /Users/Jo/.sbt/boot/scala-2.10.4/com.typesafe.sbtrc/server-0-13/0.3.5/tracking-0.13.8.jar, /Users/Jo/.sbt/boot/scala-2.10.4/com.typesafe.sbtrc/server-0-13/0.3.5/xsbti/interface-0.13.8.jar, /Users/Jo/.sbt/boot/scala-2.10.4/lib/jansi.jar, /Users/Jo/.sbt/boot/scala-2.10.4/lib/jline.jar, /Users/Jo/repos/play-silhouette-slick-seed/project/target/config-classes),Vector(import sbt._, Keys._, dsl._, import _root_.com.typesafe.sbt.SbtScalariform._, import _root_.play.sbt.forkrun.PlayForkRun.autoImport._, _root_.play.sbt.Play.autoImport._, _root_.play.sbt.routes.RoutesCompiler.autoImport._, _root_.play.twirl.sbt.SbtTwirl.autoImport._, _root_.com.typesafe.sbt.SbtNativePackager.autoImport._, _root_.com.typesafe.sbt.packager.archetypes.JavaAppPackaging.autoImport._, _root_.com.typesafe.sbt.packager.archetypes.jar.ClasspathJarPlugin.autoImport._, _root_.com.typesafe.sbt.packager.archetypes.jar.LauncherJarPlugin.autoImport._, _root_.com.typesafe.sbt.packager.debian.DebianPlugin.autoImport._, _root_.com.typesafe.sbt.packager.docker.DockerPlugin.autoImport._, _root_.com.typesafe.sbt.packager.jdkpackager.JDKPackagerPlugin.autoImport._, _root_.com.typesafe.sbt.packager.linux.LinuxPlugin.autoImport._, _root_.com.typesafe.sbt.packager.rpm.RpmPlugin.autoImport._, _root_.com.typesafe.sbt.packager.universal.UniversalPlugin.autoImport._, _root_.com.typesafe.sbt.packager.windows.WindowsPlugin.autoImport._, _root_.com.typesafe.sbt.web.SbtWeb.autoImport._, _root_.com.typesafe.sbt.jse.SbtJsEngine.autoImport._, _root_.com.typesafe.sbt.jse.SbtJsTask.autoImport._, import _root_.sbt.plugins.IvyPlugin, _root_.sbt.plugins.JvmPlugin, _root_.sbt.plugins.CorePlugin, _root_.sbt.plugins.JUnitXmlReportPlugin, _root_.play.sbt.forkrun.PlayForkRun, _root_.play.sbt.Play, _root_.play.sbt.PlayAkkaHttpServer, _root_.play.sbt.PlayJava, _root_.play.sbt.PlayLayoutPlugin, _root_.play.sbt.PlayNettyServer, _root_.play.sbt.PlayScala, _root_.play.sbt.routes.RoutesCompiler, _root_.play.twirl.sbt.SbtTwirl, _root_.com.typesafe.sbt.SbtNativePackager, _root_.com.typesafe.sbt.packager.archetypes.AkkaAppPackaging, _root_.com.typesafe.sbt.packager.archetypes.JavaAppPackaging, _root_.com.typesafe.sbt.packager.archetypes.JavaServerAppPackaging, _root_.com.typesafe.sbt.packager.archetypes.jar.ClasspathJarPlugin, _root_.com.typesafe.sbt.packager.archetypes.jar.LauncherJarPlugin, _root_.com.typesafe.sbt.packager.debian.DebianDeployPlugin, _root_.com.typesafe.sbt.packager.debian.DebianPlugin, _root_.com.typesafe.sbt.packager.debian.JDebPackaging, _root_.com.typesafe.sbt.packager.docker.DockerPlugin, _root_.com.typesafe.sbt.packager.jdkpackager.JDKPackagerDeployPlugin, _root_.com.typesafe.sbt.packager.jdkpackager.JDKPackagerPlugin, _root_.com.typesafe.sbt.packager.linux.LinuxPlugin, _root_.com.typesafe.sbt.packager.rpm.RpmDeployPlugin, _root_.com.typesafe.sbt.packager.rpm.RpmPlugin, _root_.com.typesafe.sbt.packager.universal.UniversalDeployPlugin, _root_.com.typesafe.sbt.packager.universal.UniversalPlugin, _root_.com.typesafe.sbt.packager.windows.WindowsDeployPlugin, _root_.com.typesafe.sbt.packager.windows.WindowsPlugin, _root_.com.typesafe.sbt.web.SbtWeb, _root_.com.typesafe.sbt.jse.SbtJsEngine, _root_.com.typesafe.sbt.jse.SbtJsTask, _root_.sbt.plugins.BackgroundRunPlugin, _root_.sbt.plugins.InteractionServicePlugin, _root_.sbt.plugins.SendEventServicePlugin, _root_.sbt.plugins.SerializersPlugin, import $19447ddc1d642a80bc64.root))),Vector(MinimalProjectStructure(ProjectReference(file:/Users/Jo/repos/play-silhouette-slick-seed/,root),Vector(sbt.plugins.CorePlugin, com.typesafe.sbt.SbtNativePackager, sbt.plugins.InteractionServicePlugin, sbt.plugins.SendEventServicePlugin, sbt.plugins.SerializersPlugin, sbt.plugins.IvyPlugin, com.typesafe.sbt.packager.universal.UniversalPlugin, sbt.plugins.JvmPlugin, com.typesafe.sbt.packager.windows.WindowsPlugin, com.typesafe.sbt.packager.docker.DockerPlugin, com.typesafe.sbt.packager.linux.LinuxPlugin, play.twirl.sbt.SbtTwirl, play.sbt.routes.RoutesCompiler, sbt.plugins.BackgroundRunPlugin, sbt.plugins.JUnitXmlReportPlugin, com.typesafe.sbt.packager.rpm.RpmPlugin, com.typesafe.sbt.web.SbtWeb, com.typesafe.sbt.packager.debian.DebianPlugin, com.typesafe.sbt.jse.SbtJsEngine, com.typesafe.sbt.packager.archetypes.JavaAppPackaging, com.typesafe.sbt.packager.archetypes.JavaServerAppPackaging, com.typesafe.sbt.jse.SbtJsTask, play.sbt.Play, play.sbt.PlayScala, play.sbt.PlayNettyServer, play.sbt.PlayLayoutPlugin, play.sbt.forkrun.PlayForkRun),Some(ProjectDependencies(List(),List()))))))
Sending msg to client activator-341bbf76-bd5b-4ea9-98b8-33db8d705fa8: (6,KeyLookupResponse(discoveredMainClasses,Vector(AttributeKey[scala.collection.Seq[java.lang.String]]("discoveredMainClasses") in Scope(Build: file:/Users/Jo/repos/play-silhouette-slick-seed/, , Project: ProjectReference(file:/Users/Jo/repos/play-silhouette-slick-seed/,root), Config: compile))))
Got request: KeyLookupRequest(discoveredMainClasses)
Reading next message from client.
Got request: KeyLookupRequest(mainClass)
Reading next message from client.
Sending msg to client activator-341bbf76-bd5b-4ea9-98b8-33db8d705fa8: (7,KeyLookupResponse(mainClass,Vector(AttributeKey[scala.Option[java.lang.String]]("mainClass") in Scope(Build: file:/Users/Jo/repos/play-silhouette-slick-seed/, , Project: ProjectReference(file:/Users/Jo/repos/play-silhouette-slick-seed/,root), Config: compile))))
Got request: ListenToValue(AttributeKey[scala.collection.Seq[java.lang.String]]("discoveredMainClasses") in Scope(Build: file:/Users/Jo/repos/play-silhouette-slick-seed/, , Project: ProjectReference(file:/Users/Jo/repos/play-silhouette-slick-seed/,root), Config: compile))
Reading next message from client.
Got request: SendSyntheticValueChanged(AttributeKey[scala.collection.Seq[java.lang.String]]("discoveredMainClasses") in Scope(Build: file:/Users/Jo/repos/play-silhouette-slick-seed/, , Project: ProjectReference(file:/Users/Jo/repos/play-silhouette-slick-seed/,root), Config: compile))
Reading next message from client.
Got request: ListenToValue(AttributeKey[scala.Option[java.lang.String]]("mainClass") in Scope(Build: file:/Users/Jo/repos/play-silhouette-slick-seed/, , Project: ProjectReference(file:/Users/Jo/repos/play-silhouette-slick-seed/,root), Config: compile))
Reading next message from client.
Got request: SendSyntheticValueChanged(AttributeKey[scala.Option[java.lang.String]]("mainClass") in Scope(Build: file:/Users/Jo/repos/play-silhouette-slick-seed/, , Project: ProjectReference(file:/Users/Jo/repos/play-silhouette-slick-seed/,root), Config: compile))
Reading next message from client.
Sending msg to client activator-341bbf76-bd5b-4ea9-98b8-33db8d705fa8: (8,KeyLookupResponse(discoveredMainClasses,Vector(AttributeKey[scala.collection.Seq[java.lang.String]]("discoveredMainClasses") in Scope(Build: file:/Users/Jo/repos/play-silhouette-slick-seed/, , Project: ProjectReference(file:/Users/Jo/repos/play-silhouette-slick-seed/,root), Config: compile))))
Sending msg to client activator-341bbf76-bd5b-4ea9-98b8-33db8d705fa8: (9,KeyLookupResponse(mainClass,Vector(AttributeKey[scala.Option[java.lang.String]]("mainClass") in Scope(Build: file:/Users/Jo/repos/play-silhouette-slick-seed/, , Project: ProjectReference(file:/Users/Jo/repos/play-silhouette-slick-seed/,root), Config: compile))))
Sending msg to client activator-341bbf76-bd5b-4ea9-98b8-33db8d705fa8: (10,ReceivedResponse())
Sending msg to client activator-341bbf76-bd5b-4ea9-98b8-33db8d705fa8: ExecutionWaiting(9,{file:/Users/Jo/repos/play-silhouette-slick-seed/}root/compile:discoveredMainClasses,ClientInfo(341bbf76-bd5b-4ea9-98b8-33db8d705fa8,activator,Activator,3,Vector()))
Sending msg to client activator-341bbf76-bd5b-4ea9-98b8-33db8d705fa8: (11,ReceivedResponse())
Sending msg to client activator-341bbf76-bd5b-4ea9-98b8-33db8d705fa8: (12,ReceivedResponse())
Sending msg to client activator-341bbf76-bd5b-4ea9-98b8-33db8d705fa8: ExecutionStarting(9)
Sending msg to client activator-341bbf76-bd5b-4ea9-98b8-33db8d705fa8: DetachedLogEvent(LogMessage(debug,> {file:/Users/Jo/repos/play-silhouette-slick-seed/}root/compile:discoveredMainClasses))
Sending msg to client activator-341bbf76-bd5b-4ea9-98b8-33db8d705fa8: ExecutionWaiting(10,{file:/Users/Jo/repos/play-silhouette-slick-seed/}root/compile:mainClass,ClientInfo(341bbf76-bd5b-4ea9-98b8-33db8d705fa8,activator,Activator,3,Vector()))
Sending msg to client activator-341bbf76-bd5b-4ea9-98b8-33db8d705fa8: (13,ReceivedResponse())
Sending msg to client activator-341bbf76-bd5b-4ea9-98b8-33db8d705fa8: DetachedLogEvent(LogMessage(debug,Evaluating tasks: compile:discoveredMainClasses))
Sending msg to client activator-341bbf76-bd5b-4ea9-98b8-33db8d705fa8: DetachedLogEvent(LogMessage(debug,Running task... Cancel: sbt.server.ServerTaskCancellation@3b077d3c, check cycles: false))
Sending msg to client activator-341bbf76-bd5b-4ea9-98b8-33db8d705fa8: DetachedLogEvent(LogMessage(debug,cancel strategy start enabled=true lastCommand=Some(LastCommand(CommandExecutionWork(ExecutionId(9),{file:/Users/Jo/repos/play-silhouette-slick-seed/}root/compile:discoveredMainClasses,Set(LiveClient(activator 341bbf76-bd5b-4ea9-98b8-33db8d705fa8)),sbt.server.WorkCancellationStatus$$anon$1@42c2b9b7)))))
Sending msg to client activator-341bbf76-bd5b-4ea9-98b8-33db8d705fa8: TaskStarted(9,722,None)
Sending msg to client activator-341bbf76-bd5b-4ea9-98b8-33db8d705fa8: TaskStarted(9,724,Some(AttributeKey[sbt.inc.IncOptions]("incOptions") in Scope(Global)))
Sending msg to client activator-341bbf76-bd5b-4ea9-98b8-33db8d705fa8: TaskStarted(9,726,None)
Sending msg to client activator-341bbf76-bd5b-4ea9-98b8-33db8d705fa8: TaskStarted(9,727,Some(AttributeKey[scala.Function1[java.io.File,scala.Function1[java.lang.String,boolean]]]("definesClass") in Scope(Global)))
Sending msg to client activator-341bbf76-bd5b-4ea9-98b8-33db8d705fa8: TaskStarted(9,728,Some(AttributeKey[boolean]("skip") in Scope(Global)))
Sending msg to client activator-341bbf76-bd5b-4ea9-98b8-33db8d705fa8: TaskStarted(9,743,None)
Sending msg to client activator-341bbf76-bd5b-4ea9-98b8-33db8d705fa8: TaskStarted(9,748,None)
Sending msg to client activator-341bbf76-bd5b-4ea9-98b8-33db8d705fa8: TaskStarted(9,751,Some(AttributeKey[java.lang.String]("updateCacheName") in Scope(Build: file:/Users/Jo/repos/play-silhouette-slick-seed/, , Project: ProjectReference(file:/Users/Jo/repos/play-silhouette-slick-seed/,root))))
Sending msg to client activator-341bbf76-bd5b-4ea9-98b8-33db8d705fa8: TaskStarted(9,755,None)
Sending msg to client activator-341bbf76-bd5b-4ea9-98b8-33db8d705fa8: TaskStarted(9,756,None)
Sending msg to client activator-341bbf76-bd5b-4ea9-98b8-33db8d705fa8: TaskStarted(9,757,None)
Sending msg to client activator-341bbf76-bd5b-4ea9-98b8-33db8d705fa8: TaskStarted(9,769,Some(AttributeKey[scala.Option[scala.collection.Seq[sbt.Resolver]]]("bootResolvers") in Scope(Build: file:/Users/Jo/repos/play-silhouette-slick-seed/, , Project: ProjectReference(file:/Users/Jo/repos/play-silhouette-slick-seed/,root))))
Sending msg to client activator-341bbf76-bd5b-4ea9-98b8-33db8d705fa8: TaskStarted(9,770,Some(AttributeKey[scala.collection.Seq[sbt.Resolver]]("externalResolvers") in Scope(Build: file:/Users/Jo/repos/play-silhouette-slick-seed/, , Project: ProjectReference(file:/Users/Jo/repos/play-silhouette-slick-seed/,root))))
Sending msg to client activator-341bbf76-bd5b-4ea9-98b8-33db8d705fa8: TaskStarted(9,771,Some(AttributeKey[scala.collection.Seq[sbt.Credentials]]("credentials") in Scope(Global)))
Sending msg to client activator-341bbf76-bd5b-4ea9-98b8-33db8d705fa8: TaskStarted(9,777,Some(AttributeKey[java.lang.String]("compileAnalysisFilename") in Scope(Build: file:/Users/Jo/repos/play-silhouette-slick-seed/, , Project: ProjectReference(file:/Users/Jo/repos/play-silhouette-slick-seed/,root), Config: compile)))
Sending msg to client activator-341bbf76-bd5b-4ea9-98b8-33db8d705fa8: TaskStarted(9,780,Some(AttributeKey[sbt.SendEventService]("sendEventService") in Scope(Global)))
Sending msg to client activator-341bbf76-bd5b-4ea9-98b8-33db8d705fa8: TaskStarted(9,785,None)
Sending msg to client activator-341bbf76-bd5b-4ea9-98b8-33db8d705fa8: TaskStarted(9,788,None)
Sending msg to client activator-341bbf76-bd5b-4ea9-98b8-33db8d705fa8: TaskStarted(9,793,None)
Sending msg to client activator-341bbf76-bd5b-4ea9-98b8-33db8d705fa8: TaskStarted(9,795,None)
Sending msg to client activator-341bbf76-bd5b-4ea9-98b8-33db8d705fa8: TaskStarted(9,796,Some(AttributeKey[scala.collection.Seq[java.lang.String]]("scalacOptions") in Scope(Global)))
Sending msg to client activator-341bbf76-bd5b-4ea9-98b8-33db8d705fa8: TaskStarted(9,797,Some(AttributeKey[scala.collection.Seq[scala.Function1[xsbti.Position,scala.Option[xsbti.Position]]]]("sourcePositionMappers") in Scope(Global)))
Sending msg to client activator-341bbf76-bd5b-4ea9-98b8-33db8d705fa8: TaskStarted(9,800,Some(AttributeKey[scala.collection.Seq[java.io.File]]("unmanagedSources") in Scope(Build: file:/Users/Jo/repos/play-silhouette-slick-seed/, , Project: ProjectReference(file:/Users/Jo/repos/play-silhouette-slick-seed/,root), Config: compile)))
Sending msg to client activator-341bbf76-bd5b-4ea9-98b8-33db8d705fa8: TaskStarted(9,807,Some(AttributeKey[scala.collection.Seq[java.io.File]]("sources") in Scope(Build: file:/Users/Jo/repos/play-silhouette-slick-seed/, , Project: ProjectReference(file:/Users/Jo/repos/play-silhouette-slick-seed/,root), Config: compile, Task: AttributeKey[scala.collection.Seq[java.io.File]]("playRoutes"))))
Sending msg to client activator-341bbf76-bd5b-4ea9-98b8-33db8d705fa8: TaskStarted(9,808,None)
Sending msg to client activator-341bbf76-bd5b-4ea9-98b8-33db8d705fa8: TaskStarted(9,815,None)
Sending msg to client activator-341bbf76-bd5b-4ea9-98b8-33db8d705fa8: TaskStarted(9,816,Some(AttributeKey[scala.collection.Seq[java.lang.String]]("javacOptions") in Scope(Global)))
Sending msg to client activator-341bbf76-bd5b-4ea9-98b8-33db8d705fa8: TaskFinished(9,722,None,true,None)
Sending msg to client activator-341bbf76-bd5b-4ea9-98b8-33db8d705fa8: TaskStarted(9,721,None)
Sending msg to client activator-341bbf76-bd5b-4ea9-98b8-33db8d705fa8: TaskStarted(9,730,None)
Sending msg to client activator-341bbf76-bd5b-4ea9-98b8-33db8d705fa8: TaskStarted(9,738,None)
Sending msg to client activator-341bbf76-bd5b-4ea9-98b8-33db8d705fa8: TaskStarted(9,740,None)
Sending msg to client activator-341bbf76-bd5b-4ea9-98b8-33db8d705fa8: TaskStarted(9,745,None)
Sending msg to client activator-341bbf76-bd5b-4ea9-98b8-33db8d705fa8: TaskStarted(9,752,None)
Sending msg to client activator-341bbf76-bd5b-4ea9-98b8-33db8d705fa8: TaskStarted(9,764,None)
Sending msg to client activator-341bbf76-bd5b-4ea9-98b8-33db8d705fa8: TaskStarted(9,768,None)
Sending msg to client activator-341bbf76-bd5b-4ea9-98b8-33db8d705fa8: TaskStarted(9,772,None)
Sending msg to client activator-341bbf76-bd5b-4ea9-98b8-33db8d705fa8: TaskStarted(9,773,None)
Sending msg to client activator-341bbf76-bd5b-4ea9-98b8-33db8d705fa8: TaskStarted(9,776,None)
Sending msg to client activator-341bbf76-bd5b-4ea9-98b8-33db8d705fa8: TaskStarted(9,778,None)
Sending msg to client activator-341bbf76-bd5b-4ea9-98b8-33db8d705fa8: TaskStarted(9,781,None)
Sending msg to client activator-341bbf76-bd5b-4ea9-98b8-33db8d705fa8: TaskStarted(9,786,None)
Sending msg to client activator-341bbf76-bd5b-4ea9-98b8-33db8d705fa8: TaskStarted(9,809,None)
Sending msg to client activator-341bbf76-bd5b-4ea9-98b8-33db8d705fa8: TaskStarted(9,812,None)
Sending msg to client activator-341bbf76-bd5b-4ea9-98b8-33db8d705fa8: TaskStarted(9,813,None)
Sending msg to client activator-341bbf76-bd5b-4ea9-98b8-33db8d705fa8: TaskFinished(9,724,Some(AttributeKey[sbt.inc.IncOptions]("incOptions") in Scope(Global)),true,None)
Sending msg to client activator-341bbf76-bd5b-4ea9-98b8-33db8d705fa8: TaskStarted(9,723,Some(AttributeKey[sbt.inc.IncOptions]("incOptions") in Scope(Build: file:/Users/Jo/repos/play-silhouette-slick-seed/, , Project: ProjectReference(file:/Users/Jo/repos/play-silhouette-slick-seed/,root))))
Sending msg to client activator-341bbf76-bd5b-4ea9-98b8-33db8d705fa8: TaskFinished(9,726,None,true,None)
Sending msg to client activator-341bbf76-bd5b-4ea9-98b8-33db8d705fa8: TaskStarted(9,725,Some(AttributeKey[xsbti.compile.GlobalsCache]("compilerCache") in Scope(Global)))
Sending msg to client activator-341bbf76-bd5b-4ea9-98b8-33db8d705fa8: TaskStarted(9,737,Some(AttributeKey[sbt.BuildStructure]("buildStructure") in Scope(Global)))
Sending msg to client activator-341bbf76-bd5b-4ea9-98b8-33db8d705fa8: TaskStarted(9,753,Some(AttributeKey[java.io.File]("dependencyCacheDirectory") in Scope(Build: file:/Users/Jo/repos/play-silhouette-slick-seed/, , Project: ProjectReference(file:/Users/Jo/repos/play-silhouette-slick-seed/,root))))
Sending msg to client activator-341bbf76-bd5b-4ea9-98b8-33db8d705fa8: TaskFinished(9,743,None,true,None)
Sending msg to client activator-341bbf76-bd5b-4ea9-98b8-33db8d705fa8: TaskFinished(9,728,Some(AttributeKey[boolean]("skip") in Scope(Global)),true,None)
Sending msg to client activator-341bbf76-bd5b-4ea9-98b8-33db8d705fa8: TaskFinished(9,727,Some(AttributeKey[scala.Function1[java.io.File,scala.Function1[java.lang.String,boolean]]]("definesClass") in Scope(Global)),true,None)
Sending msg to client activator-341bbf76-bd5b-4ea9-98b8-33db8d705fa8: TaskFinished(9,748,None,true,None)
Sending msg to client activator-341bbf76-bd5b-4ea9-98b8-33db8d705fa8: TaskFinished(9,756,None,true,None)
Sending msg to client activator-341bbf76-bd5b-4ea9-98b8-33db8d705fa8: TaskFinished(9,755,None,true,None)
Sending msg to client activator-341bbf76-bd5b-4ea9-98b8-33db8d705fa8: TaskStarted(9,754,Some(AttributeKey[scala.collection.Seq[sbt.UpdateReport]]("transitiveUpdate") in Scope(Build: file:/Users/Jo/repos/play-silhouette-slick-seed/, , Project: ProjectReference(file:/Users/Jo/repos/play-silhouette-slick-seed/,root))))
Sending msg to client activator-341bbf76-bd5b-4ea9-98b8-33db8d705fa8: TaskFinished(9,757,None,true,None)
Sending msg to client activator-341bbf76-bd5b-4ea9-98b8-33db8d705fa8: TaskFinished(9,751,Some(AttributeKey[java.lang.String]("updateCacheName") in Scope(Build: file:/Users/Jo/repos/play-silhouette-slick-seed/, , Project: ProjectReference(file:/Users/Jo/repos/play-silhouette-slick-seed/,root))),true,None)
Sending msg to client activator-341bbf76-bd5b-4ea9-98b8-33db8d705fa8: TaskFinished(9,769,Some(AttributeKey[scala.Option[scala.collection.Seq[sbt.Resolver]]]("bootResolvers") in Scope(Build: file:/Users/Jo/repos/play-silhouette-slick-seed/, , Project: ProjectReference(file:/Users/Jo/repos/play-silhouette-slick-seed/,root))),true,None)
Sending msg to client activator-341bbf76-bd5b-4ea9-98b8-33db8d705fa8: TaskFinished(9,770,Some(AttributeKey[scala.collection.Seq[sbt.Resolver]]("externalResolvers") in Scope(Build: file:/Users/Jo/repos/play-silhouette-slick-seed/, , Project: ProjectReference(file:/Users/Jo/repos/play-silhouette-slick-seed/,root))),true,None)
Sending msg to client activator-341bbf76-bd5b-4ea9-98b8-33db8d705fa8: TaskFinished(9,771,Some(AttributeKey[scala.collection.Seq[sbt.Credentials]]("credentials") in Scope(Global)),true,None)
Sending msg to client activator-341bbf76-bd5b-4ea9-98b8-33db8d705fa8: TaskFinished(9,788,None,true,None)
Sending msg to client activator-341bbf76-bd5b-4ea9-98b8-33db8d705fa8: TaskFinished(9,785,None,true,None)
Sending msg to client activator-341bbf76-bd5b-4ea9-98b8-33db8d705fa8: TaskFinished(9,793,None,true,None)
Sending msg to client activator-341bbf76-bd5b-4ea9-98b8-33db8d705fa8: TaskFinished(9,795,None,true,None)
Sending msg to client activator-341bbf76-bd5b-4ea9-98b8-33db8d705fa8: TaskFinished(9,780,Some(AttributeKey[sbt.SendEventService]("sendEventService") in Scope(Global)),true,None)
Sending msg to client activator-341bbf76-bd5b-4ea9-98b8-33db8d705fa8: TaskFinished(9,796,Some(AttributeKey[scala.collection.Seq[java.lang.String]]("scalacOptions") in Scope(Global)),true,None)
Sending msg to client activator-341bbf76-bd5b-4ea9-98b8-33db8d705fa8: TaskStarted(9,794,Some(AttributeKey[scala.collection.Seq[java.lang.String]]("scalacOptions") in Scope(Build: file:/Users/Jo/repos/play-silhouette-slick-seed/, , Project: ProjectReference(file:/Users/Jo/repos/play-silhouette-slick-seed/,root))))
Sending msg to client activator-341bbf76-bd5b-4ea9-98b8-33db8d705fa8: TaskFinished(9,777,Some(AttributeKey[java.lang.String]("compileAnalysisFilename") in Scope(Build: file:/Users/Jo/repos/play-silhouette-slick-seed/, , Project: ProjectReference(file:/Users/Jo/repos/play-silhouette-slick-seed/,root), Config: compile)),true,None)
Sending msg to client activator-341bbf76-bd5b-4ea9-98b8-33db8d705fa8: TaskFinished(9,797,Some(AttributeKey[scala.collection.Seq[scala.Function1[xsbti.Position,scala.Option[xsbti.Position]]]]("sourcePositionMappers") in Scope(Global)),true,None)
Sending msg to client activator-341bbf76-bd5b-4ea9-98b8-33db8d705fa8: TaskFinished(9,800,Some(AttributeKey[scala.collection.Seq[java.io.File]]("unmanagedSources") in Scope(Build: file:/Users/Jo/repos/play-silhouette-slick-seed/, , Project: ProjectReference(file:/Users/Jo/repos/play-silhouette-slick-seed/,root), Config: compile)),true,None)
Sending msg to client activator-341bbf76-bd5b-4ea9-98b8-33db8d705fa8: TaskStarted(9,799,Some(AttributeKey[scala.collection.Seq[java.io.File]]("unmanagedSources") in Scope(Build: file:/Users/Jo/repos/play-silhouette-slick-seed/, , Project: ProjectReference(file:/Users/Jo/repos/play-silhouette-slick-seed/,root), Config: compile)))
Sending msg to client activator-341bbf76-bd5b-4ea9-98b8-33db8d705fa8: TaskFinished(9,807,Some(AttributeKey[scala.collection.Seq[java.io.File]]("sources") in Scope(Build: file:/Users/Jo/repos/play-silhouette-slick-seed/, , Project: ProjectReference(file:/Users/Jo/repos/play-silhouette-slick-seed/,root), Config: compile, Task: AttributeKey[scala.collection.Seq[java.io.File]]("playRoutes"))),true,None)
Sending msg to client activator-341bbf76-bd5b-4ea9-98b8-33db8d705fa8: TaskFinished(9,808,None,true,None)
Sending msg to client activator-341bbf76-bd5b-4ea9-98b8-33db8d705fa8: TaskStarted(9,806,Some(AttributeKey[scala.collection.Seq[java.io.File]]("sources") in Scope(Build: file:/Users/Jo/repos/play-silhouette-slick-seed/, , Project: ProjectReference(file:/Users/Jo/repos/play-silhouette-slick-seed/,root), Config: compile, Task: AttributeKey[scala.collection.Seq[java.io.File]]("playRoutes"))))
Sending msg to client activator-341bbf76-bd5b-4ea9-98b8-33db8d705fa8: TaskFinished(9,815,None,true,None)
Sending msg to client activator-341bbf76-bd5b-4ea9-98b8-33db8d705fa8: TaskFinished(9,816,Some(AttributeKey[scala.collection.Seq[java.lang.String]]("javacOptions") in Scope(Global)),true,None)
Sending msg to client activator-341bbf76-bd5b-4ea9-98b8-33db8d705fa8: TaskStarted(9,814,Some(AttributeKey[scala.collection.Seq[java.lang.String]]("javacOptions") in Scope(Build: file:/Users/Jo/repos/play-silhouette-slick-seed/, , Project: ProjectReference(file:/Users/Jo/repos/play-silhouette-slick-seed/,root), Config: compile)))
Sending msg to client activator-341bbf76-bd5b-4ea9-98b8-33db8d705fa8: TaskFinished(9,721,None,true,None)
Sending msg to client activator-341bbf76-bd5b-4ea9-98b8-33db8d705fa8: TaskFinished(9,730,None,true,None)
Sending msg to client activator-341bbf76-bd5b-4ea9-98b8-33db8d705fa8: TaskFinished(9,738,None,true,None)
Sending msg to client activator-341bbf76-bd5b-4ea9-98b8-33db8d705fa8: TaskFinished(9,740,None,true,None)
Sending msg to client activator-341bbf76-bd5b-4ea9-98b8-33db8d705fa8: TaskFinished(9,745,None,true,None)
Sending msg to client activator-341bbf76-bd5b-4ea9-98b8-33db8d705fa8: TaskFinished(9,752,None,true,None)
Sending msg to client activator-341bbf76-bd5b-4ea9-98b8-33db8d705fa8: TaskStarted(9,750,Some(AttributeKey[scala.collection.immutable.Map[sbt.ModuleID,sbt.SourcePosition]]("dependencyPositions") in Scope(Build: file:/Users/Jo/repos/play-silhouette-slick-seed/, , Project: ProjectReference(file:/Users/Jo/repos/play-silhouette-slick-seed/,root))))
Sending msg to client activator-341bbf76-bd5b-4ea9-98b8-33db8d705fa8: TaskFinished(9,764,None,true,None)
Sending msg to client activator-341bbf76-bd5b-4ea9-98b8-33db8d705fa8: TaskFinished(9,768,None,true,None)
Sending msg to client activator-341bbf76-bd5b-4ea9-98b8-33db8d705fa8: TaskFinished(9,772,None,true,None)
Sending msg to client activator-341bbf76-bd5b-4ea9-98b8-33db8d705fa8: TaskFinished(9,773,None,true,None)
Sending msg to client activator-341bbf76-bd5b-4ea9-98b8-33db8d705fa8: TaskFinished(9,776,None,true,None)
Sending msg to client activator-341bbf76-bd5b-4ea9-98b8-33db8d705fa8: TaskFinished(9,778,None,true,None)
Sending msg to client activator-341bbf76-bd5b-4ea9-98b8-33db8d705fa8: TaskFinished(9,781,None,true,None)
Sending msg to client activator-341bbf76-bd5b-4ea9-98b8-33db8d705fa8: TaskFinished(9,786,None,true,None)
Sending msg to client activator-341bbf76-bd5b-4ea9-98b8-33db8d705fa8: TaskFinished(9,809,None,true,None)
Sending msg to client activator-341bbf76-bd5b-4ea9-98b8-33db8d705fa8: TaskFinished(9,812,None,true,None)
Sending msg to client activator-341bbf76-bd5b-4ea9-98b8-33db8d705fa8: TaskFinished(9,813,None,true,None)
Sending msg to client activator-341bbf76-bd5b-4ea9-98b8-33db8d705fa8: TaskFinished(9,723,Some(AttributeKey[sbt.inc.IncOptions]("incOptions") in Scope(Build: file:/Users/Jo/repos/play-silhouette-slick-seed/, , Project: ProjectReference(file:/Users/Jo/repos/play-silhouette-slick-seed/,root))),true,None)
Sending msg to client activator-341bbf76-bd5b-4ea9-98b8-33db8d705fa8: TaskFinished(9,725,Some(AttributeKey[xsbti.compile.GlobalsCache]("compilerCache") in Scope(Global)),true,None)
Sending msg to client activator-341bbf76-bd5b-4ea9-98b8-33db8d705fa8: TaskFinished(9,737,Some(AttributeKey[sbt.BuildStructure]("buildStructure") in Scope(Global)),true,None)
Sending msg to client activator-341bbf76-bd5b-4ea9-98b8-33db8d705fa8: TaskStarted(9,736,Some(AttributeKey[sbt.Settings[sbt.Scope]]("settingsData") in Scope(Global)))
Sending msg to client activator-341bbf76-bd5b-4ea9-98b8-33db8d705fa8: TaskFinished(9,753,Some(AttributeKey[java.io.File]("dependencyCacheDirectory") in Scope(Build: file:/Users/Jo/repos/play-silhouette-slick-seed/, , Project: ProjectReference(file:/Users/Jo/repos/play-silhouette-slick-seed/,root))),true,None)
Sending msg to client activator-341bbf76-bd5b-4ea9-98b8-33db8d705fa8: TaskFinished(9,754,Some(AttributeKey[scala.collection.Seq[sbt.UpdateReport]]("transitiveUpdate") in Scope(Build: file:/Users/Jo/repos/play-silhouette-slick-seed/, , Project: ProjectReference(file:/Users/Jo/repos/play-silhouette-slick-seed/,root))),true,None)
Sending msg to client activator-341bbf76-bd5b-4ea9-98b8-33db8d705fa8: TaskFinished(9,794,Some(AttributeKey[scala.collection.Seq[java.lang.String]]("scalacOptions") in Scope(Build: file:/Users/Jo/repos/play-silhouette-slick-seed/, , Project: ProjectReference(file:/Users/Jo/repos/play-silhouette-slick-seed/,root))),true,None)
Sending msg to client activator-341bbf76-bd5b-4ea9-98b8-33db8d705fa8: TaskStarted(9,792,Some(AttributeKey[scala.collection.Seq[java.lang.String]]("scalacOptions") in Scope(Build: file:/Users/Jo/repos/play-silhouette-slick-seed/, , Project: ProjectReference(file:/Users/Jo/repos/play-silhouette-slick-seed/,root))))
Sending msg to client activator-341bbf76-bd5b-4ea9-98b8-33db8d705fa8: TaskFinished(9,799,Some(AttributeKey[scala.collection.Seq[java.io.File]]("unmanagedSources") in Scope(Build: file:/Users/Jo/repos/play-silhouette-slick-seed/, , Project: ProjectReference(file:/Users/Jo/repos/play-silhouette-slick-seed/,root), Config: compile)),true,None)
Sending msg to client activator-341bbf76-bd5b-4ea9-98b8-33db8d705fa8: TaskFinished(9,806,Some(AttributeKey[scala.collection.Seq[java.io.File]]("sources") in Scope(Build: file:/Users/Jo/repos/play-silhouette-slick-seed/, , Project: ProjectReference(file:/Users/Jo/repos/play-silhouette-slick-seed/,root), Config: compile, Task: AttributeKey[scala.collection.Seq[java.io.File]]("playRoutes"))),true,None)
Sending msg to client activator-341bbf76-bd5b-4ea9-98b8-33db8d705fa8: TaskStarted(9,805,None)
Sending msg to client activator-341bbf76-bd5b-4ea9-98b8-33db8d705fa8: TaskFinished(9,814,Some(AttributeKey[scala.collection.Seq[java.lang.String]]("javacOptions") in Scope(Build: file:/Users/Jo/repos/play-silhouette-slick-seed/, , Project: ProjectReference(file:/Users/Jo/repos/play-silhouette-slick-seed/,root), Config: compile)),true,None)
Sending msg to client activator-341bbf76-bd5b-4ea9-98b8-33db8d705fa8: TaskFinished(9,750,Some(AttributeKey[scala.collection.immutable.Map[sbt.ModuleID,sbt.SourcePosition]]("dependencyPositions") in Scope(Build: file:/Users/Jo/repos/play-silhouette-slick-seed/, , Project: ProjectReference(file:/Users/Jo/repos/play-silhouette-slick-seed/,root))),true,None)
Sending msg to client activator-341bbf76-bd5b-4ea9-98b8-33db8d705fa8: TaskStarted(9,749,Some(AttributeKey[sbt.UnresolvedWarningConfiguration]("unresolvedWarningConfiguration") in Scope(Build: file:/Users/Jo/repos/play-silhouette-slick-seed/, , Project: ProjectReference(file:/Users/Jo/repos/play-silhouette-slick-seed/,root), Task: AttributeKey[sbt.UpdateReport]("update"))))
Sending msg to client activator-341bbf76-bd5b-4ea9-98b8-33db8d705fa8: TaskFinished(9,736,Some(AttributeKey[sbt.Settings[sbt.Scope]]("settingsData") in Scope(Global)),true,None)
Sending msg to client activator-341bbf76-bd5b-4ea9-98b8-33db8d705fa8: TaskStarted(9,735,None)
Sending msg to client activator-341bbf76-bd5b-4ea9-98b8-33db8d705fa8: TaskStarted(9,747,None)
Sending msg to client activator-341bbf76-bd5b-4ea9-98b8-33db8d705fa8: TaskStarted(9,761,Some(AttributeKey[scala.collection.Seq[sbt.ModuleID]]("projectDependencies") in Scope(Build: file:/Users/Jo/repos/play-silhouette-slick-seed/, , Project: ProjectReference(file:/Users/Jo/repos/play-silhouette-slick-seed/,root))))
Sending msg to client activator-341bbf76-bd5b-4ea9-98b8-33db8d705fa8: TaskStarted(9,767,Some(AttributeKey[scala.collection.immutable.Map[org.apache.ivy.core.module.id.ModuleRevisionId,org.apache.ivy.core.module.descriptor.ModuleDescriptor]]("projectDescriptors") in Scope(Build: file:/Users/Jo/repos/play-silhouette-slick-seed/, , Project: ProjectReference(file:/Users/Jo/repos/play-silhouette-slick-seed/,root))))
Sending msg to client activator-341bbf76-bd5b-4ea9-98b8-33db8d705fa8: TaskStarted(9,784,Some(AttributeKey[sbt.ScalaInstance]("scalaInstance") in Scope(Build: file:/Users/Jo/repos/play-silhouette-slick-seed/, , Project: ProjectReference(file:/Users/Jo/repos/play-silhouette-slick-seed/,root))))
Sending msg to client activator-341bbf76-bd5b-4ea9-98b8-33db8d705fa8: TaskStarted(9,818,None)
Sending msg to client activator-341bbf76-bd5b-4ea9-98b8-33db8d705fa8: TaskFinished(9,792,Some(AttributeKey[scala.collection.Seq[java.lang.String]]("scalacOptions") in Scope(Build: file:/Users/Jo/repos/play-silhouette-slick-seed/, , Project: ProjectReference(file:/Users/Jo/repos/play-silhouette-slick-seed/,root))),true,None)
Sending msg to client activator-341bbf76-bd5b-4ea9-98b8-33db8d705fa8: TaskStarted(9,791,Some(AttributeKey[java.lang.String]("twirlSourceEncoding") in Scope(Build: file:/Users/Jo/repos/play-silhouette-slick-seed/, , Project: ProjectReference(file:/Users/Jo/repos/play-silhouette-slick-seed/,root))))
Sending msg to client activator-341bbf76-bd5b-4ea9-98b8-33db8d705fa8: TaskFinished(9,805,None,true,None)
Sending msg to client activator-341bbf76-bd5b-4ea9-98b8-33db8d705fa8: TaskStarted(9,804,Some(AttributeKey[scala.collection.Seq[play.routes.compiler.RoutesCompiler$RoutesCompilerTask]]("playRoutesTasks") in Scope(Build: file:/Users/Jo/repos/play-silhouette-slick-seed/, , Project: ProjectReference(file:/Users/Jo/repos/play-silhouette-slick-seed/,root), Config: compile)))
Sending msg to client activator-341bbf76-bd5b-4ea9-98b8-33db8d705fa8: TaskFinished(9,749,Some(AttributeKey[sbt.UnresolvedWarningConfiguration]("unresolvedWarningConfiguration") in Scope(Build: file:/Users/Jo/repos/play-silhouette-slick-seed/, , Project: ProjectReference(file:/Users/Jo/repos/play-silhouette-slick-seed/,root), Task: AttributeKey[sbt.UpdateReport]("update"))),true,None)
Sending msg to client activator-341bbf76-bd5b-4ea9-98b8-33db8d705fa8: TaskStarted(9,823,None)
Sending msg to client activator-341bbf76-bd5b-4ea9-98b8-33db8d705fa8: TaskStarted(9,824,None)
Sending msg to client activator-341bbf76-bd5b-4ea9-98b8-33db8d705fa8: TaskStarted(9,826,None)
Sending msg to client activator-341bbf76-bd5b-4ea9-98b8-33db8d705fa8: TaskStarted(9,828,None)
Sending msg to client activator-341bbf76-bd5b-4ea9-98b8-33db8d705fa8: TaskStarted(9,830,None)
Sending msg to client activator-341bbf76-bd5b-4ea9-98b8-33db8d705fa8: TaskFinished(9,791,Some(AttributeKey[java.lang.String]("twirlSourceEncoding") in Scope(Build: file:/Users/Jo/repos/play-silhouette-slick-seed/, , Project: ProjectReference(file:/Users/Jo/repos/play-silhouette-slick-seed/,root))),true,None)
Sending msg to client activator-341bbf76-bd5b-4ea9-98b8-33db8d705fa8: TaskStarted(9,790,None)
Sending msg to client activator-341bbf76-bd5b-4ea9-98b8-33db8d705fa8: TaskStarted(9,811,None)
Sending msg to client activator-341bbf76-bd5b-4ea9-98b8-33db8d705fa8: TaskStarted(9,831,None)
Sending msg to client activator-341bbf76-bd5b-4ea9-98b8-33db8d705fa8: TaskFinished(9,761,Some(AttributeKey[scala.collection.Seq[sbt.ModuleID]]("projectDependencies") in Scope(Build: file:/Users/Jo/repos/play-silhouette-slick-seed/, , Project: ProjectReference(file:/Users/Jo/repos/play-silhouette-slick-seed/,root))),true,None)
Sending msg to client activator-341bbf76-bd5b-4ea9-98b8-33db8d705fa8: TaskStarted(9,760,Some(AttributeKey[scala.collection.Seq[sbt.ModuleID]]("allDependencies") in Scope(Build: file:/Users/Jo/repos/play-silhouette-slick-seed/, , Project: ProjectReference(file:/Users/Jo/repos/play-silhouette-slick-seed/,root))))
Sending msg to client activator-341bbf76-bd5b-4ea9-98b8-33db8d705fa8: TaskStarted(9,834,None)
Sending msg to client activator-341bbf76-bd5b-4ea9-98b8-33db8d705fa8: TaskFinished(9,824,None,true,None)
Sending msg to client activator-341bbf76-bd5b-4ea9-98b8-33db8d705fa8: TaskFinished(9,826,None,true,None)
Sending msg to client activator-341bbf76-bd5b-4ea9-98b8-33db8d705fa8: TaskStarted(9,825,None)
Sending msg to client activator-341bbf76-bd5b-4ea9-98b8-33db8d705fa8: TaskFinished(9,790,None,true,None)
Sending msg to client activator-341bbf76-bd5b-4ea9-98b8-33db8d705fa8: TaskStarted(9,789,Some(AttributeKey[scala.collection.Seq[scala.Function1[xsbti.Position,scala.Option[xsbti.Position]]]]("sourcePositionMappers") in Scope(Build: file:/Users/Jo/repos/play-silhouette-slick-seed/, , Project: ProjectReference(file:/Users/Jo/repos/play-silhouette-slick-seed/,root))))
Sending msg to client activator-341bbf76-bd5b-4ea9-98b8-33db8d705fa8: TaskFinished(9,828,None,true,None)
Sending msg to client activator-341bbf76-bd5b-4ea9-98b8-33db8d705fa8: TaskStarted(9,827,None)
Sending msg to client activator-341bbf76-bd5b-4ea9-98b8-33db8d705fa8: TaskFinished(9,831,None,true,None)
Sending msg to client activator-341bbf76-bd5b-4ea9-98b8-33db8d705fa8: TaskFinished(9,747,None,true,None)
Sending msg to client activator-341bbf76-bd5b-4ea9-98b8-33db8d705fa8: TaskFinished(9,830,None,true,None)
Sending msg to client activator-341bbf76-bd5b-4ea9-98b8-33db8d705fa8: TaskStarted(9,829,None)
Sending msg to client activator-341bbf76-bd5b-4ea9-98b8-33db8d705fa8: TaskFinished(9,834,None,true,None)
Sending msg to client activator-341bbf76-bd5b-4ea9-98b8-33db8d705fa8: TaskStarted(9,833,None)
Sending msg to client activator-341bbf76-bd5b-4ea9-98b8-33db8d705fa8: TaskStarted(9,835,None)
Sending msg to client activator-341bbf76-bd5b-4ea9-98b8-33db8d705fa8: TaskFinished(9,760,Some(AttributeKey[scala.collection.Seq[sbt.ModuleID]]("allDependencies") in Scope(Build: file:/Users/Jo/repos/play-silhouette-slick-seed/, , Project: ProjectReference(file:/Users/Jo/repos/play-silhouette-slick-seed/,root))),true,None)
Sending msg to client activator-341bbf76-bd5b-4ea9-98b8-33db8d705fa8: TaskStarted(9,759,Some(AttributeKey[sbt.ModuleSettings]("moduleSettings") in Scope(Build: file:/Users/Jo/repos/play-silhouette-slick-seed/, , Project: ProjectReference(file:/Users/Jo/repos/play-silhouette-slick-seed/,root))))
Sending msg to client activator-341bbf76-bd5b-4ea9-98b8-33db8d705fa8: TaskFinished(9,789,Some(AttributeKey[scala.collection.Seq[scala.Function1[xsbti.Position,scala.Option[xsbti.Position]]]]("sourcePositionMappers") in Scope(Build: file:/Users/Jo/repos/play-silhouette-slick-seed/, , Project: ProjectReference(file:/Users/Jo/repos/play-silhouette-slick-seed/,root))),true,None)
Sending msg to client activator-341bbf76-bd5b-4ea9-98b8-33db8d705fa8: TaskStarted(9,787,Some(AttributeKey[scala.collection.Seq[scala.Function1[xsbti.Position,scala.Option[xsbti.Position]]]]("sourcePositionMappers") in Scope(Build: file:/Users/Jo/repos/play-silhouette-slick-seed/, , Project: ProjectReference(file:/Users/Jo/repos/play-silhouette-slick-seed/,root))))
Sending msg to client activator-341bbf76-bd5b-4ea9-98b8-33db8d705fa8: TaskFinished(9,823,None,true,None)
Sending msg to client activator-341bbf76-bd5b-4ea9-98b8-33db8d705fa8: TaskStarted(9,822,Some(AttributeKey[scala.collection.Seq[sbt.Attributed[java.io.File]]]("unmanagedJars") in Scope(Build: file:/Users/Jo/repos/play-silhouette-slick-seed/, , Project: ProjectReference(file:/Users/Jo/repos/play-silhouette-slick-seed/,root), Config: compile)))
Sending msg to client activator-341bbf76-bd5b-4ea9-98b8-33db8d705fa8: TaskFinished(9,829,None,true,None)
Sending msg to client activator-341bbf76-bd5b-4ea9-98b8-33db8d705fa8: TaskFinished(9,818,None,true,None)
Sending msg to client activator-341bbf76-bd5b-4ea9-98b8-33db8d705fa8: TaskFinished(9,827,None,true,None)
Sending msg to client activator-341bbf76-bd5b-4ea9-98b8-33db8d705fa8: TaskFinished(9,767,Some(AttributeKey[scala.collection.immutable.Map[org.apache.ivy.core.module.id.ModuleRevisionId,org.apache.ivy.core.module.descriptor.ModuleDescriptor]]("projectDescriptors") in Scope(Build: file:/Users/Jo/repos/play-silhouette-slick-seed/, , Project: ProjectReference(file:/Users/Jo/repos/play-silhouette-slick-seed/,root))),true,None)
Sending msg to client activator-341bbf76-bd5b-4ea9-98b8-33db8d705fa8: TaskStarted(9,766,Some(AttributeKey[sbt.Resolver]("projectResolver") in Scope(Build: file:/Users/Jo/repos/play-silhouette-slick-seed/, , Project: ProjectReference(file:/Users/Jo/repos/play-silhouette-slick-seed/,root))))
Sending msg to client activator-341bbf76-bd5b-4ea9-98b8-33db8d705fa8: TaskFinished(9,835,None,true,None)
Sending msg to client activator-341bbf76-bd5b-4ea9-98b8-33db8d705fa8: TaskFinished(9,825,None,true,None)
Sending msg to client activator-341bbf76-bd5b-4ea9-98b8-33db8d705fa8: TaskFinished(9,833,None,true,None)
Sending msg to client activator-341bbf76-bd5b-4ea9-98b8-33db8d705fa8: TaskFinished(9,804,Some(AttributeKey[scala.collection.Seq[play.routes.compiler.RoutesCompiler$RoutesCompilerTask]]("playRoutesTasks") in Scope(Build: file:/Users/Jo/repos/play-silhouette-slick-seed/, , Project: ProjectReference(file:/Users/Jo/repos/play-silhouette-slick-seed/,root), Config: compile)),true,None)
Sending msg to client activator-341bbf76-bd5b-4ea9-98b8-33db8d705fa8: TaskStarted(9,803,Some(AttributeKey[scala.collection.Seq[java.io.File]]("playRoutes") in Scope(Build: file:/Users/Jo/repos/play-silhouette-slick-seed/, , Project: ProjectReference(file:/Users/Jo/repos/play-silhouette-slick-seed/,root), Config: compile)))
Sending msg to client activator-341bbf76-bd5b-4ea9-98b8-33db8d705fa8: TaskFinished(9,759,Some(AttributeKey[sbt.ModuleSettings]("moduleSettings") in Scope(Build: file:/Users/Jo/repos/play-silhouette-slick-seed/, , Project: ProjectReference(file:/Users/Jo/repos/play-silhouette-slick-seed/,root))),true,None)
Sending msg to client activator-341bbf76-bd5b-4ea9-98b8-33db8d705fa8: TaskFinished(9,787,Some(AttributeKey[scala.collection.Seq[scala.Function1[xsbti.Position,scala.Option[xsbti.Position]]]]("sourcePositionMappers") in Scope(Build: file:/Users/Jo/repos/play-silhouette-slick-seed/, , Project: ProjectReference(file:/Users/Jo/repos/play-silhouette-slick-seed/,root))),true,None)
Sending msg to client activator-341bbf76-bd5b-4ea9-98b8-33db8d705fa8: TaskFinished(9,811,None,true,None)
Sending msg to client activator-341bbf76-bd5b-4ea9-98b8-33db8d705fa8: TaskStarted(9,810,Some(AttributeKey[scala.collection.Seq[java.io.File]]("twirlCompileTemplates") in Scope(Build: file:/Users/Jo/repos/play-silhouette-slick-seed/, , Project: ProjectReference(file:/Users/Jo/repos/play-silhouette-slick-seed/,root), Config: compile)))
Sending msg to client activator-341bbf76-bd5b-4ea9-98b8-33db8d705fa8: TaskFinished(9,822,Some(AttributeKey[scala.collection.Seq[sbt.Attributed[java.io.File]]]("unmanagedJars") in Scope(Build: file:/Users/Jo/repos/play-silhouette-slick-seed/, , Project: ProjectReference(file:/Users/Jo/repos/play-silhouette-slick-seed/,root), Config: compile)),true,None)
Sending msg to client activator-341bbf76-bd5b-4ea9-98b8-33db8d705fa8: TaskStarted(9,821,Some(AttributeKey[scala.collection.Seq[sbt.Attributed[java.io.File]]]("unmanagedJars") in Scope(Build: file:/Users/Jo/repos/play-silhouette-slick-seed/, , Project: ProjectReference(file:/Users/Jo/repos/play-silhouette-slick-seed/,root), Config: compile)))
Sending msg to client activator-341bbf76-bd5b-4ea9-98b8-33db8d705fa8: TaskFinished(9,766,Some(AttributeKey[sbt.Resolver]("projectResolver") in Scope(Build: file:/Users/Jo/repos/play-silhouette-slick-seed/, , Project: ProjectReference(file:/Users/Jo/repos/play-silhouette-slick-seed/,root))),true,None)
Sending msg to client activator-341bbf76-bd5b-4ea9-98b8-33db8d705fa8: TaskStarted(9,765,Some(AttributeKey[scala.collection.Seq[sbt.Resolver]]("fullResolvers") in Scope(Build: file:/Users/Jo/repos/play-silhouette-slick-seed/, , Project: ProjectReference(file:/Users/Jo/repos/play-silhouette-slick-seed/,root))))
Sending msg to client activator-341bbf76-bd5b-4ea9-98b8-33db8d705fa8: TaskFinished(9,810,Some(AttributeKey[scala.collection.Seq[java.io.File]]("twirlCompileTemplates") in Scope(Build: file:/Users/Jo/repos/play-silhouette-slick-seed/, , Project: ProjectReference(file:/Users/Jo/repos/play-silhouette-slick-seed/,root), Config: compile)),true,None)
Sending msg to client activator-341bbf76-bd5b-4ea9-98b8-33db8d705fa8: TaskFinished(9,821,Some(AttributeKey[scala.collection.Seq[sbt.Attributed[java.io.File]]]("unmanagedJars") in Scope(Build: file:/Users/Jo/repos/play-silhouette-slick-seed/, , Project: ProjectReference(file:/Users/Jo/repos/play-silhouette-slick-seed/,root), Config: compile)),true,None)
Sending msg to client activator-341bbf76-bd5b-4ea9-98b8-33db8d705fa8: TaskStarted(9,820,None)
Sending msg to client activator-341bbf76-bd5b-4ea9-98b8-33db8d705fa8: TaskFinished(9,803,Some(AttributeKey[scala.collection.Seq[java.io.File]]("playRoutes") in Scope(Build: file:/Users/Jo/repos/play-silhouette-slick-seed/, , Project: ProjectReference(file:/Users/Jo/repos/play-silhouette-slick-seed/,root), Config: compile)),true,None)
Sending msg to client activator-341bbf76-bd5b-4ea9-98b8-33db8d705fa8: TaskStarted(9,802,None)
Sending msg to client activator-341bbf76-bd5b-4ea9-98b8-33db8d705fa8: TaskFinished(9,765,Some(AttributeKey[scala.collection.Seq[sbt.Resolver]]("fullResolvers") in Scope(Build: file:/Users/Jo/repos/play-silhouette-slick-seed/, , Project: ProjectReference(file:/Users/Jo/repos/play-silhouette-slick-seed/,root))),true,None)
Sending msg to client activator-341bbf76-bd5b-4ea9-98b8-33db8d705fa8: TaskStarted(9,763,Some(AttributeKey[sbt.IvyConfiguration]("ivyConfiguration") in Scope(Build: file:/Users/Jo/repos/play-silhouette-slick-seed/, , Project: ProjectReference(file:/Users/Jo/repos/play-silhouette-slick-seed/,root))))
Sending msg to client activator-341bbf76-bd5b-4ea9-98b8-33db8d705fa8: TaskFinished(9,820,None,true,None)
Sending msg to client activator-341bbf76-bd5b-4ea9-98b8-33db8d705fa8: TaskStarted(9,819,None)
Sending msg to client activator-341bbf76-bd5b-4ea9-98b8-33db8d705fa8: TaskFinished(9,802,None,true,None)
Sending msg to client activator-341bbf76-bd5b-4ea9-98b8-33db8d705fa8: TaskStarted(9,801,Some(AttributeKey[scala.collection.Seq[java.io.File]]("managedSources") in Scope(Build: file:/Users/Jo/repos/play-silhouette-slick-seed/, , Project: ProjectReference(file:/Users/Jo/repos/play-silhouette-slick-seed/,root), Config: compile)))
Sending msg to client activator-341bbf76-bd5b-4ea9-98b8-33db8d705fa8: TaskFinished(9,819,None,true,None)
Sending msg to client activator-341bbf76-bd5b-4ea9-98b8-33db8d705fa8: TaskFinished(9,735,None,true,None)
Sending msg to client activator-341bbf76-bd5b-4ea9-98b8-33db8d705fa8: TaskStarted(9,734,Some(AttributeKey[scala.collection.Seq[sbt.Attributed[java.io.File]]]("unmanagedClasspath") in Scope(Build: file:/Users/Jo/repos/play-silhouette-slick-seed/, , Project: ProjectReference(file:/Users/Jo/repos/play-silhouette-slick-seed/,root), Config: compile)))
Sending msg to client activator-341bbf76-bd5b-4ea9-98b8-33db8d705fa8: TaskFinished(9,801,Some(AttributeKey[scala.collection.Seq[java.io.File]]("managedSources") in Scope(Build: file:/Users/Jo/repos/play-silhouette-slick-seed/, , Project: ProjectReference(file:/Users/Jo/repos/play-silhouette-slick-seed/,root), Config: compile)),true,None)
Sending msg to client activator-341bbf76-bd5b-4ea9-98b8-33db8d705fa8: TaskStarted(9,798,Some(AttributeKey[scala.collection.Seq[java.io.File]]("sources") in Scope(Build: file:/Users/Jo/repos/play-silhouette-slick-seed/, , Project: ProjectReference(file:/Users/Jo/repos/play-silhouette-slick-seed/,root), Config: compile)))
Sending msg to client activator-341bbf76-bd5b-4ea9-98b8-33db8d705fa8: TaskFinished(9,763,Some(AttributeKey[sbt.IvyConfiguration]("ivyConfiguration") in Scope(Build: file:/Users/Jo/repos/play-silhouette-slick-seed/, , Project: ProjectReference(file:/Users/Jo/repos/play-silhouette-slick-seed/,root))),true,None)
Sending msg to client activator-341bbf76-bd5b-4ea9-98b8-33db8d705fa8: TaskStarted(9,762,Some(AttributeKey[sbt.IvySbt]("ivySbt") in Scope(Build: file:/Users/Jo/repos/play-silhouette-slick-seed/, , Project: ProjectReference(file:/Users/Jo/repos/play-silhouette-slick-seed/,root))))
Sending msg to client activator-341bbf76-bd5b-4ea9-98b8-33db8d705fa8: TaskFinished(9,734,Some(AttributeKey[scala.collection.Seq[sbt.Attributed[java.io.File]]]("unmanagedClasspath") in Scope(Build: file:/Users/Jo/repos/play-silhouette-slick-seed/, , Project: ProjectReference(file:/Users/Jo/repos/play-silhouette-slick-seed/,root), Config: compile)),true,None)
Sending msg to client activator-341bbf76-bd5b-4ea9-98b8-33db8d705fa8: TaskFinished(9,798,Some(AttributeKey[scala.collection.Seq[java.io.File]]("sources") in Scope(Build: file:/Users/Jo/repos/play-silhouette-slick-seed/, , Project: ProjectReference(file:/Users/Jo/repos/play-silhouette-slick-seed/,root), Config: compile)),true,None)
Sending msg to client activator-341bbf76-bd5b-4ea9-98b8-33db8d705fa8: TaskFinished(9,762,Some(AttributeKey[sbt.IvySbt]("ivySbt") in Scope(Build: file:/Users/Jo/repos/play-silhouette-slick-seed/, , Project: ProjectReference(file:/Users/Jo/repos/play-silhouette-slick-seed/,root))),true,None)
Sending msg to client activator-341bbf76-bd5b-4ea9-98b8-33db8d705fa8: TaskStarted(9,758,Some(AttributeKey[sbt.IvySbt$Module]("ivyModule") in Scope(Build: file:/Users/Jo/repos/play-silhouette-slick-seed/, , Project: ProjectReference(file:/Users/Jo/repos/play-silhouette-slick-seed/,root))))
Sending msg to client activator-341bbf76-bd5b-4ea9-98b8-33db8d705fa8: TaskFinished(9,758,Some(AttributeKey[sbt.IvySbt$Module]("ivyModule") in Scope(Build: file:/Users/Jo/repos/play-silhouette-slick-seed/, , Project: ProjectReference(file:/Users/Jo/repos/play-silhouette-slick-seed/,root))),true,None)
Sending msg to client activator-341bbf76-bd5b-4ea9-98b8-33db8d705fa8: TaskStarted(9,746,Some(AttributeKey[sbt.UpdateReport]("update") in Scope(Build: file:/Users/Jo/repos/play-silhouette-slick-seed/, , Project: ProjectReference(file:/Users/Jo/repos/play-silhouette-slick-seed/,root))))
Sending msg to client activator-341bbf76-bd5b-4ea9-98b8-33db8d705fa8: TaskFinished(9,746,Some(AttributeKey[sbt.UpdateReport]("update") in Scope(Build: file:/Users/Jo/repos/play-silhouette-slick-seed/, , Project: ProjectReference(file:/Users/Jo/repos/play-silhouette-slick-seed/,root))),true,None)
Sending msg to client activator-341bbf76-bd5b-4ea9-98b8-33db8d705fa8: TaskStarted(9,744,Some(AttributeKey[sbt.UpdateReport]("update") in Scope(Build: file:/Users/Jo/repos/play-silhouette-slick-seed/, , Project: ProjectReference(file:/Users/Jo/repos/play-silhouette-slick-seed/,root))))
Sending msg to client activator-341bbf76-bd5b-4ea9-98b8-33db8d705fa8: TaskFinished(9,744,Some(AttributeKey[sbt.UpdateReport]("update") in Scope(Build: file:/Users/Jo/repos/play-silhouette-slick-seed/, , Project: ProjectReference(file:/Users/Jo/repos/play-silhouette-slick-seed/,root))),true,None)
Sending msg to client activator-341bbf76-bd5b-4ea9-98b8-33db8d705fa8: TaskStarted(9,742,Some(AttributeKey[sbt.Configuration]("classpathConfiguration") in Scope(Build: file:/Users/Jo/repos/play-silhouette-slick-seed/, , Project: ProjectReference(file:/Users/Jo/repos/play-silhouette-slick-seed/,root), Config: compile)))
Sending msg to client activator-341bbf76-bd5b-4ea9-98b8-33db8d705fa8: TaskStarted(9,817,Some(AttributeKey[scala.collection.Seq[java.lang.String]]("scalacOptions") in Scope(Build: file:/Users/Jo/repos/play-silhouette-slick-seed/, , Project: ProjectReference(file:/Users/Jo/repos/play-silhouette-slick-seed/,root), Config: compile)))
Sending msg to client activator-341bbf76-bd5b-4ea9-98b8-33db8d705fa8: TaskStarted(9,832,None)
Sending msg to client activator-341bbf76-bd5b-4ea9-98b8-33db8d705fa8: TaskFinished(9,817,Some(AttributeKey[scala.collection.Seq[java.lang.String]]("scalacOptions") in Scope(Build: file:/Users/Jo/repos/play-silhouette-slick-seed/, , Project: ProjectReference(file:/Users/Jo/repos/play-silhouette-slick-seed/,root), Config: compile)),true,None)
Sending msg to client activator-341bbf76-bd5b-4ea9-98b8-33db8d705fa8: TaskFinished(9,832,None,true,None)
Sending msg to client activator-341bbf76-bd5b-4ea9-98b8-33db8d705fa8: TaskFinished(9,784,Some(AttributeKey[sbt.ScalaInstance]("scalaInstance") in Scope(Build: file:/Users/Jo/repos/play-silhouette-slick-seed/, , Project: ProjectReference(file:/Users/Jo/repos/play-silhouette-slick-seed/,root))),true,None)
Sending msg to client activator-341bbf76-bd5b-4ea9-98b8-33db8d705fa8: TaskStarted(9,783,Some(AttributeKey[sbt.Compiler$Compilers]("compilers") in Scope(Global)))
Sending msg to client activator-341bbf76-bd5b-4ea9-98b8-33db8d705fa8: TaskFinished(9,783,Some(AttributeKey[sbt.Compiler$Compilers]("compilers") in Scope(Global)),true,None)
Sending msg to client activator-341bbf76-bd5b-4ea9-98b8-33db8d705fa8: TaskFinished(9,742,Some(AttributeKey[sbt.Configuration]("classpathConfiguration") in Scope(Build: file:/Users/Jo/repos/play-silhouette-slick-seed/, , Project: ProjectReference(file:/Users/Jo/repos/play-silhouette-slick-seed/,root), Config: compile)),true,None)
Sending msg to client activator-341bbf76-bd5b-4ea9-98b8-33db8d705fa8: TaskStarted(9,741,None)
Sending msg to client activator-341bbf76-bd5b-4ea9-98b8-33db8d705fa8: TaskStarted(9,775,None)
Sending msg to client activator-341bbf76-bd5b-4ea9-98b8-33db8d705fa8: TaskStarted(9,838,None)
Sending msg to client activator-341bbf76-bd5b-4ea9-98b8-33db8d705fa8: TaskStarted(9,839,None)
Sending msg to client activator-341bbf76-bd5b-4ea9-98b8-33db8d705fa8: TaskFinished(9,838,None,true,None)
Sending msg to client activator-341bbf76-bd5b-4ea9-98b8-33db8d705fa8: TaskFinished(9,839,None,true,None)
Sending msg to client activator-341bbf76-bd5b-4ea9-98b8-33db8d705fa8: TaskStarted(9,837,None)
Sending msg to client activator-341bbf76-bd5b-4ea9-98b8-33db8d705fa8: TaskFinished(9,837,None,true,None)
Sending msg to client activator-341bbf76-bd5b-4ea9-98b8-33db8d705fa8: TaskStarted(9,836,None)
Sending msg to client activator-341bbf76-bd5b-4ea9-98b8-33db8d705fa8: TaskFinished(9,836,None,true,None)
Sending msg to client activator-341bbf76-bd5b-4ea9-98b8-33db8d705fa8: TaskFinished(9,775,None,true,None)
Sending msg to client activator-341bbf76-bd5b-4ea9-98b8-33db8d705fa8: TaskStarted(9,774,Some(AttributeKey[scala.collection.Seq[sbt.Attributed[java.io.File]]]("internalDependencyClasspath") in Scope(Build: file:/Users/Jo/repos/play-silhouette-slick-seed/, , Project: ProjectReference(file:/Users/Jo/repos/play-silhouette-slick-seed/,root), Config: compile)))
Sending msg to client activator-341bbf76-bd5b-4ea9-98b8-33db8d705fa8: TaskFinished(9,741,None,true,None)
Sending msg to client activator-341bbf76-bd5b-4ea9-98b8-33db8d705fa8: TaskStarted(9,739,Some(AttributeKey[scala.collection.Seq[sbt.Attributed[java.io.File]]]("managedClasspath") in Scope(Build: file:/Users/Jo/repos/play-silhouette-slick-seed/, , Project: ProjectReference(file:/Users/Jo/repos/play-silhouette-slick-seed/,root), Config: compile)))
Sending msg to client activator-341bbf76-bd5b-4ea9-98b8-33db8d705fa8: TaskFinished(9,774,Some(AttributeKey[scala.collection.Seq[sbt.Attributed[java.io.File]]]("internalDependencyClasspath") in Scope(Build: file:/Users/Jo/repos/play-silhouette-slick-seed/, , Project: ProjectReference(file:/Users/Jo/repos/play-silhouette-slick-seed/,root), Config: compile)),true,None)
Sending msg to client activator-341bbf76-bd5b-4ea9-98b8-33db8d705fa8: TaskFinished(9,739,Some(AttributeKey[scala.collection.Seq[sbt.Attributed[java.io.File]]]("managedClasspath") in Scope(Build: file:/Users/Jo/repos/play-silhouette-slick-seed/, , Project: ProjectReference(file:/Users/Jo/repos/play-silhouette-slick-seed/,root), Config: compile)),true,None)
Sending msg to client activator-341bbf76-bd5b-4ea9-98b8-33db8d705fa8: TaskStarted(9,733,None)
Sending msg to client activator-341bbf76-bd5b-4ea9-98b8-33db8d705fa8: TaskFinished(9,733,None,true,None)
Sending msg to client activator-341bbf76-bd5b-4ea9-98b8-33db8d705fa8: TaskStarted(9,732,Some(AttributeKey[scala.collection.Seq[sbt.Attributed[java.io.File]]]("externalDependencyClasspath") in Scope(Build: file:/Users/Jo/repos/play-silhouette-slick-seed/, , Project: ProjectReference(file:/Users/Jo/repos/play-silhouette-slick-seed/,root), Config: compile)))
Sending msg to client activator-341bbf76-bd5b-4ea9-98b8-33db8d705fa8: TaskFinished(9,732,Some(AttributeKey[scala.collection.Seq[sbt.Attributed[java.io.File]]]("externalDependencyClasspath") in Scope(Build: file:/Users/Jo/repos/play-silhouette-slick-seed/, , Project: ProjectReference(file:/Users/Jo/repos/play-silhouette-slick-seed/,root), Config: compile)),true,None)
Sending msg to client activator-341bbf76-bd5b-4ea9-98b8-33db8d705fa8: TaskStarted(9,731,None)
Sending msg to client activator-341bbf76-bd5b-4ea9-98b8-33db8d705fa8: TaskFinished(9,731,None,true,None)
Sending msg to client activator-341bbf76-bd5b-4ea9-98b8-33db8d705fa8: TaskStarted(9,729,Some(AttributeKey[scala.collection.Seq[sbt.Attributed[java.io.File]]]("dependencyClasspath") in Scope(Build: file:/Users/Jo/repos/play-silhouette-slick-seed/, , Project: ProjectReference(file:/Users/Jo/repos/play-silhouette-slick-seed/,root), Config: compile)))
Sending msg to client activator-341bbf76-bd5b-4ea9-98b8-33db8d705fa8: TaskFinished(9,729,Some(AttributeKey[scala.collection.Seq[sbt.Attributed[java.io.File]]]("dependencyClasspath") in Scope(Build: file:/Users/Jo/repos/play-silhouette-slick-seed/, , Project: ProjectReference(file:/Users/Jo/repos/play-silhouette-slick-seed/,root), Config: compile)),true,None)
Sending msg to client activator-341bbf76-bd5b-4ea9-98b8-33db8d705fa8: TaskStarted(9,720,Some(AttributeKey[sbt.Compiler$IncSetup]("incCompileSetup") in Scope(Build: file:/Users/Jo/repos/play-silhouette-slick-seed/, , Project: ProjectReference(file:/Users/Jo/repos/play-silhouette-slick-seed/,root), Config: compile)))
Sending msg to client activator-341bbf76-bd5b-4ea9-98b8-33db8d705fa8: TaskFinished(9,720,Some(AttributeKey[sbt.Compiler$IncSetup]("incCompileSetup") in Scope(Build: file:/Users/Jo/repos/play-silhouette-slick-seed/, , Project: ProjectReference(file:/Users/Jo/repos/play-silhouette-slick-seed/,root), Config: compile)),true,None)
Sending msg to client activator-341bbf76-bd5b-4ea9-98b8-33db8d705fa8: TaskStarted(9,719,Some(AttributeKey[sbt.Compiler$PreviousAnalysis]("readAnalysis") in Scope(Build: file:/Users/Jo/repos/play-silhouette-slick-seed/, , Project: ProjectReference(file:/Users/Jo/repos/play-silhouette-slick-seed/,root), Config: compile)))
Sending msg to client activator-341bbf76-bd5b-4ea9-98b8-33db8d705fa8: TaskStarted(9,782,Some(AttributeKey[sbt.Compiler$Inputs]("compileInputs") in Scope(Build: file:/Users/Jo/repos/play-silhouette-slick-seed/, , Project: ProjectReference(file:/Users/Jo/repos/play-silhouette-slick-seed/,root), Config: compile, Task: AttributeKey[sbt.inc.Analysis]("compile"))))
Sending msg to client activator-341bbf76-bd5b-4ea9-98b8-33db8d705fa8: TaskFinished(9,719,Some(AttributeKey[sbt.Compiler$PreviousAnalysis]("readAnalysis") in Scope(Build: file:/Users/Jo/repos/play-silhouette-slick-seed/, , Project: ProjectReference(file:/Users/Jo/repos/play-silhouette-slick-seed/,root), Config: compile)),true,None)
Sending msg to client activator-341bbf76-bd5b-4ea9-98b8-33db8d705fa8: TaskFinished(9,782,Some(AttributeKey[sbt.Compiler$Inputs]("compileInputs") in Scope(Build: file:/Users/Jo/repos/play-silhouette-slick-seed/, , Project: ProjectReference(file:/Users/Jo/repos/play-silhouette-slick-seed/,root), Config: compile, Task: AttributeKey[sbt.inc.Analysis]("compile"))),true,None)
Sending msg to client activator-341bbf76-bd5b-4ea9-98b8-33db8d705fa8: TaskStarted(9,779,Some(AttributeKey[scala.Option[xsbti.Reporter]]("compilerReporter") in Scope(Build: file:/Users/Jo/repos/play-silhouette-slick-seed/, , Project: ProjectReference(file:/Users/Jo/repos/play-silhouette-slick-seed/,root), Config: compile, Task: AttributeKey[sbt.inc.Analysis]("compile"))))
Sending msg to client activator-341bbf76-bd5b-4ea9-98b8-33db8d705fa8: TaskFinished(9,779,Some(AttributeKey[scala.Option[xsbti.Reporter]]("compilerReporter") in Scope(Build: file:/Users/Jo/repos/play-silhouette-slick-seed/, , Project: ProjectReference(file:/Users/Jo/repos/play-silhouette-slick-seed/,root), Config: compile, Task: AttributeKey[sbt.inc.Analysis]("compile"))),true,None)
Sending msg to client activator-341bbf76-bd5b-4ea9-98b8-33db8d705fa8: TaskStarted(9,718,Some(AttributeKey[sbt.compiler.IC$Result]("compileIncremental") in Scope(Build: file:/Users/Jo/repos/play-silhouette-slick-seed/, , Project: ProjectReference(file:/Users/Jo/repos/play-silhouette-slick-seed/,root), Config: compile)))
Sending msg to client activator-341bbf76-bd5b-4ea9-98b8-33db8d705fa8: TaskLogEvent(718,LogMessage(debug,
Initial source changes: 
	removed:Set()
	added: Set()
	modified: Set()
Removed products: Set()
External API changes: API Changes: Set()
Modified binary dependencies: Set()
Initial directly invalidated sources: Set()

Sources indirectly invalidated by:
	product: Set()
	binary dep: Set()
	external source: Set()))
Sending msg to client activator-341bbf76-bd5b-4ea9-98b8-33db8d705fa8: TaskLogEvent(718,LogMessage(debug,All initially invalidated sources: Set()
))
Sending msg to client activator-341bbf76-bd5b-4ea9-98b8-33db8d705fa8: TaskFinished(9,718,Some(AttributeKey[sbt.compiler.IC$Result]("compileIncremental") in Scope(Build: file:/Users/Jo/repos/play-silhouette-slick-seed/, , Project: ProjectReference(file:/Users/Jo/repos/play-silhouette-slick-seed/,root), Config: compile)),true,None)
Sending msg to client activator-341bbf76-bd5b-4ea9-98b8-33db8d705fa8: TaskStarted(9,717,Some(AttributeKey[sbt.compiler.IC$Result]("manipulateBytecode") in Scope(Build: file:/Users/Jo/repos/play-silhouette-slick-seed/, , Project: ProjectReference(file:/Users/Jo/repos/play-silhouette-slick-seed/,root), Config: compile)))
Sending msg to client activator-341bbf76-bd5b-4ea9-98b8-33db8d705fa8: TaskFinished(9,717,Some(AttributeKey[sbt.compiler.IC$Result]("manipulateBytecode") in Scope(Build: file:/Users/Jo/repos/play-silhouette-slick-seed/, , Project: ProjectReference(file:/Users/Jo/repos/play-silhouette-slick-seed/,root), Config: compile)),true,None)
Sending msg to client activator-341bbf76-bd5b-4ea9-98b8-33db8d705fa8: TaskStarted(9,716,Some(AttributeKey[sbt.inc.Analysis]("compile") in Scope(Build: file:/Users/Jo/repos/play-silhouette-slick-seed/, , Project: ProjectReference(file:/Users/Jo/repos/play-silhouette-slick-seed/,root), Config: compile)))
Sending msg to client activator-341bbf76-bd5b-4ea9-98b8-33db8d705fa8: TaskFinished(9,716,Some(AttributeKey[sbt.inc.Analysis]("compile") in Scope(Build: file:/Users/Jo/repos/play-silhouette-slick-seed/, , Project: ProjectReference(file:/Users/Jo/repos/play-silhouette-slick-seed/,root), Config: compile)),true,None)
Sending msg to client activator-341bbf76-bd5b-4ea9-98b8-33db8d705fa8: TaskStarted(9,715,Some(AttributeKey[scala.collection.Seq[java.lang.String]]("discoveredMainClasses") in Scope(Build: file:/Users/Jo/repos/play-silhouette-slick-seed/, , Project: ProjectReference(file:/Users/Jo/repos/play-silhouette-slick-seed/,root), Config: compile)))
Sending msg to client activator-341bbf76-bd5b-4ea9-98b8-33db8d705fa8: TaskFinished(9,715,Some(AttributeKey[scala.collection.Seq[java.lang.String]]("discoveredMainClasses") in Scope(Build: file:/Users/Jo/repos/play-silhouette-slick-seed/, , Project: ProjectReference(file:/Users/Jo/repos/play-silhouette-slick-seed/,root), Config: compile)),true,None)
Sending msg to client activator-341bbf76-bd5b-4ea9-98b8-33db8d705fa8: ValueChanged(AttributeKey[scala.collection.Seq[java.lang.String]]("discoveredMainClasses") in Scope(Build: file:/Users/Jo/repos/play-silhouette-slick-seed/, , Project: ProjectReference(file:/Users/Jo/repos/play-silhouette-slick-seed/,root), Config: compile),TaskSuccess(BuildValue(LazyValue(List(),scala.pickling.PicklerUnpickler$DelegatingPicklerUnpickler@2d8494f3),List())))
Sending msg to client activator-341bbf76-bd5b-4ea9-98b8-33db8d705fa8: TaskStarted(9,714,None)
Sending msg to client activator-341bbf76-bd5b-4ea9-98b8-33db8d705fa8: TaskFinished(9,714,None,true,None)
Sending msg to client activator-341bbf76-bd5b-4ea9-98b8-33db8d705fa8: TaskStarted(9,713,None)
Sending msg to client activator-341bbf76-bd5b-4ea9-98b8-33db8d705fa8: TaskFinished(9,713,None,true,None)
Sending msg to client activator-341bbf76-bd5b-4ea9-98b8-33db8d705fa8: DetachedLogEvent(LogMessage(debug,cancel strategy finish enabled=false lastCommand=Some(LastCommand(CommandExecutionWork(ExecutionId(9),{file:/Users/Jo/repos/play-silhouette-slick-seed/}root/compile:discoveredMainClasses,Set(LiveClient(activator 341bbf76-bd5b-4ea9-98b8-33db8d705fa8)),sbt.server.WorkCancellationStatus$$anon$1@42c2b9b7)))))
Sending msg to client activator-341bbf76-bd5b-4ea9-98b8-33db8d705fa8: DetachedLogEvent(LogSuccess(Total time: 1 s, completed 20-Aug-2015 09:39:03))
Sending msg to client activator-341bbf76-bd5b-4ea9-98b8-33db8d705fa8: DetachedLogEvent(LogMessage(debug,> server-post-command-cleanup))
Sending msg to client activator-341bbf76-bd5b-4ea9-98b8-33db8d705fa8: ExecutionSuccess(9)
Sending msg to client activator-341bbf76-bd5b-4ea9-98b8-33db8d705fa8: DetachedLogEvent(LogMessage(debug,> server-handle-next-server-request))
Sending msg to client activator-341bbf76-bd5b-4ea9-98b8-33db8d705fa8: ExecutionStarting(10)
Sending msg to client activator-341bbf76-bd5b-4ea9-98b8-33db8d705fa8: DetachedLogEvent(LogMessage(debug,> {file:/Users/Jo/repos/play-silhouette-slick-seed/}root/compile:mainClass))
Sending msg to client activator-341bbf76-bd5b-4ea9-98b8-33db8d705fa8: DetachedLogEvent(LogMessage(debug,Evaluating tasks: compile:mainClass))
Sending msg to client activator-341bbf76-bd5b-4ea9-98b8-33db8d705fa8: DetachedLogEvent(LogMessage(debug,Running task... Cancel: sbt.server.ServerTaskCancellation@13858a89, check cycles: false))
Sending msg to client activator-341bbf76-bd5b-4ea9-98b8-33db8d705fa8: DetachedLogEvent(LogMessage(debug,cancel strategy start enabled=true lastCommand=Some(LastCommand(CommandExecutionWork(ExecutionId(10),{file:/Users/Jo/repos/play-silhouette-slick-seed/}root/compile:mainClass,Set(LiveClient(activator 341bbf76-bd5b-4ea9-98b8-33db8d705fa8)),sbt.server.WorkCancellationStatus$$anon$1@2d8df9dd)))))
Sending msg to client activator-341bbf76-bd5b-4ea9-98b8-33db8d705fa8: TaskStarted(10,842,Some(AttributeKey[scala.Option[java.lang.String]]("mainClass") in Scope(Build: file:/Users/Jo/repos/play-silhouette-slick-seed/, , Project: ProjectReference(file:/Users/Jo/repos/play-silhouette-slick-seed/,root), Config: compile)))
Sending msg to client activator-341bbf76-bd5b-4ea9-98b8-33db8d705fa8: TaskFinished(10,842,Some(AttributeKey[scala.Option[java.lang.String]]("mainClass") in Scope(Build: file:/Users/Jo/repos/play-silhouette-slick-seed/, , Project: ProjectReference(file:/Users/Jo/repos/play-silhouette-slick-seed/,root), Config: compile)),true,None)
Sending msg to client activator-341bbf76-bd5b-4ea9-98b8-33db8d705fa8: ValueChanged(AttributeKey[scala.Option[java.lang.String]]("mainClass") in Scope(Build: file:/Users/Jo/repos/play-silhouette-slick-seed/, , Project: ProjectReference(file:/Users/Jo/repos/play-silhouette-slick-seed/,root), Config: compile),TaskSuccess(BuildValue(LazyValue(Some(play.core.server.ProdServerStart),scala.pickling.PicklerUnpickler$DelegatingPicklerUnpickler@6dc2a341),Some(play.core.server.ProdServerStart))))
Sending msg to client activator-341bbf76-bd5b-4ea9-98b8-33db8d705fa8: TaskStarted(10,841,None)
Sending msg to client activator-341bbf76-bd5b-4ea9-98b8-33db8d705fa8: TaskFinished(10,841,None,true,None)
Sending msg to client activator-341bbf76-bd5b-4ea9-98b8-33db8d705fa8: TaskStarted(10,840,None)
Sending msg to client activator-341bbf76-bd5b-4ea9-98b8-33db8d705fa8: TaskFinished(10,840,None,true,None)
Sending msg to client activator-341bbf76-bd5b-4ea9-98b8-33db8d705fa8: DetachedLogEvent(LogMessage(debug,cancel strategy finish enabled=false lastCommand=Some(LastCommand(CommandExecutionWork(ExecutionId(10),{file:/Users/Jo/repos/play-silhouette-slick-seed/}root/compile:mainClass,Set(LiveClient(activator 341bbf76-bd5b-4ea9-98b8-33db8d705fa8)),sbt.server.WorkCancellationStatus$$anon$1@2d8df9dd)))))
Sending msg to client activator-341bbf76-bd5b-4ea9-98b8-33db8d705fa8: DetachedLogEvent(LogSuccess(Total time: 0 s, completed 20-Aug-2015 09:39:03))
Sending msg to client activator-341bbf76-bd5b-4ea9-98b8-33db8d705fa8: DetachedLogEvent(LogMessage(debug,> server-post-command-cleanup))
Sending msg to client activator-341bbf76-bd5b-4ea9-98b8-33db8d705fa8: ExecutionSuccess(10)
Sending msg to client activator-341bbf76-bd5b-4ea9-98b8-33db8d705fa8: DetachedLogEvent(LogMessage(debug,> server-handle-next-server-request))
Sending msg to client activator-341bbf76-bd5b-4ea9-98b8-33db8d705fa8: BackgroundJobLogEvent(1,LogMessage(warn,c.z.h.HikariConfig - validationTimeout is greater than connectionTimeout, setting validationTimeout to connectionTimeout.))
Sending msg to client activator-341bbf76-bd5b-4ea9-98b8-33db8d705fa8: BackgroundJobLogEvent(1,LogMessage(info,p.a.l.c.ActorSystemProvider - Starting application default Akka system: application))
Sending msg to client activator-341bbf76-bd5b-4ea9-98b8-33db8d705fa8: BackgroundJobLogEvent(1,LogMessage(info,play.api.Play - Application started (Dev)))
Got request: UnlistenToEvents()
Reading next message from client.
Sending msg to client activator-341bbf76-bd5b-4ea9-98b8-33db8d705fa8: (14,ReceivedResponse())
Got request: UnlistenToValue(AttributeKey[scala.collection.Seq[java.lang.String]]("discoveredMainClasses") in Scope(Build: file:/Users/Jo/repos/play-silhouette-slick-seed/, , Project: ProjectReference(file:/Users/Jo/repos/play-silhouette-slick-seed/,root), Config: compile))
Reading next message from client.
Got request: UnlistenToValue(AttributeKey[scala.Option[java.lang.String]]("mainClass") in Scope(Build: file:/Users/Jo/repos/play-silhouette-slick-seed/, , Project: ProjectReference(file:/Users/Jo/repos/play-silhouette-slick-seed/,root), Config: compile))
Reading next message from client.
Sending msg to client activator-341bbf76-bd5b-4ea9-98b8-33db8d705fa8: (15,ReceivedResponse())
Sending msg to client activator-341bbf76-bd5b-4ea9-98b8-33db8d705fa8: (16,ReceivedResponse())
Got request: UnlistenToBuildChange()
Reading next message from client.
Sending msg to client activator-341bbf76-bd5b-4ea9-98b8-33db8d705fa8: (17,ReceivedResponse())
Client activator-341bbf76-bd5b-4ea9-98b8-33db8d705fa8 EOF, shutting down.
Stopping client.
Dropping message (0,ReceivedResponse()) to dead client activator-341bbf76-bd5b-4ea9-98b8-33db8d705fa8
Client activator-341bbf76-bd5b-4ea9-98b8-33db8d705fa8 thread exiting.
