New log file opened at Tue Aug 18 23:34:47 BST 2015 by 1662@joannes-mbp.lan
Sending msg to client play-fork-run-fe18c5c5-9d67-489f-aaaf-8986a4b56556: TaskStarted(119,16754,None)
Sending msg to client play-fork-run-fe18c5c5-9d67-489f-aaaf-8986a4b56556: TaskFinished(119,16754,None,true,None)
Sending msg to client play-fork-run-fe18c5c5-9d67-489f-aaaf-8986a4b56556: TaskStarted(119,16753,None)
Sending msg to client play-fork-run-fe18c5c5-9d67-489f-aaaf-8986a4b56556: TaskFinished(119,16753,None,true,None)
Sending msg to client play-fork-run-fe18c5c5-9d67-489f-aaaf-8986a4b56556: DetachedLogEvent(LogMessage(debug,cancel strategy finish enabled=false lastCommand=Some(LastCommand(CommandExecutionWork(ExecutionId(119),{file:/Users/Jo/repos/play-silhouette-slick-seed/}root/*:playForkReload,Set(LiveClient(play-fork-run fe18c5c5-9d67-489f-aaaf-8986a4b56556)),sbt.server.WorkCancellationStatus$$anon$1@247a2da)))))
Sending msg to client play-fork-run-fe18c5c5-9d67-489f-aaaf-8986a4b56556: DetachedLogEvent(LogSuccess(Total time: 2 s, completed 18-Aug-2015 23:34:47))
Sending msg to client play-fork-run-fe18c5c5-9d67-489f-aaaf-8986a4b56556: DetachedLogEvent(LogMessage(debug,> server-post-command-cleanup))
Sending msg to client play-fork-run-fe18c5c5-9d67-489f-aaaf-8986a4b56556: ExecutionSuccess(119)
Sending msg to client play-fork-run-fe18c5c5-9d67-489f-aaaf-8986a4b56556: DetachedLogEvent(LogMessage(debug,> server-handle-next-server-request))
Sending msg to client play-fork-run-fe18c5c5-9d67-489f-aaaf-8986a4b56556: BackgroundJobLogEvent(2,LogMessage(info,))
Sending msg to client play-fork-run-fe18c5c5-9d67-489f-aaaf-8986a4b56556: BackgroundJobLogEvent(2,LogMessage(info,[35m--- (RELOAD) ---[0m))
Sending msg to client play-fork-run-fe18c5c5-9d67-489f-aaaf-8986a4b56556: BackgroundJobLogEvent(2,LogMessage(info,))
Sending msg to client play-fork-run-fe18c5c5-9d67-489f-aaaf-8986a4b56556: BackgroundJobLogEvent(2,LogMessage(info,p.a.l.c.ActorSystemProvider - Shutdown application default Akka system: application))
Sending msg to client play-fork-run-fe18c5c5-9d67-489f-aaaf-8986a4b56556: BackgroundJobLogEvent(2,LogMessage(warn,c.z.h.HikariConfig - validationTimeout is greater than connectionTimeout, setting validationTimeout to connectionTimeout.))
Sending msg to client play-fork-run-fe18c5c5-9d67-489f-aaaf-8986a4b56556: BackgroundJobLogEvent(2,LogMessage(info,p.a.l.c.ActorSystemProvider - Starting application default Akka system: application))
Sending msg to client play-fork-run-fe18c5c5-9d67-489f-aaaf-8986a4b56556: BackgroundJobLogEvent(2,LogMessage(info,play.api.Play - Application started (Dev)))
Sending msg to client play-fork-run-fe18c5c5-9d67-489f-aaaf-8986a4b56556: ExecutionWaiting(120,jobStop 2,ClientInfo(80566e63-d85c-435a-9135-2b52e1181f33,activator,Activator,3,Vector()))
Sending msg to client play-fork-run-fe18c5c5-9d67-489f-aaaf-8986a4b56556: ExecutionStarting(120)
Sending msg to client play-fork-run-fe18c5c5-9d67-489f-aaaf-8986a4b56556: DetachedLogEvent(LogMessage(debug,> jobStop 2))
Sending msg to client play-fork-run-fe18c5c5-9d67-489f-aaaf-8986a4b56556: DetachedLogEvent(LogMessage(debug,Evaluating tasks: *:jobStop))
Sending msg to client play-fork-run-fe18c5c5-9d67-489f-aaaf-8986a4b56556: DetachedLogEvent(LogMessage(debug,Running task... Cancel: sbt.server.ServerTaskCancellation@66c643e1, check cycles: false))
Sending msg to client play-fork-run-fe18c5c5-9d67-489f-aaaf-8986a4b56556: DetachedLogEvent(LogMessage(debug,cancel strategy start enabled=true lastCommand=Some(LastCommand(CommandExecutionWork(ExecutionId(120),jobStop 2,Set(LiveClient(activator 80566e63-d85c-435a-9135-2b52e1181f33)),sbt.server.WorkCancellationStatus$$anon$1@5ada050d)))))
Sending msg to client play-fork-run-fe18c5c5-9d67-489f-aaaf-8986a4b56556: TaskStarted(120,16961,Some(AttributeKey[void]("jobStop") in Scope(Global)))
Sending msg to client play-fork-run-fe18c5c5-9d67-489f-aaaf-8986a4b56556: TaskFinished(120,16961,Some(AttributeKey[void]("jobStop") in Scope(Global)),true,None)
Sending msg to client play-fork-run-fe18c5c5-9d67-489f-aaaf-8986a4b56556: TaskStarted(120,16960,None)
Sending msg to client play-fork-run-fe18c5c5-9d67-489f-aaaf-8986a4b56556: TaskFinished(120,16960,None,true,None)
Sending msg to client play-fork-run-fe18c5c5-9d67-489f-aaaf-8986a4b56556: TaskStarted(120,16959,None)
Sending msg to client play-fork-run-fe18c5c5-9d67-489f-aaaf-8986a4b56556: TaskFinished(120,16959,None,true,None)
Sending msg to client play-fork-run-fe18c5c5-9d67-489f-aaaf-8986a4b56556: DetachedLogEvent(LogMessage(debug,cancel strategy finish enabled=false lastCommand=Some(LastCommand(CommandExecutionWork(ExecutionId(120),jobStop 2,Set(LiveClient(activator 80566e63-d85c-435a-9135-2b52e1181f33)),sbt.server.WorkCancellationStatus$$anon$1@5ada050d)))))
Sending msg to client play-fork-run-fe18c5c5-9d67-489f-aaaf-8986a4b56556: DetachedLogEvent(LogSuccess(Total time: 0 s, completed 18-Aug-2015 23:42:03))
Sending msg to client play-fork-run-fe18c5c5-9d67-489f-aaaf-8986a4b56556: DetachedLogEvent(LogMessage(debug,> server-post-command-cleanup))
Sending msg to client play-fork-run-fe18c5c5-9d67-489f-aaaf-8986a4b56556: ExecutionSuccess(120)
Sending msg to client play-fork-run-fe18c5c5-9d67-489f-aaaf-8986a4b56556: DetachedLogEvent(LogMessage(debug,> server-handle-next-server-request))
Sending msg to client play-fork-run-fe18c5c5-9d67-489f-aaaf-8986a4b56556: BackgroundJobLogEvent(2,LogMessage(info,Stopping Play fork run ...))
Sending msg to client play-fork-run-fe18c5c5-9d67-489f-aaaf-8986a4b56556: BackgroundJobLogEvent(2,LogMessage(info,p.a.l.c.ActorSystemProvider - Shutdown application default Akka system: application))
Got request: UnlistenToEvents()
Reading next message from client.
Sending msg to client play-fork-run-fe18c5c5-9d67-489f-aaaf-8986a4b56556: (39,ReceivedResponse())
Got request: UnlistenToValue(AttributeKey[play.forkrun.protocol.ForkConfig]("playForkConfig") in Scope(Build: file:/Users/Jo/repos/play-silhouette-slick-seed/, , Project: ProjectReference(file:/Users/Jo/repos/play-silhouette-slick-seed/,root)))
Reading next message from client.
Got request: UnlistenToValue(AttributeKey[play.runsupport.Reloader$CompileResult]("playForkReload") in Scope(Build: file:/Users/Jo/repos/play-silhouette-slick-seed/, , Project: ProjectReference(file:/Users/Jo/repos/play-silhouette-slick-seed/,root)))
Reading next message from client.
Client play-fork-run-fe18c5c5-9d67-489f-aaaf-8986a4b56556 EOF, shutting down.
Stopping client.
Client play-fork-run-fe18c5c5-9d67-489f-aaaf-8986a4b56556 thread exiting.
Dropping message (40,ReceivedResponse()) to dead client play-fork-run-fe18c5c5-9d67-489f-aaaf-8986a4b56556
Dropping message (41,ReceivedResponse()) to dead client play-fork-run-fe18c5c5-9d67-489f-aaaf-8986a4b56556
Dropping message (0,ReceivedResponse()) to dead client play-fork-run-fe18c5c5-9d67-489f-aaaf-8986a4b56556
