New log file opened at Sun Aug 23 16:35:53 BST 2015 by 531@joannes-mbp.lan
Sending msg to client play-fork-run-28fb6863-176a-4dc2-919b-7834ad4215bf: DetachedLogEvent(LogMessage(debug,sbt server socket logs are in: /Users/Jo/repos/play-silhouette-slick-seed/.sbtserver/connections/master.log))
Sending msg to client play-fork-run-28fb6863-176a-4dc2-919b-7834ad4215bf: DetachedLogEvent(LogMessage(debug,sbt client logs are in: /Users/Jo/repos/play-silhouette-slick-seed/.sbtserver/connections/play-fork-run-28fb6863-176a-4dc2-919b-7834ad4215bf.log))
Sending msg to client play-fork-run-28fb6863-176a-4dc2-919b-7834ad4215bf: DetachedLogEvent(LogMessage(debug,sbt general server logs are in: /Users/Jo/repos/play-silhouette-slick-seed/.sbtserver/master.log))
Reading next message from client.
Got request: DaemonRequest(true)
Reading next message from client.
Sending msg to client play-fork-run-28fb6863-176a-4dc2-919b-7834ad4215bf: (3,ReceivedResponse())
Got request: ListenToEvents()
Reading next message from client.
Sending msg to client play-fork-run-28fb6863-176a-4dc2-919b-7834ad4215bf: BackgroundJobStarted(79,BackgroundJobInfo(5,backgroundRun,AttributeKey[sbt.BackgroundJobHandle]("backgroundRun") in Scope(Build: file:/Users/Jo/repos/play-silhouette-slick-seed/, , Project: ProjectReference(file:/Users/Jo/repos/play-silhouette-slick-seed/,root), Config: compile)))
Sending msg to client play-fork-run-28fb6863-176a-4dc2-919b-7834ad4215bf: BackgroundJobStarted(46,BackgroundJobInfo(4,backgroundRun,AttributeKey[sbt.BackgroundJobHandle]("backgroundRun") in Scope(Build: file:/Users/Jo/repos/play-silhouette-slick-seed/, , Project: ProjectReference(file:/Users/Jo/repos/play-silhouette-slick-seed/,root), Config: compile)))
Sending msg to client play-fork-run-28fb6863-176a-4dc2-919b-7834ad4215bf: (4,ReceivedResponse())
Got request: KeyLookupRequest(root/playForkConfig)
Reading next message from client.
Sending msg to client play-fork-run-28fb6863-176a-4dc2-919b-7834ad4215bf: (5,KeyLookupResponse(root/playForkConfig,Vector(AttributeKey[play.forkrun.protocol.ForkConfig]("playForkConfig") in Scope(Build: file:/Users/Jo/repos/play-silhouette-slick-seed/, , Project: ProjectReference(file:/Users/Jo/repos/play-silhouette-slick-seed/,root)))))
Got request: ListenToValue(AttributeKey[play.forkrun.protocol.ForkConfig]("playForkConfig") in Scope(Build: file:/Users/Jo/repos/play-silhouette-slick-seed/, , Project: ProjectReference(file:/Users/Jo/repos/play-silhouette-slick-seed/,root)))
Reading next message from client.
Sending msg to client play-fork-run-28fb6863-176a-4dc2-919b-7834ad4215bf: (6,ReceivedResponse())
Got request: KeyExecutionRequest(AttributeKey[play.forkrun.protocol.ForkConfig]("playForkConfig") in Scope(Build: file:/Users/Jo/repos/play-silhouette-slick-seed/, , Project: ProjectReference(file:/Users/Jo/repos/play-silhouette-slick-seed/,root)))
Reading next message from client.
Sending msg to client play-fork-run-28fb6863-176a-4dc2-919b-7834ad4215bf: (7,ExecutionRequestReceived(80))
Sending msg to client play-fork-run-28fb6863-176a-4dc2-919b-7834ad4215bf: ExecutionWaiting(80,{file:/Users/Jo/repos/play-silhouette-slick-seed/}root/*:playForkConfig,ClientInfo(28fb6863-176a-4dc2-919b-7834ad4215bf,play-fork-run,Play Fork Run,1,Vector()))
Sending msg to client play-fork-run-28fb6863-176a-4dc2-919b-7834ad4215bf: ExecutionStarting(80)
Sending msg to client play-fork-run-28fb6863-176a-4dc2-919b-7834ad4215bf: DetachedLogEvent(LogMessage(debug,> {file:/Users/Jo/repos/play-silhouette-slick-seed/}root/*:playForkConfig))
Sending msg to client play-fork-run-28fb6863-176a-4dc2-919b-7834ad4215bf: DetachedLogEvent(LogMessage(debug,Evaluating tasks: *:playForkConfig))
Sending msg to client play-fork-run-28fb6863-176a-4dc2-919b-7834ad4215bf: DetachedLogEvent(LogMessage(debug,Running task... Cancel: sbt.server.ServerTaskCancellation@bddfeea, check cycles: false))
Sending msg to client play-fork-run-28fb6863-176a-4dc2-919b-7834ad4215bf: DetachedLogEvent(LogMessage(debug,cancel strategy start enabled=true lastCommand=Some(LastCommand(CommandExecutionWork(ExecutionId(80),{file:/Users/Jo/repos/play-silhouette-slick-seed/}root/*:playForkConfig,Set(LiveClient(play-fork-run 28fb6863-176a-4dc2-919b-7834ad4215bf)),sbt.server.WorkCancellationStatus$$anon$1@676d50bd)))))
Sending msg to client play-fork-run-28fb6863-176a-4dc2-919b-7834ad4215bf: TaskStarted(80,10262,None)
Sending msg to client play-fork-run-28fb6863-176a-4dc2-919b-7834ad4215bf: TaskStarted(80,10263,Some(AttributeKey[java.lang.String]("updateCacheName") in Scope(Build: file:/Users/Jo/repos/play-silhouette-slick-seed/, , Project: ProjectReference(file:/Users/Jo/repos/play-silhouette-slick-seed/,root))))
Sending msg to client play-fork-run-28fb6863-176a-4dc2-919b-7834ad4215bf: TaskStarted(80,10267,None)
Sending msg to client play-fork-run-28fb6863-176a-4dc2-919b-7834ad4215bf: TaskStarted(80,10268,None)
Sending msg to client play-fork-run-28fb6863-176a-4dc2-919b-7834ad4215bf: TaskStarted(80,10270,None)
Sending msg to client play-fork-run-28fb6863-176a-4dc2-919b-7834ad4215bf: TaskStarted(80,10271,None)
Sending msg to client play-fork-run-28fb6863-176a-4dc2-919b-7834ad4215bf: TaskStarted(80,10272,None)
Sending msg to client play-fork-run-28fb6863-176a-4dc2-919b-7834ad4215bf: TaskStarted(80,10280,Some(AttributeKey[scala.collection.Seq[sbt.Credentials]]("credentials") in Scope(Global)))
Sending msg to client play-fork-run-28fb6863-176a-4dc2-919b-7834ad4215bf: TaskStarted(80,10286,Some(AttributeKey[scala.Option[scala.collection.Seq[sbt.Resolver]]]("bootResolvers") in Scope(Build: file:/Users/Jo/repos/play-silhouette-slick-seed/, , Project: ProjectReference(file:/Users/Jo/repos/play-silhouette-slick-seed/,root))))
Sending msg to client play-fork-run-28fb6863-176a-4dc2-919b-7834ad4215bf: TaskStarted(80,10287,Some(AttributeKey[scala.collection.Seq[sbt.Resolver]]("externalResolvers") in Scope(Build: file:/Users/Jo/repos/play-silhouette-slick-seed/, , Project: ProjectReference(file:/Users/Jo/repos/play-silhouette-slick-seed/,root))))
Sending msg to client play-fork-run-28fb6863-176a-4dc2-919b-7834ad4215bf: TaskStarted(80,10292,Some(AttributeKey[boolean]("skip") in Scope(Global)))
Sending msg to client play-fork-run-28fb6863-176a-4dc2-919b-7834ad4215bf: TaskStarted(80,10305,None)
Sending msg to client play-fork-run-28fb6863-176a-4dc2-919b-7834ad4215bf: TaskStarted(80,10306,Some(AttributeKey[scala.Option[java.lang.String]]("mainClass") in Scope(Build: file:/Users/Jo/repos/play-silhouette-slick-seed/, , Project: ProjectReference(file:/Users/Jo/repos/play-silhouette-slick-seed/,root), Config: compile, Task: AttributeKey[void]("run"))))
Sending msg to client play-fork-run-28fb6863-176a-4dc2-919b-7834ad4215bf: TaskStarted(80,10307,Some(AttributeKey[scala.collection.Seq[java.lang.String]]("javaOptions") in Scope(Global)))
Sending msg to client play-fork-run-28fb6863-176a-4dc2-919b-7834ad4215bf: TaskStarted(80,10309,None)
Sending msg to client play-fork-run-28fb6863-176a-4dc2-919b-7834ad4215bf: TaskStarted(80,10311,Some(AttributeKey[scala.Tuple2[java.lang.String,java.io.File]]("playPrefixAndAssets") in Scope(Build: file:/Users/Jo/repos/play-silhouette-slick-seed/, , Project: ProjectReference(file:/Users/Jo/repos/play-silhouette-slick-seed/,root))))
Sending msg to client play-fork-run-28fb6863-176a-4dc2-919b-7834ad4215bf: TaskFinished(80,10262,None,true,None)
Sending msg to client play-fork-run-28fb6863-176a-4dc2-919b-7834ad4215bf: TaskStarted(80,10261,None)
Sending msg to client play-fork-run-28fb6863-176a-4dc2-919b-7834ad4215bf: TaskStarted(80,10279,None)
Sending msg to client play-fork-run-28fb6863-176a-4dc2-919b-7834ad4215bf: TaskStarted(80,10285,None)
Sending msg to client play-fork-run-28fb6863-176a-4dc2-919b-7834ad4215bf: TaskStarted(80,10288,None)
Sending msg to client play-fork-run-28fb6863-176a-4dc2-919b-7834ad4215bf: TaskStarted(80,10291,None)
Sending msg to client play-fork-run-28fb6863-176a-4dc2-919b-7834ad4215bf: TaskStarted(80,10294,None)
Sending msg to client play-fork-run-28fb6863-176a-4dc2-919b-7834ad4215bf: TaskStarted(80,10297,None)
Sending msg to client play-fork-run-28fb6863-176a-4dc2-919b-7834ad4215bf: TaskStarted(80,10300,None)
Sending msg to client play-fork-run-28fb6863-176a-4dc2-919b-7834ad4215bf: TaskFinished(80,10263,Some(AttributeKey[java.lang.String]("updateCacheName") in Scope(Build: file:/Users/Jo/repos/play-silhouette-slick-seed/, , Project: ProjectReference(file:/Users/Jo/repos/play-silhouette-slick-seed/,root))),true,None)
Sending msg to client play-fork-run-28fb6863-176a-4dc2-919b-7834ad4215bf: TaskFinished(80,10267,None,true,None)
Sending msg to client play-fork-run-28fb6863-176a-4dc2-919b-7834ad4215bf: TaskStarted(80,10266,Some(AttributeKey[sbt.BuildStructure]("buildStructure") in Scope(Global)))
Sending msg to client play-fork-run-28fb6863-176a-4dc2-919b-7834ad4215bf: TaskStarted(80,10273,Some(AttributeKey[java.io.File]("dependencyCacheDirectory") in Scope(Build: file:/Users/Jo/repos/play-silhouette-slick-seed/, , Project: ProjectReference(file:/Users/Jo/repos/play-silhouette-slick-seed/,root))))
Sending msg to client play-fork-run-28fb6863-176a-4dc2-919b-7834ad4215bf: TaskFinished(80,10270,None,true,None)
Sending msg to client play-fork-run-28fb6863-176a-4dc2-919b-7834ad4215bf: TaskFinished(80,10271,None,true,None)
Sending msg to client play-fork-run-28fb6863-176a-4dc2-919b-7834ad4215bf: TaskStarted(80,10269,Some(AttributeKey[scala.collection.Seq[sbt.UpdateReport]]("transitiveUpdate") in Scope(Build: file:/Users/Jo/repos/play-silhouette-slick-seed/, , Project: ProjectReference(file:/Users/Jo/repos/play-silhouette-slick-seed/,root))))
Sending msg to client play-fork-run-28fb6863-176a-4dc2-919b-7834ad4215bf: TaskFinished(80,10268,None,true,None)
Sending msg to client play-fork-run-28fb6863-176a-4dc2-919b-7834ad4215bf: TaskFinished(80,10272,None,true,None)
Sending msg to client play-fork-run-28fb6863-176a-4dc2-919b-7834ad4215bf: TaskFinished(80,10280,Some(AttributeKey[scala.collection.Seq[sbt.Credentials]]("credentials") in Scope(Global)),true,None)
Sending msg to client play-fork-run-28fb6863-176a-4dc2-919b-7834ad4215bf: TaskFinished(80,10286,Some(AttributeKey[scala.Option[scala.collection.Seq[sbt.Resolver]]]("bootResolvers") in Scope(Build: file:/Users/Jo/repos/play-silhouette-slick-seed/, , Project: ProjectReference(file:/Users/Jo/repos/play-silhouette-slick-seed/,root))),true,None)
Sending msg to client play-fork-run-28fb6863-176a-4dc2-919b-7834ad4215bf: TaskFinished(80,10287,Some(AttributeKey[scala.collection.Seq[sbt.Resolver]]("externalResolvers") in Scope(Build: file:/Users/Jo/repos/play-silhouette-slick-seed/, , Project: ProjectReference(file:/Users/Jo/repos/play-silhouette-slick-seed/,root))),true,None)
Sending msg to client play-fork-run-28fb6863-176a-4dc2-919b-7834ad4215bf: TaskFinished(80,10292,Some(AttributeKey[boolean]("skip") in Scope(Global)),true,None)
Sending msg to client play-fork-run-28fb6863-176a-4dc2-919b-7834ad4215bf: TaskFinished(80,10305,None,true,None)
Sending msg to client play-fork-run-28fb6863-176a-4dc2-919b-7834ad4215bf: TaskFinished(80,10309,None,true,None)
Sending msg to client play-fork-run-28fb6863-176a-4dc2-919b-7834ad4215bf: TaskFinished(80,10311,Some(AttributeKey[scala.Tuple2[java.lang.String,java.io.File]]("playPrefixAndAssets") in Scope(Build: file:/Users/Jo/repos/play-silhouette-slick-seed/, , Project: ProjectReference(file:/Users/Jo/repos/play-silhouette-slick-seed/,root))),true,None)
Sending msg to client play-fork-run-28fb6863-176a-4dc2-919b-7834ad4215bf: TaskStarted(80,10310,Some(AttributeKey[scala.collection.Seq[scala.Tuple2[java.lang.String,java.io.File]]]("playAllAssets") in Scope(Build: file:/Users/Jo/repos/play-silhouette-slick-seed/, , Project: ProjectReference(file:/Users/Jo/repos/play-silhouette-slick-seed/,root))))
Sending msg to client play-fork-run-28fb6863-176a-4dc2-919b-7834ad4215bf: TaskFinished(80,10307,Some(AttributeKey[scala.collection.Seq[java.lang.String]]("javaOptions") in Scope(Global)),true,None)
Sending msg to client play-fork-run-28fb6863-176a-4dc2-919b-7834ad4215bf: TaskFinished(80,10306,Some(AttributeKey[scala.Option[java.lang.String]]("mainClass") in Scope(Build: file:/Users/Jo/repos/play-silhouette-slick-seed/, , Project: ProjectReference(file:/Users/Jo/repos/play-silhouette-slick-seed/,root), Config: compile, Task: AttributeKey[void]("run"))),true,None)
Sending msg to client play-fork-run-28fb6863-176a-4dc2-919b-7834ad4215bf: TaskFinished(80,10261,None,true,None)
Sending msg to client play-fork-run-28fb6863-176a-4dc2-919b-7834ad4215bf: TaskFinished(80,10279,None,true,None)
Sending msg to client play-fork-run-28fb6863-176a-4dc2-919b-7834ad4215bf: TaskFinished(80,10291,None,true,None)
Sending msg to client play-fork-run-28fb6863-176a-4dc2-919b-7834ad4215bf: TaskStarted(80,10290,Some(AttributeKey[scala.collection.immutable.Map[sbt.ModuleID,sbt.SourcePosition]]("dependencyPositions") in Scope(Build: file:/Users/Jo/repos/play-silhouette-slick-seed/, , Project: ProjectReference(file:/Users/Jo/repos/play-silhouette-slick-seed/,root))))
Sending msg to client play-fork-run-28fb6863-176a-4dc2-919b-7834ad4215bf: TaskFinished(80,10285,None,true,None)
Sending msg to client play-fork-run-28fb6863-176a-4dc2-919b-7834ad4215bf: TaskFinished(80,10294,None,true,None)
Sending msg to client play-fork-run-28fb6863-176a-4dc2-919b-7834ad4215bf: TaskFinished(80,10297,None,true,None)
Sending msg to client play-fork-run-28fb6863-176a-4dc2-919b-7834ad4215bf: TaskFinished(80,10288,None,true,None)
Sending msg to client play-fork-run-28fb6863-176a-4dc2-919b-7834ad4215bf: TaskFinished(80,10300,None,true,None)
Sending msg to client play-fork-run-28fb6863-176a-4dc2-919b-7834ad4215bf: TaskFinished(80,10266,Some(AttributeKey[sbt.BuildStructure]("buildStructure") in Scope(Global)),true,None)
Sending msg to client play-fork-run-28fb6863-176a-4dc2-919b-7834ad4215bf: TaskStarted(80,10265,Some(AttributeKey[sbt.Settings[sbt.Scope]]("settingsData") in Scope(Global)))
Sending msg to client play-fork-run-28fb6863-176a-4dc2-919b-7834ad4215bf: TaskFinished(80,10273,Some(AttributeKey[java.io.File]("dependencyCacheDirectory") in Scope(Build: file:/Users/Jo/repos/play-silhouette-slick-seed/, , Project: ProjectReference(file:/Users/Jo/repos/play-silhouette-slick-seed/,root))),true,None)
Sending msg to client play-fork-run-28fb6863-176a-4dc2-919b-7834ad4215bf: TaskFinished(80,10269,Some(AttributeKey[scala.collection.Seq[sbt.UpdateReport]]("transitiveUpdate") in Scope(Build: file:/Users/Jo/repos/play-silhouette-slick-seed/, , Project: ProjectReference(file:/Users/Jo/repos/play-silhouette-slick-seed/,root))),true,None)
Sending msg to client play-fork-run-28fb6863-176a-4dc2-919b-7834ad4215bf: TaskFinished(80,10310,Some(AttributeKey[scala.collection.Seq[scala.Tuple2[java.lang.String,java.io.File]]]("playAllAssets") in Scope(Build: file:/Users/Jo/repos/play-silhouette-slick-seed/, , Project: ProjectReference(file:/Users/Jo/repos/play-silhouette-slick-seed/,root))),true,None)
Sending msg to client play-fork-run-28fb6863-176a-4dc2-919b-7834ad4215bf: TaskFinished(80,10265,Some(AttributeKey[sbt.Settings[sbt.Scope]]("settingsData") in Scope(Global)),true,None)
Sending msg to client play-fork-run-28fb6863-176a-4dc2-919b-7834ad4215bf: TaskStarted(80,10264,None)
Sending msg to client play-fork-run-28fb6863-176a-4dc2-919b-7834ad4215bf: TaskStarted(80,10277,Some(AttributeKey[scala.collection.Seq[sbt.ModuleID]]("projectDependencies") in Scope(Build: file:/Users/Jo/repos/play-silhouette-slick-seed/, , Project: ProjectReference(file:/Users/Jo/repos/play-silhouette-slick-seed/,root))))
Sending msg to client play-fork-run-28fb6863-176a-4dc2-919b-7834ad4215bf: TaskStarted(80,10284,Some(AttributeKey[scala.collection.immutable.Map[org.apache.ivy.core.module.id.ModuleRevisionId,org.apache.ivy.core.module.descriptor.ModuleDescriptor]]("projectDescriptors") in Scope(Build: file:/Users/Jo/repos/play-silhouette-slick-seed/, , Project: ProjectReference(file:/Users/Jo/repos/play-silhouette-slick-seed/,root))))
Sending msg to client play-fork-run-28fb6863-176a-4dc2-919b-7834ad4215bf: TaskStarted(80,10298,None)
Sending msg to client play-fork-run-28fb6863-176a-4dc2-919b-7834ad4215bf: TaskStarted(80,10308,Some(AttributeKey[scala.collection.Seq[java.io.File]]("playMonitoredFiles") in Scope(Build: file:/Users/Jo/repos/play-silhouette-slick-seed/, , Project: ProjectReference(file:/Users/Jo/repos/play-silhouette-slick-seed/,root))))
Sending msg to client play-fork-run-28fb6863-176a-4dc2-919b-7834ad4215bf: TaskStarted(80,10312,None)
Sending msg to client play-fork-run-28fb6863-176a-4dc2-919b-7834ad4215bf: TaskFinished(80,10277,Some(AttributeKey[scala.collection.Seq[sbt.ModuleID]]("projectDependencies") in Scope(Build: file:/Users/Jo/repos/play-silhouette-slick-seed/, , Project: ProjectReference(file:/Users/Jo/repos/play-silhouette-slick-seed/,root))),true,None)
Sending msg to client play-fork-run-28fb6863-176a-4dc2-919b-7834ad4215bf: TaskStarted(80,10276,Some(AttributeKey[scala.collection.Seq[sbt.ModuleID]]("allDependencies") in Scope(Build: file:/Users/Jo/repos/play-silhouette-slick-seed/, , Project: ProjectReference(file:/Users/Jo/repos/play-silhouette-slick-seed/,root))))
Sending msg to client play-fork-run-28fb6863-176a-4dc2-919b-7834ad4215bf: TaskStarted(80,10314,None)
Sending msg to client play-fork-run-28fb6863-176a-4dc2-919b-7834ad4215bf: TaskStarted(80,10319,None)
Sending msg to client play-fork-run-28fb6863-176a-4dc2-919b-7834ad4215bf: TaskStarted(80,10320,None)
Sending msg to client play-fork-run-28fb6863-176a-4dc2-919b-7834ad4215bf: TaskStarted(80,10322,None)
Sending msg to client play-fork-run-28fb6863-176a-4dc2-919b-7834ad4215bf: TaskStarted(80,10324,None)
Sending msg to client play-fork-run-28fb6863-176a-4dc2-919b-7834ad4215bf: TaskStarted(80,10325,None)
Sending msg to client play-fork-run-28fb6863-176a-4dc2-919b-7834ad4215bf: TaskFinished(80,10312,None,true,None)
Sending msg to client play-fork-run-28fb6863-176a-4dc2-919b-7834ad4215bf: TaskFinished(80,10264,None,true,None)
Sending msg to client play-fork-run-28fb6863-176a-4dc2-919b-7834ad4215bf: TaskFinished(80,10276,Some(AttributeKey[scala.collection.Seq[sbt.ModuleID]]("allDependencies") in Scope(Build: file:/Users/Jo/repos/play-silhouette-slick-seed/, , Project: ProjectReference(file:/Users/Jo/repos/play-silhouette-slick-seed/,root))),true,None)
Sending msg to client play-fork-run-28fb6863-176a-4dc2-919b-7834ad4215bf: TaskStarted(80,10275,Some(AttributeKey[sbt.ModuleSettings]("moduleSettings") in Scope(Build: file:/Users/Jo/repos/play-silhouette-slick-seed/, , Project: ProjectReference(file:/Users/Jo/repos/play-silhouette-slick-seed/,root))))
Sending msg to client play-fork-run-28fb6863-176a-4dc2-919b-7834ad4215bf: TaskStarted(80,10326,None)
Sending msg to client play-fork-run-28fb6863-176a-4dc2-919b-7834ad4215bf: TaskFinished(80,10290,Some(AttributeKey[scala.collection.immutable.Map[sbt.ModuleID,sbt.SourcePosition]]("dependencyPositions") in Scope(Build: file:/Users/Jo/repos/play-silhouette-slick-seed/, , Project: ProjectReference(file:/Users/Jo/repos/play-silhouette-slick-seed/,root))),true,None)
Sending msg to client play-fork-run-28fb6863-176a-4dc2-919b-7834ad4215bf: TaskStarted(80,10289,Some(AttributeKey[sbt.UnresolvedWarningConfiguration]("unresolvedWarningConfiguration") in Scope(Build: file:/Users/Jo/repos/play-silhouette-slick-seed/, , Project: ProjectReference(file:/Users/Jo/repos/play-silhouette-slick-seed/,root), Task: AttributeKey[sbt.UpdateReport]("update"))))
Sending msg to client play-fork-run-28fb6863-176a-4dc2-919b-7834ad4215bf: TaskFinished(80,10314,None,true,None)
Sending msg to client play-fork-run-28fb6863-176a-4dc2-919b-7834ad4215bf: TaskStarted(80,10313,None)
Sending msg to client play-fork-run-28fb6863-176a-4dc2-919b-7834ad4215bf: TaskFinished(80,10319,None,true,None)
Sending msg to client play-fork-run-28fb6863-176a-4dc2-919b-7834ad4215bf: TaskFinished(80,10320,None,true,None)
Sending msg to client play-fork-run-28fb6863-176a-4dc2-919b-7834ad4215bf: TaskStarted(80,10318,Some(AttributeKey[scala.collection.Seq[sbt.Attributed[java.io.File]]]("unmanagedJars") in Scope(Build: file:/Users/Jo/repos/play-silhouette-slick-seed/, , Project: ProjectReference(file:/Users/Jo/repos/play-silhouette-slick-seed/,root), Config: compile)))
Sending msg to client play-fork-run-28fb6863-176a-4dc2-919b-7834ad4215bf: TaskFinished(80,10322,None,true,None)
Sending msg to client play-fork-run-28fb6863-176a-4dc2-919b-7834ad4215bf: TaskStarted(80,10321,None)
Sending msg to client play-fork-run-28fb6863-176a-4dc2-919b-7834ad4215bf: TaskFinished(80,10324,None,true,None)
Sending msg to client play-fork-run-28fb6863-176a-4dc2-919b-7834ad4215bf: TaskFinished(80,10325,None,true,None)
Sending msg to client play-fork-run-28fb6863-176a-4dc2-919b-7834ad4215bf: TaskStarted(80,10323,Some(AttributeKey[scala.collection.Seq[sbt.Attributed[java.io.File]]]("unmanagedJars") in Scope(Build: file:/Users/Jo/repos/play-silhouette-slick-seed/, , Project: ProjectReference(file:/Users/Jo/repos/play-silhouette-slick-seed/,root), Config: runtime)))
Sending msg to client play-fork-run-28fb6863-176a-4dc2-919b-7834ad4215bf: TaskFinished(80,10275,Some(AttributeKey[sbt.ModuleSettings]("moduleSettings") in Scope(Build: file:/Users/Jo/repos/play-silhouette-slick-seed/, , Project: ProjectReference(file:/Users/Jo/repos/play-silhouette-slick-seed/,root))),true,None)
Sending msg to client play-fork-run-28fb6863-176a-4dc2-919b-7834ad4215bf: TaskFinished(80,10289,Some(AttributeKey[sbt.UnresolvedWarningConfiguration]("unresolvedWarningConfiguration") in Scope(Build: file:/Users/Jo/repos/play-silhouette-slick-seed/, , Project: ProjectReference(file:/Users/Jo/repos/play-silhouette-slick-seed/,root), Task: AttributeKey[sbt.UpdateReport]("update"))),true,None)
Sending msg to client play-fork-run-28fb6863-176a-4dc2-919b-7834ad4215bf: TaskFinished(80,10313,None,true,None)
Sending msg to client play-fork-run-28fb6863-176a-4dc2-919b-7834ad4215bf: TaskFinished(80,10284,Some(AttributeKey[scala.collection.immutable.Map[org.apache.ivy.core.module.id.ModuleRevisionId,org.apache.ivy.core.module.descriptor.ModuleDescriptor]]("projectDescriptors") in Scope(Build: file:/Users/Jo/repos/play-silhouette-slick-seed/, , Project: ProjectReference(file:/Users/Jo/repos/play-silhouette-slick-seed/,root))),true,None)
Sending msg to client play-fork-run-28fb6863-176a-4dc2-919b-7834ad4215bf: TaskStarted(80,10283,Some(AttributeKey[sbt.Resolver]("projectResolver") in Scope(Build: file:/Users/Jo/repos/play-silhouette-slick-seed/, , Project: ProjectReference(file:/Users/Jo/repos/play-silhouette-slick-seed/,root))))
Sending msg to client play-fork-run-28fb6863-176a-4dc2-919b-7834ad4215bf: TaskFinished(80,10326,None,true,None)
Sending msg to client play-fork-run-28fb6863-176a-4dc2-919b-7834ad4215bf: TaskFinished(80,10308,Some(AttributeKey[scala.collection.Seq[java.io.File]]("playMonitoredFiles") in Scope(Build: file:/Users/Jo/repos/play-silhouette-slick-seed/, , Project: ProjectReference(file:/Users/Jo/repos/play-silhouette-slick-seed/,root))),true,None)
Sending msg to client play-fork-run-28fb6863-176a-4dc2-919b-7834ad4215bf: TaskFinished(80,10318,Some(AttributeKey[scala.collection.Seq[sbt.Attributed[java.io.File]]]("unmanagedJars") in Scope(Build: file:/Users/Jo/repos/play-silhouette-slick-seed/, , Project: ProjectReference(file:/Users/Jo/repos/play-silhouette-slick-seed/,root), Config: compile)),true,None)
Sending msg to client play-fork-run-28fb6863-176a-4dc2-919b-7834ad4215bf: TaskStarted(80,10327,None)
Sending msg to client play-fork-run-28fb6863-176a-4dc2-919b-7834ad4215bf: TaskFinished(80,10283,Some(AttributeKey[sbt.Resolver]("projectResolver") in Scope(Build: file:/Users/Jo/repos/play-silhouette-slick-seed/, , Project: ProjectReference(file:/Users/Jo/repos/play-silhouette-slick-seed/,root))),true,None)
Sending msg to client play-fork-run-28fb6863-176a-4dc2-919b-7834ad4215bf: TaskStarted(80,10282,Some(AttributeKey[scala.collection.Seq[sbt.Resolver]]("fullResolvers") in Scope(Build: file:/Users/Jo/repos/play-silhouette-slick-seed/, , Project: ProjectReference(file:/Users/Jo/repos/play-silhouette-slick-seed/,root))))
Sending msg to client play-fork-run-28fb6863-176a-4dc2-919b-7834ad4215bf: TaskFinished(80,10327,None,true,None)
Sending msg to client play-fork-run-28fb6863-176a-4dc2-919b-7834ad4215bf: TaskFinished(80,10321,None,true,None)
Sending msg to client play-fork-run-28fb6863-176a-4dc2-919b-7834ad4215bf: TaskStarted(80,10317,Some(AttributeKey[scala.collection.Seq[sbt.Attributed[java.io.File]]]("unmanagedJars") in Scope(Build: file:/Users/Jo/repos/play-silhouette-slick-seed/, , Project: ProjectReference(file:/Users/Jo/repos/play-silhouette-slick-seed/,root), Config: compile)))
Sending msg to client play-fork-run-28fb6863-176a-4dc2-919b-7834ad4215bf: TaskFinished(80,10282,Some(AttributeKey[scala.collection.Seq[sbt.Resolver]]("fullResolvers") in Scope(Build: file:/Users/Jo/repos/play-silhouette-slick-seed/, , Project: ProjectReference(file:/Users/Jo/repos/play-silhouette-slick-seed/,root))),true,None)
Sending msg to client play-fork-run-28fb6863-176a-4dc2-919b-7834ad4215bf: TaskStarted(80,10281,Some(AttributeKey[sbt.IvyConfiguration]("ivyConfiguration") in Scope(Build: file:/Users/Jo/repos/play-silhouette-slick-seed/, , Project: ProjectReference(file:/Users/Jo/repos/play-silhouette-slick-seed/,root))))
Sending msg to client play-fork-run-28fb6863-176a-4dc2-919b-7834ad4215bf: TaskFinished(80,10323,Some(AttributeKey[scala.collection.Seq[sbt.Attributed[java.io.File]]]("unmanagedJars") in Scope(Build: file:/Users/Jo/repos/play-silhouette-slick-seed/, , Project: ProjectReference(file:/Users/Jo/repos/play-silhouette-slick-seed/,root), Config: runtime)),true,None)
Sending msg to client play-fork-run-28fb6863-176a-4dc2-919b-7834ad4215bf: TaskFinished(80,10317,Some(AttributeKey[scala.collection.Seq[sbt.Attributed[java.io.File]]]("unmanagedJars") in Scope(Build: file:/Users/Jo/repos/play-silhouette-slick-seed/, , Project: ProjectReference(file:/Users/Jo/repos/play-silhouette-slick-seed/,root), Config: compile)),true,None)
Sending msg to client play-fork-run-28fb6863-176a-4dc2-919b-7834ad4215bf: TaskStarted(80,10316,None)
Sending msg to client play-fork-run-28fb6863-176a-4dc2-919b-7834ad4215bf: TaskFinished(80,10281,Some(AttributeKey[sbt.IvyConfiguration]("ivyConfiguration") in Scope(Build: file:/Users/Jo/repos/play-silhouette-slick-seed/, , Project: ProjectReference(file:/Users/Jo/repos/play-silhouette-slick-seed/,root))),true,None)
Sending msg to client play-fork-run-28fb6863-176a-4dc2-919b-7834ad4215bf: TaskStarted(80,10278,Some(AttributeKey[sbt.IvySbt]("ivySbt") in Scope(Build: file:/Users/Jo/repos/play-silhouette-slick-seed/, , Project: ProjectReference(file:/Users/Jo/repos/play-silhouette-slick-seed/,root))))
Sending msg to client play-fork-run-28fb6863-176a-4dc2-919b-7834ad4215bf: TaskFinished(80,10316,None,true,None)
Sending msg to client play-fork-run-28fb6863-176a-4dc2-919b-7834ad4215bf: TaskStarted(80,10315,None)
Sending msg to client play-fork-run-28fb6863-176a-4dc2-919b-7834ad4215bf: TaskFinished(80,10315,None,true,None)
Sending msg to client play-fork-run-28fb6863-176a-4dc2-919b-7834ad4215bf: TaskFinished(80,10298,None,true,None)
Sending msg to client play-fork-run-28fb6863-176a-4dc2-919b-7834ad4215bf: TaskStarted(80,10296,Some(AttributeKey[scala.collection.Seq[sbt.Attributed[java.io.File]]]("unmanagedClasspath") in Scope(Build: file:/Users/Jo/repos/play-silhouette-slick-seed/, , Project: ProjectReference(file:/Users/Jo/repos/play-silhouette-slick-seed/,root), Config: runtime)))
Sending msg to client play-fork-run-28fb6863-176a-4dc2-919b-7834ad4215bf: TaskFinished(80,10278,Some(AttributeKey[sbt.IvySbt]("ivySbt") in Scope(Build: file:/Users/Jo/repos/play-silhouette-slick-seed/, , Project: ProjectReference(file:/Users/Jo/repos/play-silhouette-slick-seed/,root))),true,None)
Sending msg to client play-fork-run-28fb6863-176a-4dc2-919b-7834ad4215bf: TaskStarted(80,10274,Some(AttributeKey[sbt.IvySbt$Module]("ivyModule") in Scope(Build: file:/Users/Jo/repos/play-silhouette-slick-seed/, , Project: ProjectReference(file:/Users/Jo/repos/play-silhouette-slick-seed/,root))))
Sending msg to client play-fork-run-28fb6863-176a-4dc2-919b-7834ad4215bf: TaskFinished(80,10296,Some(AttributeKey[scala.collection.Seq[sbt.Attributed[java.io.File]]]("unmanagedClasspath") in Scope(Build: file:/Users/Jo/repos/play-silhouette-slick-seed/, , Project: ProjectReference(file:/Users/Jo/repos/play-silhouette-slick-seed/,root), Config: runtime)),true,None)
Sending msg to client play-fork-run-28fb6863-176a-4dc2-919b-7834ad4215bf: TaskFinished(80,10274,Some(AttributeKey[sbt.IvySbt$Module]("ivyModule") in Scope(Build: file:/Users/Jo/repos/play-silhouette-slick-seed/, , Project: ProjectReference(file:/Users/Jo/repos/play-silhouette-slick-seed/,root))),true,None)
Sending msg to client play-fork-run-28fb6863-176a-4dc2-919b-7834ad4215bf: TaskStarted(80,10260,Some(AttributeKey[sbt.UpdateReport]("update") in Scope(Build: file:/Users/Jo/repos/play-silhouette-slick-seed/, , Project: ProjectReference(file:/Users/Jo/repos/play-silhouette-slick-seed/,root))))
Sending msg to client play-fork-run-28fb6863-176a-4dc2-919b-7834ad4215bf: TaskFinished(80,10260,Some(AttributeKey[sbt.UpdateReport]("update") in Scope(Build: file:/Users/Jo/repos/play-silhouette-slick-seed/, , Project: ProjectReference(file:/Users/Jo/repos/play-silhouette-slick-seed/,root))),true,None)
Sending msg to client play-fork-run-28fb6863-176a-4dc2-919b-7834ad4215bf: TaskStarted(80,10259,Some(AttributeKey[sbt.UpdateReport]("update") in Scope(Build: file:/Users/Jo/repos/play-silhouette-slick-seed/, , Project: ProjectReference(file:/Users/Jo/repos/play-silhouette-slick-seed/,root))))
Sending msg to client play-fork-run-28fb6863-176a-4dc2-919b-7834ad4215bf: TaskFinished(80,10259,Some(AttributeKey[sbt.UpdateReport]("update") in Scope(Build: file:/Users/Jo/repos/play-silhouette-slick-seed/, , Project: ProjectReference(file:/Users/Jo/repos/play-silhouette-slick-seed/,root))),true,None)
Sending msg to client play-fork-run-28fb6863-176a-4dc2-919b-7834ad4215bf: TaskStarted(80,10258,Some(AttributeKey[scala.collection.Seq[sbt.Attributed[java.io.File]]]("managedClasspath") in Scope(Build: file:/Users/Jo/repos/play-silhouette-slick-seed/, , Project: ProjectReference(file:/Users/Jo/repos/play-silhouette-slick-seed/,root), Config: docs)))
Sending msg to client play-fork-run-28fb6863-176a-4dc2-919b-7834ad4215bf: TaskStarted(80,10304,Some(AttributeKey[sbt.Configuration]("classpathConfiguration") in Scope(Build: file:/Users/Jo/repos/play-silhouette-slick-seed/, , Project: ProjectReference(file:/Users/Jo/repos/play-silhouette-slick-seed/,root), Config: compile)))
Sending msg to client play-fork-run-28fb6863-176a-4dc2-919b-7834ad4215bf: TaskFinished(80,10304,Some(AttributeKey[sbt.Configuration]("classpathConfiguration") in Scope(Build: file:/Users/Jo/repos/play-silhouette-slick-seed/, , Project: ProjectReference(file:/Users/Jo/repos/play-silhouette-slick-seed/,root), Config: compile)),true,None)
Sending msg to client play-fork-run-28fb6863-176a-4dc2-919b-7834ad4215bf: TaskStarted(80,10303,None)
Sending msg to client play-fork-run-28fb6863-176a-4dc2-919b-7834ad4215bf: TaskFinished(80,10303,None,true,None)
Sending msg to client play-fork-run-28fb6863-176a-4dc2-919b-7834ad4215bf: TaskStarted(80,10302,Some(AttributeKey[sbt.Configuration]("classpathConfiguration") in Scope(Build: file:/Users/Jo/repos/play-silhouette-slick-seed/, , Project: ProjectReference(file:/Users/Jo/repos/play-silhouette-slick-seed/,root), Config: runtime)))
Sending msg to client play-fork-run-28fb6863-176a-4dc2-919b-7834ad4215bf: TaskFinished(80,10302,Some(AttributeKey[sbt.Configuration]("classpathConfiguration") in Scope(Build: file:/Users/Jo/repos/play-silhouette-slick-seed/, , Project: ProjectReference(file:/Users/Jo/repos/play-silhouette-slick-seed/,root), Config: runtime)),true,None)
Sending msg to client play-fork-run-28fb6863-176a-4dc2-919b-7834ad4215bf: TaskStarted(80,10301,None)
Sending msg to client play-fork-run-28fb6863-176a-4dc2-919b-7834ad4215bf: TaskFinished(80,10258,Some(AttributeKey[scala.collection.Seq[sbt.Attributed[java.io.File]]]("managedClasspath") in Scope(Build: file:/Users/Jo/repos/play-silhouette-slick-seed/, , Project: ProjectReference(file:/Users/Jo/repos/play-silhouette-slick-seed/,root), Config: docs)),true,None)
Sending msg to client play-fork-run-28fb6863-176a-4dc2-919b-7834ad4215bf: TaskStarted(80,10257,Some(AttributeKey[scala.Option[java.io.File]]("playDocsJar") in Scope(Build: file:/Users/Jo/repos/play-silhouette-slick-seed/, , Project: ProjectReference(file:/Users/Jo/repos/play-silhouette-slick-seed/,root))))
Sending msg to client play-fork-run-28fb6863-176a-4dc2-919b-7834ad4215bf: TaskFinished(80,10257,Some(AttributeKey[scala.Option[java.io.File]]("playDocsJar") in Scope(Build: file:/Users/Jo/repos/play-silhouette-slick-seed/, , Project: ProjectReference(file:/Users/Jo/repos/play-silhouette-slick-seed/,root))),true,None)
Sending msg to client play-fork-run-28fb6863-176a-4dc2-919b-7834ad4215bf: TaskFinished(80,10301,None,true,None)
Sending msg to client play-fork-run-28fb6863-176a-4dc2-919b-7834ad4215bf: TaskStarted(80,10299,Some(AttributeKey[scala.collection.Seq[sbt.Attributed[java.io.File]]]("managedClasspath") in Scope(Build: file:/Users/Jo/repos/play-silhouette-slick-seed/, , Project: ProjectReference(file:/Users/Jo/repos/play-silhouette-slick-seed/,root), Config: runtime)))
Sending msg to client play-fork-run-28fb6863-176a-4dc2-919b-7834ad4215bf: TaskFinished(80,10299,Some(AttributeKey[scala.collection.Seq[sbt.Attributed[java.io.File]]]("managedClasspath") in Scope(Build: file:/Users/Jo/repos/play-silhouette-slick-seed/, , Project: ProjectReference(file:/Users/Jo/repos/play-silhouette-slick-seed/,root), Config: runtime)),true,None)
Sending msg to client play-fork-run-28fb6863-176a-4dc2-919b-7834ad4215bf: TaskStarted(80,10295,None)
Sending msg to client play-fork-run-28fb6863-176a-4dc2-919b-7834ad4215bf: TaskFinished(80,10295,None,true,None)
Sending msg to client play-fork-run-28fb6863-176a-4dc2-919b-7834ad4215bf: TaskStarted(80,10293,Some(AttributeKey[scala.collection.Seq[sbt.Attributed[java.io.File]]]("playDependencyClasspath") in Scope(Build: file:/Users/Jo/repos/play-silhouette-slick-seed/, , Project: ProjectReference(file:/Users/Jo/repos/play-silhouette-slick-seed/,root))))
Sending msg to client play-fork-run-28fb6863-176a-4dc2-919b-7834ad4215bf: TaskFinished(80,10293,Some(AttributeKey[scala.collection.Seq[sbt.Attributed[java.io.File]]]("playDependencyClasspath") in Scope(Build: file:/Users/Jo/repos/play-silhouette-slick-seed/, , Project: ProjectReference(file:/Users/Jo/repos/play-silhouette-slick-seed/,root))),true,None)
Sending msg to client play-fork-run-28fb6863-176a-4dc2-919b-7834ad4215bf: TaskStarted(80,10256,Some(AttributeKey[play.forkrun.protocol.ForkConfig]("playForkConfig") in Scope(Build: file:/Users/Jo/repos/play-silhouette-slick-seed/, , Project: ProjectReference(file:/Users/Jo/repos/play-silhouette-slick-seed/,root))))
Sending msg to client play-fork-run-28fb6863-176a-4dc2-919b-7834ad4215bf: TaskFinished(80,10256,Some(AttributeKey[play.forkrun.protocol.ForkConfig]("playForkConfig") in Scope(Build: file:/Users/Jo/repos/play-silhouette-slick-seed/, , Project: ProjectReference(file:/Users/Jo/repos/play-silhouette-slick-seed/,root))),true,None)
Sending msg to client play-fork-run-28fb6863-176a-4dc2-919b-7834ad4215bf: ValueChanged(AttributeKey[play.forkrun.protocol.ForkConfig]("playForkConfig") in Scope(Build: file:/Users/Jo/repos/play-silhouette-slick-seed/, , Project: ProjectReference(file:/Users/Jo/repos/play-silhouette-slick-seed/,root)),TaskSuccess(BuildValue(LazyValue(ForkConfig(/Users/Jo/repos/play-silhouette-slick-seed,List(),List(/Users/Jo/.ivy2/cache/org.scala-lang/scala-library/jars/scala-library-2.11.7.jar, /Users/Jo/lib/activator-dist-1.3.5/repository/com.typesafe.play/twirl-api_2.11/1.1.1/jars/twirl-api_2.11.jar, /Users/Jo/lib/activator-dist-1.3.5/repository/org.apache.commons/commons-lang3/3.4/jars/commons-lang3.jar, /Users/Jo/.ivy2/cache/org.scala-lang.modules/scala-xml_2.11/bundles/scala-xml_2.11-1.0.1.jar, /Users/Jo/.ivy2/cache/com.typesafe.play/play-server_2.11/jars/play-server_2.11-2.4.2.jar, /Users/Jo/.ivy2/cache/com.typesafe.play/play_2.11/jars/play_2.11-2.4.2.jar, /Users/Jo/.ivy2/cache/com.typesafe.play/build-link/jars/build-link-2.4.2.jar, /Users/Jo/.ivy2/cache/com.typesafe.play/play-exceptions/jars/play-exceptions-2.4.2.jar, /Users/Jo/lib/activator-dist-1.3.5/repository/org.javassist/javassist/3.19.0-GA/bundles/javassist.jar, /Users/Jo/.ivy2/cache/com.typesafe.play/play-iteratees_2.11/jars/play-iteratees_2.11-2.4.2.jar, /Users/Jo/.ivy2/cache/org.scala-stm/scala-stm_2.11/jars/scala-stm_2.11-0.7.jar, /Users/Jo/lib/activator-dist-1.3.5/repository/com.typesafe/config/1.3.0/bundles/config.jar, /Users/Jo/.ivy2/cache/com.typesafe.play/play-json_2.11/jars/play-json_2.11-2.4.2.jar, /Users/Jo/.ivy2/cache/com.typesafe.play/play-functional_2.11/jars/play-functional_2.11-2.4.2.jar, /Users/Jo/.ivy2/cache/com.typesafe.play/play-datacommons_2.11/jars/play-datacommons_2.11-2.4.2.jar, /Users/Jo/.ivy2/cache/joda-time/joda-time/jars/joda-time-2.8.1.jar, /Users/Jo/lib/activator-dist-1.3.5/repository/org.joda/joda-convert/1.7/jars/joda-convert.jar, /Users/Jo/.ivy2/cache/org.scala-lang/scala-reflect/jars/scala-reflect-2.11.6.jar, /Users/Jo/.ivy2/cache/com.fasterxml.jackson.core/jackson-core/bundles/jackson-core-2.5.4.jar, /Users/Jo/.ivy2/cache/com.fasterxml.jackson.core/jackson-annotations/bundles/jackson-annotations-2.5.4.jar, /Users/Jo/.ivy2/cache/com.fasterxml.jackson.core/jackson-databind/bundles/jackson-databind-2.5.4.jar, /Users/Jo/.ivy2/cache/com.fasterxml.jackson.datatype/jackson-datatype-jdk8/bundles/jackson-datatype-jdk8-2.5.4.jar, /Users/Jo/.ivy2/cache/com.fasterxml.jackson.datatype/jackson-datatype-jsr310/bundles/jackson-datatype-jsr310-2.5.4.jar, /Users/Jo/.ivy2/cache/com.typesafe.play/play-netty-utils/jars/play-netty-utils-2.4.2.jar, /Users/Jo/lib/activator-dist-1.3.5/repository/org.slf4j/slf4j-api/1.7.12/jars/slf4j-api.jar, /Users/Jo/lib/activator-dist-1.3.5/repository/org.slf4j/jul-to-slf4j/1.7.12/jars/jul-to-slf4j.jar, /Users/Jo/lib/activator-dist-1.3.5/repository/org.slf4j/jcl-over-slf4j/1.7.12/jars/jcl-over-slf4j.jar, /Users/Jo/.ivy2/cache/org.scala-lang.modules/scala-parser-combinators_2.11/bundles/scala-parser-combinators_2.11-1.0.1.jar, /Users/Jo/lib/activator-dist-1.3.5/repository/ch.qos.logback/logback-core/1.1.3/jars/logback-core.jar, /Users/Jo/lib/activator-dist-1.3.5/repository/ch.qos.logback/logback-classic/1.1.3/jars/logback-classic.jar, /Users/Jo/lib/activator-dist-1.3.5/repository/com.typesafe.akka/akka-actor_2.11/2.3.11/jars/akka-actor_2.11.jar, /Users/Jo/lib/activator-dist-1.3.5/repository/com.typesafe.akka/akka-slf4j_2.11/2.3.11/jars/akka-slf4j_2.11.jar, /Users/Jo/lib/activator-dist-1.3.5/repository/commons-codec/commons-codec/1.10/jars/commons-codec.jar, /Users/Jo/.ivy2/cache/xerces/xercesImpl/jars/xercesImpl-2.11.0.jar, /Users/Jo/.ivy2/cache/xml-apis/xml-apis/jars/xml-apis-1.4.01.jar, /Users/Jo/.ivy2/cache/javax.transaction/jta/jars/jta-1.1.jar, /Users/Jo/lib/activator-dist-1.3.5/repository/com.google.inject/guice/4.0/jars/guice.jar, /Users/Jo/.ivy2/cache/javax.inject/javax.inject/jars/javax.inject-1.jar, /Users/Jo/.ivy2/cache/aopalliance/aopalliance/jars/aopalliance-1.0.jar, /Users/Jo/lib/activator-dist-1.3.5/repository/com.google.inject.extensions/guice-assistedinject/4.0/jars/guice-assistedinject.jar, /Users/Jo/.ivy2/cache/com.typesafe.play/play-netty-server_2.11/jars/play-netty-server_2.11-2.4.2.jar, /Users/Jo/lib/activator-dist-1.3.5/repository/io.netty/netty/3.10.3.Final/bundles/netty.jar, /Users/Jo/lib/activator-dist-1.3.5/repository/com.typesafe.netty/netty-http-pipelining/1.1.4/jars/netty-http-pipelining.jar, /Users/Jo/.ivy2/cache/org.webjars/webjars-play_2.11/jars/webjars-play_2.11-2.4.0.jar, /Users/Jo/.ivy2/cache/org.webjars/requirejs/jars/requirejs-2.1.15.jar, /Users/Jo/.ivy2/cache/org.webjars/webjars-locator/jars/webjars-locator-0.23.jar, /Users/Jo/.ivy2/cache/org.webjars/webjars-locator-core/jars/webjars-locator-core-0.22.jar, /Users/Jo/.ivy2/cache/net.codingwell/scala-guice_2.11/jars/scala-guice_2.11-4.0.0.jar, /Users/Jo/.ivy2/cache/com.google.inject.extensions/guice-multibindings/jars/guice-multibindings-4.0.jar, /Users/Jo/.ivy2/cache/net.ceedubs/ficus_2.11/jars/ficus_2.11-1.1.2.jar, /Users/Jo/.ivy2/cache/com.adrianhurt/play-bootstrap3_2.11/jars/play-bootstrap3_2.11-0.4.4-P24.jar, /Users/Jo/.ivy2/cache/org.webjars/jquery/jars/jquery-2.1.4.jar, /Users/Jo/.ivy2/cache/org.webjars/bootstrap/jars/bootstrap-3.3.4.jar, /Users/Jo/.ivy2/cache/com.mohiva/play-silhouette_2.11/jars/play-silhouette_2.11-3.0.0.jar, /Users/Jo/.ivy2/cache/com.typesafe.play/play-cache_2.11/jars/play-cache_2.11-2.4.2.jar, /Users/Jo/lib/activator-dist-1.3.5/repository/net.sf.ehcache/ehcache-core/2.6.11/jars/ehcache-core.jar, /Users/Jo/.ivy2/cache/com.typesafe.play/play-ws_2.11/jars/play-ws_2.11-2.4.2.jar, /Users/Jo/lib/activator-dist-1.3.5/repository/com.google.guava/guava/18.0/bundles/guava.jar, /Users/Jo/lib/activator-dist-1.3.5/repository/com.ning/async-http-client/1.9.21/jars/async-http-client.jar, /Users/Jo/.ivy2/cache/oauth.signpost/signpost-core/jars/signpost-core-1.2.1.2.jar, /Users/Jo/.ivy2/cache/oauth.signpost/signpost-commonshttp4/jars/signpost-commonshttp4-1.2.1.2.jar, /Users/Jo/.ivy2/cache/org.apache.httpcomponents/httpcore/jars/httpcore-4.0.1.jar, /Users/Jo/.ivy2/cache/org.apache.httpcomponents/httpclient/jars/httpclient-4.0.1.jar, /Users/Jo/.ivy2/cache/commons-logging/commons-logging/jars/commons-logging-1.1.1.jar, /Users/Jo/.ivy2/cache/org.mindrot/jbcrypt/jars/jbcrypt-0.3m.jar, /Users/Jo/.ivy2/cache/com.atlassian.jwt/jwt-core/jars/jwt-core-1.2.4.jar, /Users/Jo/.ivy2/cache/com.nimbusds/nimbus-jose-jwt/jars/nimbus-jose-jwt-2.16.jar, /Users/Jo/.ivy2/cache/net.jcip/jcip-annotations/jars/jcip-annotations-1.0.jar, /Users/Jo/.ivy2/cache/net.minidev/json-smart/jars/json-smart-1.1.1.jar, /Users/Jo/.ivy2/cache/javax.mail/mail/jars/mail-1.4.7.jar, /Users/Jo/.ivy2/cache/javax.activation/activation/jars/activation-1.1.jar, /Users/Jo/.ivy2/cache/org.bouncycastle/bcprov-jdk15on/jars/bcprov-jdk15on-1.51.jar, /Users/Jo/.ivy2/cache/com.atlassian.jwt/jwt-api/jars/jwt-api-1.2.4.jar, /Users/Jo/.ivy2/cache/com.google.code.findbugs/jsr305/jars/jsr305-2.0.1.jar, /Users/Jo/.ivy2/cache/com.typesafe.play/play-slick_2.11/jars/play-slick_2.11-1.0.0.jar, /Users/Jo/.ivy2/cache/com.typesafe.slick/slick_2.11/bundles/slick_2.11-3.0.0.jar, /Users/Jo/.ivy2/cache/org.reactivestreams/reactive-streams/jars/reactive-streams-1.0.0.jar, /Users/Jo/lib/activator-dist-1.3.5/repository/com.zaxxer/HikariCP/2.3.7/bundles/HikariCP.jar, /Users/Jo/.ivy2/cache/com.typesafe.play/play-slick-evolutions_2.11/jars/play-slick-evolutions_2.11-1.0.0.jar, /Users/Jo/.ivy2/cache/com.typesafe.play/play-jdbc-evolutions_2.11/jars/play-jdbc-evolutions_2.11-2.4.2.jar, /Users/Jo/.ivy2/cache/com.typesafe.play/play-jdbc-api_2.11/jars/play-jdbc-api_2.11-2.4.2.jar, /Users/Jo/.ivy2/cache/org.postgresql/postgresql/jars/postgresql-9.4-1201-jdbc4.jar, /Users/Jo/.ivy2/cache/com.typesafe.play/filters-helpers_2.11/jars/filters-helpers_2.11-2.4.2.jar),List((public/,/Users/Jo/repos/play-silhouette-slick-seed/target/web/public/main)),List(/Users/Jo/.ivy2/cache/com.typesafe.play/play-omnidoc_2.11/jars/play-omnidoc_2.11-2.4.2.jar, /Users/Jo/.ivy2/cache/org.scala-lang/scala-library/jars/scala-library-2.11.6.jar, /Users/Jo/.ivy2/cache/com.typesafe.play/play-docs_2.11/jars/play-docs_2.11-2.4.2.jar, /Users/Jo/.ivy2/cache/com.typesafe.play/play-netty-server_2.11/jars/play-netty-server_2.11-2.4.2.jar, /Users/Jo/.ivy2/cache/com.typesafe.play/play-server_2.11/jars/play-server_2.11-2.4.2.jar, /Users/Jo/.ivy2/cache/com.typesafe.play/play_2.11/jars/play_2.11-2.4.2.jar, /Users/Jo/.ivy2/cache/com.typesafe.play/build-link/jars/build-link-2.4.2.jar, /Users/Jo/.ivy2/cache/com.typesafe.play/play-exceptions/jars/play-exceptions-2.4.2.jar, /Users/Jo/lib/activator-dist-1.3.5/repository/org.javassist/javassist/3.19.0-GA/bundles/javassist.jar, /Users/Jo/.ivy2/cache/com.typesafe.play/play-iteratees_2.11/jars/play-iteratees_2.11-2.4.2.jar, /Users/Jo/.ivy2/cache/org.scala-stm/scala-stm_2.11/jars/scala-stm_2.11-0.7.jar, /Users/Jo/lib/activator-dist-1.3.5/repository/com.typesafe/config/1.3.0/bundles/config.jar, /Users/Jo/.ivy2/cache/com.typesafe.play/play-json_2.11/jars/play-json_2.11-2.4.2.jar, /Users/Jo/.ivy2/cache/com.typesafe.play/play-functional_2.11/jars/play-functional_2.11-2.4.2.jar, /Users/Jo/.ivy2/cache/com.typesafe.play/play-datacommons_2.11/jars/play-datacommons_2.11-2.4.2.jar, /Users/Jo/.ivy2/cache/joda-time/joda-time/jars/joda-time-2.8.1.jar, /Users/Jo/lib/activator-dist-1.3.5/repository/org.joda/joda-convert/1.7/jars/joda-convert.jar, /Users/Jo/.ivy2/cache/org.scala-lang/scala-reflect/jars/scala-reflect-2.11.6.jar, /Users/Jo/.ivy2/cache/com.fasterxml.jackson.core/jackson-core/bundles/jackson-core-2.5.4.jar, /Users/Jo/.ivy2/cache/com.fasterxml.jackson.core/jackson-annotations/bundles/jackson-annotations-2.5.4.jar, /Users/Jo/.ivy2/cache/com.fasterxml.jackson.core/jackson-databind/bundles/jackson-databind-2.5.4.jar, /Users/Jo/.ivy2/cache/com.fasterxml.jackson.datatype/jackson-datatype-jdk8/bundles/jackson-datatype-jdk8-2.5.4.jar, /Users/Jo/.ivy2/cache/com.fasterxml.jackson.datatype/jackson-datatype-jsr310/bundles/jackson-datatype-jsr310-2.5.4.jar, /Users/Jo/.ivy2/cache/com.typesafe.play/play-netty-utils/jars/play-netty-utils-2.4.2.jar, /Users/Jo/lib/activator-dist-1.3.5/repository/org.slf4j/slf4j-api/1.7.12/jars/slf4j-api.jar, /Users/Jo/lib/activator-dist-1.3.5/repository/org.slf4j/jul-to-slf4j/1.7.12/jars/jul-to-slf4j.jar, /Users/Jo/lib/activator-dist-1.3.5/repository/org.slf4j/jcl-over-slf4j/1.7.12/jars/jcl-over-slf4j.jar, /Users/Jo/lib/activator-dist-1.3.5/repository/com.typesafe.play/twirl-api_2.11/1.1.1/jars/twirl-api_2.11.jar, /Users/Jo/lib/activator-dist-1.3.5/repository/org.apache.commons/commons-lang3/3.4/jars/commons-lang3.jar, /Users/Jo/.ivy2/cache/org.scala-lang.modules/scala-xml_2.11/bundles/scala-xml_2.11-1.0.1.jar, /Users/Jo/.ivy2/cache/org.scala-lang.modules/scala-parser-combinators_2.11/bundles/scala-parser-combinators_2.11-1.0.1.jar, /Users/Jo/lib/activator-dist-1.3.5/repository/ch.qos.logback/logback-core/1.1.3/jars/logback-core.jar, /Users/Jo/lib/activator-dist-1.3.5/repository/ch.qos.logback/logback-classic/1.1.3/jars/logback-classic.jar, /Users/Jo/lib/activator-dist-1.3.5/repository/com.typesafe.akka/akka-actor_2.11/2.3.11/jars/akka-actor_2.11.jar, /Users/Jo/lib/activator-dist-1.3.5/repository/com.typesafe.akka/akka-slf4j_2.11/2.3.11/jars/akka-slf4j_2.11.jar, /Users/Jo/lib/activator-dist-1.3.5/repository/commons-codec/commons-codec/1.10/jars/commons-codec.jar, /Users/Jo/.ivy2/cache/xerces/xercesImpl/jars/xercesImpl-2.11.0.jar, /Users/Jo/.ivy2/cache/xml-apis/xml-apis/jars/xml-apis-1.4.01.jar, /Users/Jo/.ivy2/cache/javax.transaction/jta/jars/jta-1.1.jar, /Users/Jo/lib/activator-dist-1.3.5/repository/com.google.inject/guice/4.0/jars/guice.jar, /Users/Jo/.ivy2/cache/javax.inject/javax.inject/jars/javax.inject-1.jar, /Users/Jo/.ivy2/cache/aopalliance/aopalliance/jars/aopalliance-1.0.jar, /Users/Jo/.ivy2/cache/com.google.guava/guava/bundles/guava-16.0.1.jar, /Users/Jo/lib/activator-dist-1.3.5/repository/com.google.inject.extensions/guice-assistedinject/4.0/jars/guice-assistedinject.jar, /Users/Jo/lib/activator-dist-1.3.5/repository/io.netty/netty/3.10.3.Final/bundles/netty.jar, /Users/Jo/lib/activator-dist-1.3.5/repository/com.typesafe.netty/netty-http-pipelining/1.1.4/jars/netty-http-pipelining.jar, /Users/Jo/lib/activator-dist-1.3.5/repository/com.typesafe.play/play-doc_2.11/1.2.2/jars/play-doc_2.11.jar, /Users/Jo/.ivy2/cache/org.pegdown/pegdown/jars/pegdown-1.4.0.jar, /Users/Jo/.ivy2/cache/org.parboiled/parboiled-java/bundles/parboiled-java-1.1.5.jar, /Users/Jo/.ivy2/cache/org.parboiled/parboiled-core/bundles/parboiled-core-1.1.5.jar, /Users/Jo/.ivy2/cache/org.ow2.asm/asm/jars/asm-4.1.jar, /Users/Jo/.ivy2/cache/org.ow2.asm/asm-tree/jars/asm-tree-4.1.jar, /Users/Jo/.ivy2/cache/org.ow2.asm/asm-analysis/jars/asm-analysis-4.1.jar, /Users/Jo/.ivy2/cache/org.ow2.asm/asm-util/jars/asm-util-4.1.jar, /Users/Jo/.ivy2/cache/commons-io/commons-io/jars/commons-io-2.4.jar),Some(/Users/Jo/.ivy2/cache/com.typesafe.play/play-omnidoc_2.11/jars/play-omnidoc_2.11-2.4.2.jar),List(),9000,0.0.0.0,DefaultWatchService,List(/Users/Jo/repos/play-silhouette-slick-seed/public, /Users/Jo/repos/play-silhouette-slick-seed/conf, /Users/Jo/repos/play-silhouette-slick-seed/app),/Users/Jo/repos/play-silhouette-slick-seed/target,500,root/playForkNotifyStart,root/playForkReload,300000,play.core.server.DevServerStart),scala.pickling.PicklerUnpickler$DelegatingPicklerUnpickler@3df4acb3),ForkConfig(/Users/Jo/repos/play-silhouette-slick-seed,List(),List(/Users/Jo/.ivy2/cache/org.scala-lang/scala-library/jars/scala-library-2.11.7.jar, /Users/Jo/lib/activator-dist-1.3.5/repository/com.typesafe.play/twirl-api_2.11/1.1.1/jars/twirl-api_2.11.jar, /Users/Jo/lib/activator-dist-1.3.5/repository/org.apache.commons/commons-lang3/3.4/jars/commons-lang3.jar, /Users/Jo/.ivy2/cache/org.scala-lang.modules/scala-xml_2.11/bundles/scala-xml_2.11-1.0.1.jar, /Users/Jo/.ivy2/cache/com.typesafe.play/play-server_2.11/jars/play-server_2.11-2.4.2.jar, /Users/Jo/.ivy2/cache/com.typesafe.play/play_2.11/jars/play_2.11-2.4.2.jar, /Users/Jo/.ivy2/cache/com.typesafe.play/build-link/jars/build-link-2.4.2.jar, /Users/Jo/.ivy2/cache/com.typesafe.play/play-exceptions/jars/play-exceptions-2.4.2.jar, /Users/Jo/lib/activator-dist-1.3.5/repository/org.javassist/javassist/3.19.0-GA/bundles/javassist.jar, /Users/Jo/.ivy2/cache/com.typesafe.play/play-iteratees_2.11/jars/play-iteratees_2.11-2.4.2.jar, /Users/Jo/.ivy2/cache/org.scala-stm/scala-stm_2.11/jars/scala-stm_2.11-0.7.jar, /Users/Jo/lib/activator-dist-1.3.5/repository/com.typesafe/config/1.3.0/bundles/config.jar, /Users/Jo/.ivy2/cache/com.typesafe.play/play-json_2.11/jars/play-json_2.11-2.4.2.jar, /Users/Jo/.ivy2/cache/com.typesafe.play/play-functional_2.11/jars/play-functional_2.11-2.4.2.jar, /Users/Jo/.ivy2/cache/com.typesafe.play/play-datacommons_2.11/jars/play-datacommons_2.11-2.4.2.jar, /Users/Jo/.ivy2/cache/joda-time/joda-time/jars/joda-time-2.8.1.jar, /Users/Jo/lib/activator-dist-1.3.5/repository/org.joda/joda-convert/1.7/jars/joda-convert.jar, /Users/Jo/.ivy2/cache/org.scala-lang/scala-reflect/jars/scala-reflect-2.11.6.jar, /Users/Jo/.ivy2/cache/com.fasterxml.jackson.core/jackson-core/bundles/jackson-core-2.5.4.jar, /Users/Jo/.ivy2/cache/com.fasterxml.jackson.core/jackson-annotations/bundles/jackson-annotations-2.5.4.jar, /Users/Jo/.ivy2/cache/com.fasterxml.jackson.core/jackson-databind/bundles/jackson-databind-2.5.4.jar, /Users/Jo/.ivy2/cache/com.fasterxml.jackson.datatype/jackson-datatype-jdk8/bundles/jackson-datatype-jdk8-2.5.4.jar, /Users/Jo/.ivy2/cache/com.fasterxml.jackson.datatype/jackson-datatype-jsr310/bundles/jackson-datatype-jsr310-2.5.4.jar, /Users/Jo/.ivy2/cache/com.typesafe.play/play-netty-utils/jars/play-netty-utils-2.4.2.jar, /Users/Jo/lib/activator-dist-1.3.5/repository/org.slf4j/slf4j-api/1.7.12/jars/slf4j-api.jar, /Users/Jo/lib/activator-dist-1.3.5/repository/org.slf4j/jul-to-slf4j/1.7.12/jars/jul-to-slf4j.jar, /Users/Jo/lib/activator-dist-1.3.5/repository/org.slf4j/jcl-over-slf4j/1.7.12/jars/jcl-over-slf4j.jar, /Users/Jo/.ivy2/cache/org.scala-lang.modules/scala-parser-combinators_2.11/bundles/scala-parser-combinators_2.11-1.0.1.jar, /Users/Jo/lib/activator-dist-1.3.5/repository/ch.qos.logback/logback-core/1.1.3/jars/logback-core.jar, /Users/Jo/lib/activator-dist-1.3.5/repository/ch.qos.logback/logback-classic/1.1.3/jars/logback-classic.jar, /Users/Jo/lib/activator-dist-1.3.5/repository/com.typesafe.akka/akka-actor_2.11/2.3.11/jars/akka-actor_2.11.jar, /Users/Jo/lib/activator-dist-1.3.5/repository/com.typesafe.akka/akka-slf4j_2.11/2.3.11/jars/akka-slf4j_2.11.jar, /Users/Jo/lib/activator-dist-1.3.5/repository/commons-codec/commons-codec/1.10/jars/commons-codec.jar, /Users/Jo/.ivy2/cache/xerces/xercesImpl/jars/xercesImpl-2.11.0.jar, /Users/Jo/.ivy2/cache/xml-apis/xml-apis/jars/xml-apis-1.4.01.jar, /Users/Jo/.ivy2/cache/javax.transaction/jta/jars/jta-1.1.jar, /Users/Jo/lib/activator-dist-1.3.5/repository/com.google.inject/guice/4.0/jars/guice.jar, /Users/Jo/.ivy2/cache/javax.inject/javax.inject/jars/javax.inject-1.jar, /Users/Jo/.ivy2/cache/aopalliance/aopalliance/jars/aopalliance-1.0.jar, /Users/Jo/lib/activator-dist-1.3.5/repository/com.google.inject.extensions/guice-assistedinject/4.0/jars/guice-assistedinject.jar, /Users/Jo/.ivy2/cache/com.typesafe.play/play-netty-server_2.11/jars/play-netty-server_2.11-2.4.2.jar, /Users/Jo/lib/activator-dist-1.3.5/repository/io.netty/netty/3.10.3.Final/bundles/netty.jar, /Users/Jo/lib/activator-dist-1.3.5/repository/com.typesafe.netty/netty-http-pipelining/1.1.4/jars/netty-http-pipelining.jar, /Users/Jo/.ivy2/cache/org.webjars/webjars-play_2.11/jars/webjars-play_2.11-2.4.0.jar, /Users/Jo/.ivy2/cache/org.webjars/requirejs/jars/requirejs-2.1.15.jar, /Users/Jo/.ivy2/cache/org.webjars/webjars-locator/jars/webjars-locator-0.23.jar, /Users/Jo/.ivy2/cache/org.webjars/webjars-locator-core/jars/webjars-locator-core-0.22.jar, /Users/Jo/.ivy2/cache/net.codingwell/scala-guice_2.11/jars/scala-guice_2.11-4.0.0.jar, /Users/Jo/.ivy2/cache/com.google.inject.extensions/guice-multibindings/jars/guice-multibindings-4.0.jar, /Users/Jo/.ivy2/cache/net.ceedubs/ficus_2.11/jars/ficus_2.11-1.1.2.jar, /Users/Jo/.ivy2/cache/com.adrianhurt/play-bootstrap3_2.11/jars/play-bootstrap3_2.11-0.4.4-P24.jar, /Users/Jo/.ivy2/cache/org.webjars/jquery/jars/jquery-2.1.4.jar, /Users/Jo/.ivy2/cache/org.webjars/bootstrap/jars/bootstrap-3.3.4.jar, /Users/Jo/.ivy2/cache/com.mohiva/play-silhouette_2.11/jars/play-silhouette_2.11-3.0.0.jar, /Users/Jo/.ivy2/cache/com.typesafe.play/play-cache_2.11/jars/play-cache_2.11-2.4.2.jar, /Users/Jo/lib/activator-dist-1.3.5/repository/net.sf.ehcache/ehcache-core/2.6.11/jars/ehcache-core.jar, /Users/Jo/.ivy2/cache/com.typesafe.play/play-ws_2.11/jars/play-ws_2.11-2.4.2.jar, /Users/Jo/lib/activator-dist-1.3.5/repository/com.google.guava/guava/18.0/bundles/guava.jar, /Users/Jo/lib/activator-dist-1.3.5/repository/com.ning/async-http-client/1.9.21/jars/async-http-client.jar, /Users/Jo/.ivy2/cache/oauth.signpost/signpost-core/jars/signpost-core-1.2.1.2.jar, /Users/Jo/.ivy2/cache/oauth.signpost/signpost-commonshttp4/jars/signpost-commonshttp4-1.2.1.2.jar, /Users/Jo/.ivy2/cache/org.apache.httpcomponents/httpcore/jars/httpcore-4.0.1.jar, /Users/Jo/.ivy2/cache/org.apache.httpcomponents/httpclient/jars/httpclient-4.0.1.jar, /Users/Jo/.ivy2/cache/commons-logging/commons-logging/jars/commons-logging-1.1.1.jar, /Users/Jo/.ivy2/cache/org.mindrot/jbcrypt/jars/jbcrypt-0.3m.jar, /Users/Jo/.ivy2/cache/com.atlassian.jwt/jwt-core/jars/jwt-core-1.2.4.jar, /Users/Jo/.ivy2/cache/com.nimbusds/nimbus-jose-jwt/jars/nimbus-jose-jwt-2.16.jar, /Users/Jo/.ivy2/cache/net.jcip/jcip-annotations/jars/jcip-annotations-1.0.jar, /Users/Jo/.ivy2/cache/net.minidev/json-smart/jars/json-smart-1.1.1.jar, /Users/Jo/.ivy2/cache/javax.mail/mail/jars/mail-1.4.7.jar, /Users/Jo/.ivy2/cache/javax.activation/activation/jars/activation-1.1.jar, /Users/Jo/.ivy2/cache/org.bouncycastle/bcprov-jdk15on/jars/bcprov-jdk15on-1.51.jar, /Users/Jo/.ivy2/cache/com.atlassian.jwt/jwt-api/jars/jwt-api-1.2.4.jar, /Users/Jo/.ivy2/cache/com.google.code.findbugs/jsr305/jars/jsr305-2.0.1.jar, /Users/Jo/.ivy2/cache/com.typesafe.play/play-slick_2.11/jars/play-slick_2.11-1.0.0.jar, /Users/Jo/.ivy2/cache/com.typesafe.slick/slick_2.11/bundles/slick_2.11-3.0.0.jar, /Users/Jo/.ivy2/cache/org.reactivestreams/reactive-streams/jars/reactive-streams-1.0.0.jar, /Users/Jo/lib/activator-dist-1.3.5/repository/com.zaxxer/HikariCP/2.3.7/bundles/HikariCP.jar, /Users/Jo/.ivy2/cache/com.typesafe.play/play-slick-evolutions_2.11/jars/play-slick-evolutions_2.11-1.0.0.jar, /Users/Jo/.ivy2/cache/com.typesafe.play/play-jdbc-evolutions_2.11/jars/play-jdbc-evolutions_2.11-2.4.2.jar, /Users/Jo/.ivy2/cache/com.typesafe.play/play-jdbc-api_2.11/jars/play-jdbc-api_2.11-2.4.2.jar, /Users/Jo/.ivy2/cache/org.postgresql/postgresql/jars/postgresql-9.4-1201-jdbc4.jar, /Users/Jo/.ivy2/cache/com.typesafe.play/filters-helpers_2.11/jars/filters-helpers_2.11-2.4.2.jar),List((public/,/Users/Jo/repos/play-silhouette-slick-seed/target/web/public/main)),List(/Users/Jo/.ivy2/cache/com.typesafe.play/play-omnidoc_2.11/jars/play-omnidoc_2.11-2.4.2.jar, /Users/Jo/.ivy2/cache/org.scala-lang/scala-library/jars/scala-library-2.11.6.jar, /Users/Jo/.ivy2/cache/com.typesafe.play/play-docs_2.11/jars/play-docs_2.11-2.4.2.jar, /Users/Jo/.ivy2/cache/com.typesafe.play/play-netty-server_2.11/jars/play-netty-server_2.11-2.4.2.jar, /Users/Jo/.ivy2/cache/com.typesafe.play/play-server_2.11/jars/play-server_2.11-2.4.2.jar, /Users/Jo/.ivy2/cache/com.typesafe.play/play_2.11/jars/play_2.11-2.4.2.jar, /Users/Jo/.ivy2/cache/com.typesafe.play/build-link/jars/build-link-2.4.2.jar, /Users/Jo/.ivy2/cache/com.typesafe.play/play-exceptions/jars/play-exceptions-2.4.2.jar, /Users/Jo/lib/activator-dist-1.3.5/repository/org.javassist/javassist/3.19.0-GA/bundles/javassist.jar, /Users/Jo/.ivy2/cache/com.typesafe.play/play-iteratees_2.11/jars/play-iteratees_2.11-2.4.2.jar, /Users/Jo/.ivy2/cache/org.scala-stm/scala-stm_2.11/jars/scala-stm_2.11-0.7.jar, /Users/Jo/lib/activator-dist-1.3.5/repository/com.typesafe/config/1.3.0/bundles/config.jar, /Users/Jo/.ivy2/cache/com.typesafe.play/play-json_2.11/jars/play-json_2.11-2.4.2.jar, /Users/Jo/.ivy2/cache/com.typesafe.play/play-functional_2.11/jars/play-functional_2.11-2.4.2.jar, /Users/Jo/.ivy2/cache/com.typesafe.play/play-datacommons_2.11/jars/play-datacommons_2.11-2.4.2.jar, /Users/Jo/.ivy2/cache/joda-time/joda-time/jars/joda-time-2.8.1.jar, /Users/Jo/lib/activator-dist-1.3.5/repository/org.joda/joda-convert/1.7/jars/joda-convert.jar, /Users/Jo/.ivy2/cache/org.scala-lang/scala-reflect/jars/scala-reflect-2.11.6.jar, /Users/Jo/.ivy2/cache/com.fasterxml.jackson.core/jackson-core/bundles/jackson-core-2.5.4.jar, /Users/Jo/.ivy2/cache/com.fasterxml.jackson.core/jackson-annotations/bundles/jackson-annotations-2.5.4.jar, /Users/Jo/.ivy2/cache/com.fasterxml.jackson.core/jackson-databind/bundles/jackson-databind-2.5.4.jar, /Users/Jo/.ivy2/cache/com.fasterxml.jackson.datatype/jackson-datatype-jdk8/bundles/jackson-datatype-jdk8-2.5.4.jar, /Users/Jo/.ivy2/cache/com.fasterxml.jackson.datatype/jackson-datatype-jsr310/bundles/jackson-datatype-jsr310-2.5.4.jar, /Users/Jo/.ivy2/cache/com.typesafe.play/play-netty-utils/jars/play-netty-utils-2.4.2.jar, /Users/Jo/lib/activator-dist-1.3.5/repository/org.slf4j/slf4j-api/1.7.12/jars/slf4j-api.jar, /Users/Jo/lib/activator-dist-1.3.5/repository/org.slf4j/jul-to-slf4j/1.7.12/jars/jul-to-slf4j.jar, /Users/Jo/lib/activator-dist-1.3.5/repository/org.slf4j/jcl-over-slf4j/1.7.12/jars/jcl-over-slf4j.jar, /Users/Jo/lib/activator-dist-1.3.5/repository/com.typesafe.play/twirl-api_2.11/1.1.1/jars/twirl-api_2.11.jar, /Users/Jo/lib/activator-dist-1.3.5/repository/org.apache.commons/commons-lang3/3.4/jars/commons-lang3.jar, /Users/Jo/.ivy2/cache/org.scala-lang.modules/scala-xml_2.11/bundles/scala-xml_2.11-1.0.1.jar, /Users/Jo/.ivy2/cache/org.scala-lang.modules/scala-parser-combinators_2.11/bundles/scala-parser-combinators_2.11-1.0.1.jar, /Users/Jo/lib/activator-dist-1.3.5/repository/ch.qos.logback/logback-core/1.1.3/jars/logback-core.jar, /Users/Jo/lib/activator-dist-1.3.5/repository/ch.qos.logback/logback-classic/1.1.3/jars/logback-classic.jar, /Users/Jo/lib/activator-dist-1.3.5/repository/com.typesafe.akka/akka-actor_2.11/2.3.11/jars/akka-actor_2.11.jar, /Users/Jo/lib/activator-dist-1.3.5/repository/com.typesafe.akka/akka-slf4j_2.11/2.3.11/jars/akka-slf4j_2.11.jar, /Users/Jo/lib/activator-dist-1.3.5/repository/commons-codec/commons-codec/1.10/jars/commons-codec.jar, /Users/Jo/.ivy2/cache/xerces/xercesImpl/jars/xercesImpl-2.11.0.jar, /Users/Jo/.ivy2/cache/xml-apis/xml-apis/jars/xml-apis-1.4.01.jar, /Users/Jo/.ivy2/cache/javax.transaction/jta/jars/jta-1.1.jar, /Users/Jo/lib/activator-dist-1.3.5/repository/com.google.inject/guice/4.0/jars/guice.jar, /Users/Jo/.ivy2/cache/javax.inject/javax.inject/jars/javax.inject-1.jar, /Users/Jo/.ivy2/cache/aopalliance/aopalliance/jars/aopalliance-1.0.jar, /Users/Jo/.ivy2/cache/com.google.guava/guava/bundles/guava-16.0.1.jar, /Users/Jo/lib/activator-dist-1.3.5/repository/com.google.inject.extensions/guice-assistedinject/4.0/jars/guice-assistedinject.jar, /Users/Jo/lib/activator-dist-1.3.5/repository/io.netty/netty/3.10.3.Final/bundles/netty.jar, /Users/Jo/lib/activator-dist-1.3.5/repository/com.typesafe.netty/netty-http-pipelining/1.1.4/jars/netty-http-pipelining.jar, /Users/Jo/lib/activator-dist-1.3.5/repository/com.typesafe.play/play-doc_2.11/1.2.2/jars/play-doc_2.11.jar, /Users/Jo/.ivy2/cache/org.pegdown/pegdown/jars/pegdown-1.4.0.jar, /Users/Jo/.ivy2/cache/org.parboiled/parboiled-java/bundles/parboiled-java-1.1.5.jar, /Users/Jo/.ivy2/cache/org.parboiled/parboiled-core/bundles/parboiled-core-1.1.5.jar, /Users/Jo/.ivy2/cache/org.ow2.asm/asm/jars/asm-4.1.jar, /Users/Jo/.ivy2/cache/org.ow2.asm/asm-tree/jars/asm-tree-4.1.jar, /Users/Jo/.ivy2/cache/org.ow2.asm/asm-analysis/jars/asm-analysis-4.1.jar, /Users/Jo/.ivy2/cache/org.ow2.asm/asm-util/jars/asm-util-4.1.jar, /Users/Jo/.ivy2/cache/commons-io/commons-io/jars/commons-io-2.4.jar),Some(/Users/Jo/.ivy2/cache/com.typesafe.play/play-omnidoc_2.11/jars/play-omnidoc_2.11-2.4.2.jar),List(),9000,0.0.0.0,DefaultWatchService,List(/Users/Jo/repos/play-silhouette-slick-seed/public, /Users/Jo/repos/play-silhouette-slick-seed/conf, /Users/Jo/repos/play-silhouette-slick-seed/app),/Users/Jo/repos/play-silhouette-slick-seed/target,500,root/playForkNotifyStart,root/playForkReload,300000,play.core.server.DevServerStart))))
Sending msg to client play-fork-run-28fb6863-176a-4dc2-919b-7834ad4215bf: TaskStarted(80,10255,None)
Sending msg to client play-fork-run-28fb6863-176a-4dc2-919b-7834ad4215bf: TaskFinished(80,10255,None,true,None)
Sending msg to client play-fork-run-28fb6863-176a-4dc2-919b-7834ad4215bf: TaskStarted(80,10254,None)
Sending msg to client play-fork-run-28fb6863-176a-4dc2-919b-7834ad4215bf: TaskFinished(80,10254,None,true,None)
Sending msg to client play-fork-run-28fb6863-176a-4dc2-919b-7834ad4215bf: DetachedLogEvent(LogMessage(debug,cancel strategy finish enabled=false lastCommand=Some(LastCommand(CommandExecutionWork(ExecutionId(80),{file:/Users/Jo/repos/play-silhouette-slick-seed/}root/*:playForkConfig,Set(LiveClient(play-fork-run 28fb6863-176a-4dc2-919b-7834ad4215bf)),sbt.server.WorkCancellationStatus$$anon$1@676d50bd)))))
Sending msg to client play-fork-run-28fb6863-176a-4dc2-919b-7834ad4215bf: DetachedLogEvent(LogSuccess(Total time: 0 s, completed 23-Aug-2015 16:35:54))
Sending msg to client play-fork-run-28fb6863-176a-4dc2-919b-7834ad4215bf: DetachedLogEvent(LogMessage(debug,> server-post-command-cleanup))
Sending msg to client play-fork-run-28fb6863-176a-4dc2-919b-7834ad4215bf: ExecutionSuccess(80)
Sending msg to client play-fork-run-28fb6863-176a-4dc2-919b-7834ad4215bf: DetachedLogEvent(LogMessage(debug,> server-handle-next-server-request))
Sending msg to client play-fork-run-28fb6863-176a-4dc2-919b-7834ad4215bf: BackgroundJobLogEvent(5,LogMessage(info,))
Sending msg to client play-fork-run-28fb6863-176a-4dc2-919b-7834ad4215bf: BackgroundJobLogEvent(5,LogMessage(info,[35m--- (Running the application, auto-reloading is enabled) ---[0m))
Sending msg to client play-fork-run-28fb6863-176a-4dc2-919b-7834ad4215bf: BackgroundJobLogEvent(5,LogMessage(info,))
Sending msg to client play-fork-run-28fb6863-176a-4dc2-919b-7834ad4215bf: BackgroundJobLogEvent(5,LogMessage(info,p.a.l.c.ActorSystemProvider - Starting application default Akka system: application))
Sending msg to client play-fork-run-28fb6863-176a-4dc2-919b-7834ad4215bf: BackgroundJobLogEvent(5,LogMessage(error,Play fork run has failed due to:))
Sending msg to client play-fork-run-28fb6863-176a-4dc2-919b-7834ad4215bf: BackgroundJobLogEvent(5,LogMessage(error,java.lang.reflect.InvocationTargetException))
Sending msg to client play-fork-run-28fb6863-176a-4dc2-919b-7834ad4215bf: BackgroundJobLogEvent(5,LogMessage(error,	at sun.reflect.NativeMethodAccessorImpl.invoke0(Native Method)))
Sending msg to client play-fork-run-28fb6863-176a-4dc2-919b-7834ad4215bf: BackgroundJobLogEvent(5,LogMessage(error,	at sun.reflect.NativeMethodAccessorImpl.invoke(NativeMethodAccessorImpl.java:62)))
Sending msg to client play-fork-run-28fb6863-176a-4dc2-919b-7834ad4215bf: BackgroundJobLogEvent(5,LogMessage(error,	at sun.reflect.DelegatingMethodAccessorImpl.invoke(DelegatingMethodAccessorImpl.java:43)))
Sending msg to client play-fork-run-28fb6863-176a-4dc2-919b-7834ad4215bf: BackgroundJobLogEvent(5,LogMessage(error,	at java.lang.reflect.Method.invoke(Method.java:483)))
Sending msg to client play-fork-run-28fb6863-176a-4dc2-919b-7834ad4215bf: BackgroundJobLogEvent(5,LogMessage(error,	at play.runsupport.Reloader$.startDevMode(Reloader.scala:207)))
Sending msg to client play-fork-run-28fb6863-176a-4dc2-919b-7834ad4215bf: BackgroundJobLogEvent(5,LogMessage(error,	at play.forkrun.ForkRun$.startServer(ForkRun.scala:82)))
Sending msg to client play-fork-run-28fb6863-176a-4dc2-919b-7834ad4215bf: BackgroundJobLogEvent(5,LogMessage(error,	at play.forkrun.ForkRun.run(ForkRun.scala:177)))
Sending msg to client play-fork-run-28fb6863-176a-4dc2-919b-7834ad4215bf: BackgroundJobLogEvent(5,LogMessage(error,	at play.forkrun.ForkRun$$anonfun$settingUp$1.applyOrElse(ForkRun.scala:166)))
Sending msg to client play-fork-run-28fb6863-176a-4dc2-919b-7834ad4215bf: BackgroundJobLogEvent(5,LogMessage(error,	at akka.actor.Actor$class.aroundReceive(Actor.scala:465)))
Sending msg to client play-fork-run-28fb6863-176a-4dc2-919b-7834ad4215bf: BackgroundJobLogEvent(5,LogMessage(error,	at play.forkrun.ForkRun.aroundReceive(ForkRun.scala:152)))
Sending msg to client play-fork-run-28fb6863-176a-4dc2-919b-7834ad4215bf: BackgroundJobLogEvent(5,LogMessage(error,	at akka.actor.ActorCell.receiveMessage(ActorCell.scala:516)))
Sending msg to client play-fork-run-28fb6863-176a-4dc2-919b-7834ad4215bf: BackgroundJobLogEvent(5,LogMessage(error,	at akka.actor.ActorCell.invoke(ActorCell.scala:487)))
Sending msg to client play-fork-run-28fb6863-176a-4dc2-919b-7834ad4215bf: BackgroundJobLogEvent(5,LogMessage(error,	at akka.dispatch.Mailbox.processMailbox(Mailbox.scala:254)))
Sending msg to client play-fork-run-28fb6863-176a-4dc2-919b-7834ad4215bf: BackgroundJobLogEvent(5,LogMessage(error,	at akka.dispatch.Mailbox.run(Mailbox.scala:221)))
Sending msg to client play-fork-run-28fb6863-176a-4dc2-919b-7834ad4215bf: BackgroundJobLogEvent(5,LogMessage(error,	at akka.dispatch.Mailbox.exec(Mailbox.scala:231)))
Sending msg to client play-fork-run-28fb6863-176a-4dc2-919b-7834ad4215bf: BackgroundJobLogEvent(5,LogMessage(error,	at scala.concurrent.forkjoin.ForkJoinTask.doExec(ForkJoinTask.java:260)))
Sending msg to client play-fork-run-28fb6863-176a-4dc2-919b-7834ad4215bf: BackgroundJobLogEvent(5,LogMessage(error,	at scala.concurrent.forkjoin.ForkJoinPool$WorkQueue.runTask(ForkJoinPool.java:1339)))
Sending msg to client play-fork-run-28fb6863-176a-4dc2-919b-7834ad4215bf: BackgroundJobLogEvent(5,LogMessage(error,	at scala.concurrent.forkjoin.ForkJoinPool.runWorker(ForkJoinPool.java:1979)))
Sending msg to client play-fork-run-28fb6863-176a-4dc2-919b-7834ad4215bf: BackgroundJobLogEvent(5,LogMessage(error,	at scala.concurrent.forkjoin.ForkJoinWorkerThread.run(ForkJoinWorkerThread.java:107)))
Sending msg to client play-fork-run-28fb6863-176a-4dc2-919b-7834ad4215bf: BackgroundJobLogEvent(5,LogMessage(error,Caused by: org.jboss.netty.channel.ChannelException: Failed to bind to: /0.0.0.0:9000))
Sending msg to client play-fork-run-28fb6863-176a-4dc2-919b-7834ad4215bf: BackgroundJobLogEvent(5,LogMessage(error,	at org.jboss.netty.bootstrap.ServerBootstrap.bind(ServerBootstrap.java:272)))
Sending msg to client play-fork-run-28fb6863-176a-4dc2-919b-7834ad4215bf: BackgroundJobLogEvent(5,LogMessage(error,	at play.core.server.NettyServer$$anonfun$1.apply(NettyServer.scala:132)))
Sending msg to client play-fork-run-28fb6863-176a-4dc2-919b-7834ad4215bf: BackgroundJobLogEvent(5,LogMessage(error,	at play.core.server.NettyServer$$anonfun$1.apply(NettyServer.scala:129)))
Sending msg to client play-fork-run-28fb6863-176a-4dc2-919b-7834ad4215bf: BackgroundJobLogEvent(5,LogMessage(error,	at scala.Option.map(Option.scala:146)))
Sending msg to client play-fork-run-28fb6863-176a-4dc2-919b-7834ad4215bf: BackgroundJobLogEvent(5,LogMessage(error,	at play.core.server.NettyServer.<init>(NettyServer.scala:129)))
Sending msg to client play-fork-run-28fb6863-176a-4dc2-919b-7834ad4215bf: BackgroundJobLogEvent(5,LogMessage(error,	at play.core.server.NettyServerProvider.createServer(NettyServer.scala:200)))
Sending msg to client play-fork-run-28fb6863-176a-4dc2-919b-7834ad4215bf: BackgroundJobLogEvent(5,LogMessage(error,	at play.core.server.NettyServerProvider.createServer(NettyServer.scala:199)))
Sending msg to client play-fork-run-28fb6863-176a-4dc2-919b-7834ad4215bf: BackgroundJobLogEvent(5,LogMessage(error,	at play.core.server.DevServerStart$$anonfun$mainDev$1.apply(DevServerStart.scala:208)))
Sending msg to client play-fork-run-28fb6863-176a-4dc2-919b-7834ad4215bf: BackgroundJobLogEvent(5,LogMessage(error,	at play.core.server.DevServerStart$$anonfun$mainDev$1.apply(DevServerStart.scala:61)))
Sending msg to client play-fork-run-28fb6863-176a-4dc2-919b-7834ad4215bf: BackgroundJobLogEvent(5,LogMessage(error,	at play.utils.Threads$.withContextClassLoader(Threads.scala:21)))
Sending msg to client play-fork-run-28fb6863-176a-4dc2-919b-7834ad4215bf: BackgroundJobLogEvent(5,LogMessage(error,	at play.core.server.DevServerStart$.mainDev(DevServerStart.scala:60)))
Sending msg to client play-fork-run-28fb6863-176a-4dc2-919b-7834ad4215bf: BackgroundJobLogEvent(5,LogMessage(error,	at play.core.server.DevServerStart$.mainDevHttpMode(DevServerStart.scala:50)))
Sending msg to client play-fork-run-28fb6863-176a-4dc2-919b-7834ad4215bf: BackgroundJobLogEvent(5,LogMessage(error,	at play.core.server.DevServerStart.mainDevHttpMode(DevServerStart.scala)))
Sending msg to client play-fork-run-28fb6863-176a-4dc2-919b-7834ad4215bf: BackgroundJobLogEvent(5,LogMessage(error,	... 19 more))
Sending msg to client play-fork-run-28fb6863-176a-4dc2-919b-7834ad4215bf: BackgroundJobLogEvent(5,LogMessage(error,Caused by: java.net.BindException: Address already in use))
Sending msg to client play-fork-run-28fb6863-176a-4dc2-919b-7834ad4215bf: BackgroundJobLogEvent(5,LogMessage(error,	at sun.nio.ch.Net.bind0(Native Method)))
Sending msg to client play-fork-run-28fb6863-176a-4dc2-919b-7834ad4215bf: BackgroundJobLogEvent(5,LogMessage(error,	at sun.nio.ch.Net.bind(Net.java:414)))
Sending msg to client play-fork-run-28fb6863-176a-4dc2-919b-7834ad4215bf: BackgroundJobLogEvent(5,LogMessage(error,	at sun.nio.ch.Net.bind(Net.java:406)))
Sending msg to client play-fork-run-28fb6863-176a-4dc2-919b-7834ad4215bf: BackgroundJobLogEvent(5,LogMessage(error,	at sun.nio.ch.ServerSocketChannelImpl.bind(ServerSocketChannelImpl.java:214)))
Sending msg to client play-fork-run-28fb6863-176a-4dc2-919b-7834ad4215bf: BackgroundJobLogEvent(5,LogMessage(error,	at sun.nio.ch.ServerSocketAdaptor.bind(ServerSocketAdaptor.java:74)))
Sending msg to client play-fork-run-28fb6863-176a-4dc2-919b-7834ad4215bf: BackgroundJobLogEvent(5,LogMessage(error,	at org.jboss.netty.channel.socket.nio.NioServerBoss$RegisterTask.run(NioServerBoss.java:193)))
Sending msg to client play-fork-run-28fb6863-176a-4dc2-919b-7834ad4215bf: BackgroundJobLogEvent(5,LogMessage(error,	at org.jboss.netty.channel.socket.nio.AbstractNioSelector.processTaskQueue(AbstractNioSelector.java:391)))
Sending msg to client play-fork-run-28fb6863-176a-4dc2-919b-7834ad4215bf: BackgroundJobLogEvent(5,LogMessage(error,	at org.jboss.netty.channel.socket.nio.AbstractNioSelector.run(AbstractNioSelector.java:315)))
Sending msg to client play-fork-run-28fb6863-176a-4dc2-919b-7834ad4215bf: BackgroundJobLogEvent(5,LogMessage(error,	at org.jboss.netty.channel.socket.nio.NioServerBoss.run(NioServerBoss.java:42)))
Sending msg to client play-fork-run-28fb6863-176a-4dc2-919b-7834ad4215bf: BackgroundJobLogEvent(5,LogMessage(error,	at org.jboss.netty.util.ThreadRenamingRunnable.run(ThreadRenamingRunnable.java:108)))
Sending msg to client play-fork-run-28fb6863-176a-4dc2-919b-7834ad4215bf: BackgroundJobLogEvent(5,LogMessage(error,	at org.jboss.netty.util.internal.DeadLockProofWorker$1.run(DeadLockProofWorker.java:42)))
Sending msg to client play-fork-run-28fb6863-176a-4dc2-919b-7834ad4215bf: BackgroundJobLogEvent(5,LogMessage(error,	at java.util.concurrent.ThreadPoolExecutor.runWorker(ThreadPoolExecutor.java:1142)))
Sending msg to client play-fork-run-28fb6863-176a-4dc2-919b-7834ad4215bf: BackgroundJobLogEvent(5,LogMessage(error,	at java.util.concurrent.ThreadPoolExecutor$Worker.run(ThreadPoolExecutor.java:617)))
Sending msg to client play-fork-run-28fb6863-176a-4dc2-919b-7834ad4215bf: BackgroundJobLogEvent(5,LogMessage(error,	at java.lang.Thread.run(Thread.java:745)))
Sending msg to client play-fork-run-28fb6863-176a-4dc2-919b-7834ad4215bf: BackgroundJobLogEvent(5,LogMessage(info,Stopping Play fork run ...))
Got request: UnlistenToEvents()
Reading next message from client.
Sending msg to client play-fork-run-28fb6863-176a-4dc2-919b-7834ad4215bf: (8,ReceivedResponse())
Got request: UnlistenToValue(AttributeKey[play.forkrun.protocol.ForkConfig]("playForkConfig") in Scope(Build: file:/Users/Jo/repos/play-silhouette-slick-seed/, , Project: ProjectReference(file:/Users/Jo/repos/play-silhouette-slick-seed/,root)))
Reading next message from client.
Client play-fork-run-28fb6863-176a-4dc2-919b-7834ad4215bf EOF, shutting down.
Stopping client.
Client play-fork-run-28fb6863-176a-4dc2-919b-7834ad4215bf thread exiting.
Dropping message (9,ReceivedResponse()) to dead client play-fork-run-28fb6863-176a-4dc2-919b-7834ad4215bf
Dropping message (0,ReceivedResponse()) to dead client play-fork-run-28fb6863-176a-4dc2-919b-7834ad4215bf
